=====================================
添加日期为:2020/11/13 9:20:50
日志内容为:找不到存储过程 'up_SelProQulity'。
=====================================
=====================================
添加日期为:2020/11/13 9:21:50
日志内容为:找不到存储过程 'up_SelProQulity'。
=====================================
=====================================
添加日期为:2020/11/13 9:22:50
日志内容为:找不到存储过程 'up_SelProQulity'。
=====================================
=====================================
添加日期为:2020/11/13 9:23:50
日志内容为:找不到存储过程 'up_SelProQulity'。
=====================================
=====================================
添加日期为:2020/11/13 9:24:50
日志内容为:找不到存储过程 'up_SelProQulity'。
=====================================
=====================================
添加日期为:2020/11/13 9:25:50
日志内容为:找不到存储过程 'up_SelProQulity'。
=====================================
=====================================
添加日期为:2020/11/13 9:26:50
日志内容为:找不到存储过程 'up_SelProQulity'。
=====================================
=====================================
添加日期为:2020/11/13 9:27:50
日志内容为:找不到存储过程 'up_SelProQulity'。
=====================================
=====================================
添加日期为:2020/11/13 9:28:50
日志内容为:找不到存储过程 'up_SelProQulity'。
=====================================
=====================================
添加日期为:2020/11/13 9:29:50
日志内容为:找不到存储过程 'up_SelProQulity'。
=====================================
=====================================
添加日期为:2020/11/13 9:30:50
日志内容为:找不到存储过程 'up_SelProQulity'。
=====================================
=====================================
添加日期为:2020/11/13 9:31:50
日志内容为:找不到存储过程 'up_SelProQulity'。
=====================================
=====================================
添加日期为:2020/11/13 9:32:50
日志内容为:找不到存储过程 'up_SelProQulity'。
=====================================
=====================================
添加日期为:2020/11/13 9:33:50
日志内容为:找不到存储过程 'up_SelProQulity'。
=====================================
=====================================
添加日期为:2020/11/13 9:34:50
日志内容为:找不到存储过程 'up_SelProQulity'。
=====================================
=====================================
添加日期为:2020/11/13 9:35:50
日志内容为:找不到存储过程 'up_SelProQulity'。
=====================================
=====================================
添加日期为:2020/11/13 9:36:50
日志内容为:找不到存储过程 'up_SelProQulity'。
=====================================
=====================================
添加日期为:2020/11/13 9:37:50
日志内容为:找不到存储过程 'up_SelProQulity'。
=====================================
=====================================
添加日期为:2020/11/13 9:38:50
日志内容为:找不到存储过程 'up_SelProQulity'。
=====================================
=====================================
添加日期为:2020/11/13 9:39:50
日志内容为:找不到存储过程 'up_SelProQulity'。
=====================================
=====================================
添加日期为:2020/11/13 9:40:50
日志内容为:找不到存储过程 'up_SelProQulity'。
=====================================
=====================================
添加日期为:2020/11/13 9:41:50
日志内容为:找不到存储过程 'up_SelProQulity'。
=====================================
=====================================
添加日期为:2020/11/13 9:42:50
日志内容为:找不到存储过程 'up_SelProQulity'。
=====================================
=====================================
添加日期为:2020/11/13 9:43:50
日志内容为:找不到存储过程 'up_SelProQulity'。
=====================================
=====================================
添加日期为:2020/11/13 9:44:50
日志内容为:找不到存储过程 'up_SelProQulity'。
=====================================
=====================================
添加日期为:2020/11/13 9:45:50
日志内容为:找不到存储过程 'up_SelProQulity'。
=====================================
=====================================
添加日期为:2020/11/13 9:46:50
日志内容为:找不到存储过程 'up_SelProQulity'。
=====================================
=====================================
添加日期为:2020/11/13 9:47:50
日志内容为:找不到存储过程 'up_SelProQulity'。
=====================================
=====================================
添加日期为:2020/11/13 9:48:50
日志内容为:找不到存储过程 'up_SelProQulity'。
=====================================
=====================================
添加日期为:2020/11/13 9:49:50
日志内容为:找不到存储过程 'up_SelProQulity'。
=====================================
=====================================
添加日期为:2020/11/13 9:50:50
日志内容为:找不到存储过程 'up_SelProQulity'。
=====================================
=====================================
添加日期为:2020/11/13 9:51:50
日志内容为:找不到存储过程 'up_SelProQulity'。
=====================================
=====================================
添加日期为:2020/11/13 9:52:50
日志内容为:找不到存储过程 'up_SelProQulity'。
=====================================
=====================================
添加日期为:2020/11/13 9:53:50
日志内容为:找不到存储过程 'up_SelProQulity'。
=====================================
=====================================
添加日期为:2020/11/13 9:54:50
日志内容为:找不到存储过程 'up_SelProQulity'。
=====================================
=====================================
添加日期为:2020/11/13 9:55:50
日志内容为:找不到存储过程 'up_SelProQulity'。
=====================================
=====================================
添加日期为:2020/11/13 9:56:50
日志内容为:找不到存储过程 'up_SelProQulity'。
=====================================
=====================================
添加日期为:2020/11/13 9:57:50
日志内容为:找不到存储过程 'up_SelProQulity'。
=====================================
=====================================
添加日期为:2020/11/13 9:58:50
日志内容为:找不到存储过程 'up_SelProQulity'。
=====================================
=====================================
添加日期为:2020/11/13 9:59:50
日志内容为:找不到存储过程 'up_SelProQulity'。
=====================================
=====================================
添加日期为:2020/11/13 10:00:50
日志内容为:找不到存储过程 'up_SelProQulity'。
=====================================
=====================================
添加日期为:2020/11/13 10:01:50
日志内容为:找不到存储过程 'up_SelProQulity'。
=====================================
=====================================
添加日期为:2020/11/13 10:02:50
日志内容为:找不到存储过程 'up_SelProQulity'。
=====================================
=====================================
添加日期为:2020/11/13 10:03:50
日志内容为:找不到存储过程 'up_SelProQulity'。
=====================================
=====================================
添加日期为:2020/11/13 10:04:50
日志内容为:找不到存储过程 'up_SelProQulity'。
=====================================
=====================================
添加日期为:2020/11/13 10:05:50
日志内容为:找不到存储过程 'up_SelProQulity'。
=====================================
=====================================
添加日期为:2020/11/13 10:06:59
日志内容为:找不到存储过程 'up_SelProQulity'。
=====================================
=====================================
添加日期为:2020/11/13 10:07:59
日志内容为:找不到存储过程 'up_SelProQulity'。
=====================================
=====================================
添加日期为:2020/11/13 10:08:59
日志内容为:找不到存储过程 'up_SelProQulity'。
=====================================
=====================================
添加日期为:2020/11/13 10:09:59
日志内容为:找不到存储过程 'up_SelProQulity'。
=====================================
=====================================
添加日期为:2020/11/13 10:10:59
日志内容为:找不到存储过程 'up_SelProQulity'。
=====================================
=====================================
添加日期为:2020/11/13 10:11:59
日志内容为:找不到存储过程 'up_SelProQulity'。
=====================================
=====================================
添加日期为:2020/11/13 10:12:59
日志内容为:找不到存储过程 'up_SelProQulity'。
=====================================
=====================================
添加日期为:2020/11/13 10:13:59
日志内容为:找不到存储过程 'up_SelProQulity'。
=====================================
=====================================
添加日期为:2020/11/13 10:14:59
日志内容为:找不到存储过程 'up_SelProQulity'。
=====================================
=====================================
添加日期为:2020/11/13 10:15:59
日志内容为:找不到存储过程 'up_SelProQulity'。
=====================================
=====================================
添加日期为:2020/11/13 10:16:59
日志内容为:找不到存储过程 'up_SelProQulity'。
=====================================
=====================================
添加日期为:2020/11/13 10:17:59
日志内容为:找不到存储过程 'up_SelProQulity'。
=====================================
=====================================
添加日期为:2020/11/13 10:18:59
日志内容为:找不到存储过程 'up_SelProQulity'。
=====================================
=====================================
添加日期为:2020/11/13 10:19:59
日志内容为:找不到存储过程 'up_SelProQulity'。
=====================================
=====================================
添加日期为:2020/11/13 10:20:59
日志内容为:找不到存储过程 'up_SelProQulity'。
=====================================
=====================================
添加日期为:2020/11/13 10:21:59
日志内容为:找不到存储过程 'up_SelProQulity'。
=====================================
=====================================
添加日期为:2020/11/13 10:22:59
日志内容为:找不到存储过程 'up_SelProQulity'。
=====================================
=====================================
添加日期为:2020/11/13 10:23:59
日志内容为:找不到存储过程 'up_SelProQulity'。
=====================================
=====================================
添加日期为:2020/11/13 10:24:59
日志内容为:找不到存储过程 'up_SelProQulity'。
=====================================
=====================================
添加日期为:2020/11/13 10:25:59
日志内容为:找不到存储过程 'up_SelProQulity'。
=====================================
=====================================
添加日期为:2020/11/13 10:26:59
日志内容为:找不到存储过程 'up_SelProQulity'。
=====================================
=====================================
添加日期为:2020/11/13 10:27:59
日志内容为:找不到存储过程 'up_SelProQulity'。
=====================================
=====================================
添加日期为:2020/11/13 10:28:59
日志内容为:找不到存储过程 'up_SelProQulity'。
=====================================
=====================================
添加日期为:2020/11/13 10:29:59
日志内容为:找不到存储过程 'up_SelProQulity'。
=====================================
=====================================
添加日期为:2020/11/13 10:30:59
日志内容为:找不到存储过程 'up_SelProQulity'。
=====================================
=====================================
添加日期为:2020/11/13 10:31:59
日志内容为:找不到存储过程 'up_SelProQulity'。
=====================================
=====================================
添加日期为:2020/11/13 10:32:59
日志内容为:找不到存储过程 'up_SelProQulity'。
=====================================
=====================================
添加日期为:2020/11/13 10:33:59
日志内容为:找不到存储过程 'up_SelProQulity'。
=====================================
=====================================
添加日期为:2020/11/13 10:34:59
日志内容为:找不到存储过程 'up_SelProQulity'。
=====================================
=====================================
添加日期为:2020/11/13 10:35:59
日志内容为:找不到存储过程 'up_SelProQulity'。
=====================================
=====================================
添加日期为:2020/11/13 10:36:59
日志内容为:找不到存储过程 'up_SelProQulity'。
=====================================
=====================================
添加日期为:2020/11/13 10:37:59
日志内容为:找不到存储过程 'up_SelProQulity'。
=====================================
=====================================
添加日期为:2020/11/13 10:38:59
日志内容为:找不到存储过程 'up_SelProQulity'。
=====================================
=====================================
添加日期为:2020/11/13 10:39:59
日志内容为:找不到存储过程 'up_SelProQulity'。
=====================================
=====================================
添加日期为:2020/11/13 10:40:59
日志内容为:找不到存储过程 'up_SelProQulity'。
=====================================
=====================================
添加日期为:2020/11/13 10:41:59
日志内容为:找不到存储过程 'up_SelProQulity'。
=====================================
=====================================
添加日期为:2020/11/13 10:42:59
日志内容为:找不到存储过程 'up_SelProQulity'。
=====================================
=====================================
添加日期为:2020/11/13 10:43:59
日志内容为:找不到存储过程 'up_SelProQulity'。
=====================================
=====================================
添加日期为:2020/11/13 10:44:59
日志内容为:找不到存储过程 'up_SelProQulity'。
=====================================
=====================================
添加日期为:2020/11/13 10:45:59
日志内容为:找不到存储过程 'up_SelProQulity'。
=====================================
=====================================
添加日期为:2020/11/13 10:46:59
日志内容为:找不到存储过程 'up_SelProQulity'。
=====================================
=====================================
添加日期为:2020/11/13 10:47:59
日志内容为:找不到存储过程 'up_SelProQulity'。
=====================================
=====================================
添加日期为:2020/11/13 10:48:59
日志内容为:找不到存储过程 'up_SelProQulity'。
=====================================
=====================================
添加日期为:2020/11/13 10:49:59
日志内容为:找不到存储过程 'up_SelProQulity'。
=====================================
=====================================
添加日期为:2020/11/13 10:50:59
日志内容为:找不到存储过程 'up_SelProQulity'。
=====================================
=====================================
添加日期为:2020/11/13 10:51:59
日志内容为:找不到存储过程 'up_SelProQulity'。
=====================================
=====================================
添加日期为:2020/11/13 10:52:59
日志内容为:找不到存储过程 'up_SelProQulity'。
=====================================
=====================================
添加日期为:2020/11/13 10:53:59
日志内容为:找不到存储过程 'up_SelProQulity'。
=====================================
=====================================
添加日期为:2020/11/13 10:54:59
日志内容为:找不到存储过程 'up_SelProQulity'。
=====================================
=====================================
添加日期为:2020/11/13 10:56:00
日志内容为:找不到存储过程 'up_SelProQulity'。
=====================================
=====================================
添加日期为:2020/11/13 10:56:59
日志内容为:找不到存储过程 'up_SelProQulity'。
=====================================
=====================================
添加日期为:2020/11/13 10:57:59
日志内容为:找不到存储过程 'up_SelProQulity'。
=====================================
=====================================
添加日期为:2020/11/13 10:58:59
日志内容为:找不到存储过程 'up_SelProQulity'。
=====================================
=====================================
添加日期为:2020/11/13 10:59:59
日志内容为:找不到存储过程 'up_SelProQulity'。
=====================================
=====================================
添加日期为:2020/11/13 11:00:59
日志内容为:找不到存储过程 'up_SelProQulity'。
=====================================
=====================================
添加日期为:2020/11/13 11:01:59
日志内容为:找不到存储过程 'up_SelProQulity'。
=====================================
=====================================
添加日期为:2020/11/13 11:02:59
日志内容为:找不到存储过程 'up_SelProQulity'。
=====================================
=====================================
添加日期为:2020/11/13 11:03:59
日志内容为:找不到存储过程 'up_SelProQulity'。
=====================================
=====================================
添加日期为:2020/11/13 11:04:59
日志内容为:找不到存储过程 'up_SelProQulity'。
=====================================
=====================================
添加日期为:2020/11/13 11:05:59
日志内容为:找不到存储过程 'up_SelProQulity'。
=====================================
=====================================
添加日期为:2020/11/13 11:06:59
日志内容为:找不到存储过程 'up_SelProQulity'。
=====================================
=====================================
添加日期为:2020/11/13 11:07:59
日志内容为:找不到存储过程 'up_SelProQulity'。
=====================================
=====================================
添加日期为:2020/11/13 11:09:00
日志内容为:找不到存储过程 'up_SelProQulity'。
=====================================
=====================================
添加日期为:2020/11/13 11:09:59
日志内容为:找不到存储过程 'up_SelProQulity'。
=====================================
=====================================
添加日期为:2020/11/13 11:10:59
日志内容为:找不到存储过程 'up_SelProQulity'。
=====================================
=====================================
添加日期为:2020/11/13 11:12:00
日志内容为:找不到存储过程 'up_SelProQulity'。
=====================================
=====================================
添加日期为:2020/11/13 11:18:14
日志内容为:找不到存储过程 'up_SelProQulity'。
=====================================
=====================================
添加日期为:2020/11/13 11:19:13
日志内容为:找不到存储过程 'up_SelProQulity'。
=====================================
=====================================
添加日期为:2020/11/13 11:20:13
日志内容为:找不到存储过程 'up_SelProQulity'。
=====================================
=====================================
添加日期为:2020/11/13 11:21:14
日志内容为:找不到存储过程 'up_SelProQulity'。
=====================================
=====================================
添加日期为:2020/11/13 11:22:13
日志内容为:找不到存储过程 'up_SelProQulity'。
=====================================
=====================================
添加日期为:2020/11/13 11:23:13
日志内容为:找不到存储过程 'up_SelProQulity'。
=====================================
=====================================
添加日期为:2020/11/13 11:24:13
日志内容为:找不到存储过程 'up_SelProQulity'。
=====================================
=====================================
添加日期为:2020/11/13 11:25:14
日志内容为:找不到存储过程 'up_SelProQulity'。
=====================================
=====================================
添加日期为:2020/11/13 11:26:14
日志内容为:找不到存储过程 'up_SelProQulity'。
=====================================
=====================================
添加日期为:2020/11/13 11:27:14
日志内容为:找不到存储过程 'up_SelProQulity'。
=====================================
=====================================
添加日期为:2020/11/13 11:28:14
日志内容为:找不到存储过程 'up_SelProQulity'。
=====================================
=====================================
添加日期为:2020/11/13 11:29:14
日志内容为:找不到存储过程 'up_SelProQulity'。
=====================================
=====================================
添加日期为:2020/11/13 11:30:14
日志内容为:找不到存储过程 'up_SelProQulity'。
=====================================
=====================================
添加日期为:2020/11/13 11:31:14
日志内容为:找不到存储过程 'up_SelProQulity'。
=====================================
=====================================
添加日期为:2020/11/13 11:32:14
日志内容为:找不到存储过程 'up_SelProQulity'。
=====================================
=====================================
添加日期为:2020/11/13 11:33:14
日志内容为:找不到存储过程 'up_SelProQulity'。
=====================================
=====================================
添加日期为:2020/11/13 11:34:14
日志内容为:找不到存储过程 'up_SelProQulity'。
=====================================
=====================================
添加日期为:2020/11/13 11:35:14
日志内容为:找不到存储过程 'up_SelProQulity'。
=====================================
=====================================
添加日期为:2020/11/13 11:36:14
日志内容为:找不到存储过程 'up_SelProQulity'。
=====================================
=====================================
添加日期为:2020/11/13 11:37:14
日志内容为:找不到存储过程 'up_SelProQulity'。
=====================================
=====================================
添加日期为:2020/11/13 11:38:14
日志内容为:找不到存储过程 'up_SelProQulity'。
=====================================
=====================================
添加日期为:2020/11/13 11:39:14
日志内容为:找不到存储过程 'up_SelProQulity'。
=====================================
=====================================
添加日期为:2020/11/13 11:40:14
日志内容为:找不到存储过程 'up_SelProQulity'。
=====================================
=====================================
添加日期为:2020/11/13 11:41:14
日志内容为:找不到存储过程 'up_SelProQulity'。
=====================================
=====================================
添加日期为:2020/11/13 11:42:14
日志内容为:找不到存储过程 'up_SelProQulity'。
=====================================
=====================================
添加日期为:2020/11/13 11:43:14
日志内容为:找不到存储过程 'up_SelProQulity'。
=====================================
=====================================
添加日期为:2020/11/13 11:44:14
日志内容为:找不到存储过程 'up_SelProQulity'。
=====================================
=====================================
添加日期为:2020/11/13 11:45:14
日志内容为:找不到存储过程 'up_SelProQulity'。
=====================================
=====================================
添加日期为:2020/11/13 11:46:14
日志内容为:找不到存储过程 'up_SelProQulity'。
=====================================
=====================================
添加日期为:2020/11/13 11:47:14
日志内容为:找不到存储过程 'up_SelProQulity'。
=====================================
=====================================
添加日期为:2020/11/13 11:48:14
日志内容为:找不到存储过程 'up_SelProQulity'。
=====================================
=====================================
添加日期为:2020/11/13 11:49:14
日志内容为:找不到存储过程 'up_SelProQulity'。
=====================================
=====================================
添加日期为:2020/11/13 11:50:14
日志内容为:找不到存储过程 'up_SelProQulity'。
=====================================
=====================================
添加日期为:2020/11/13 11:51:14
日志内容为:找不到存储过程 'up_SelProQulity'。
=====================================
=====================================
添加日期为:2020/11/13 11:52:14
日志内容为:找不到存储过程 'up_SelProQulity'。
=====================================
=====================================
添加日期为:2020/11/13 11:53:14
日志内容为:找不到存储过程 'up_SelProQulity'。
=====================================
=====================================
添加日期为:2020/11/13 11:54:14
日志内容为:找不到存储过程 'up_SelProQulity'。
=====================================
=====================================
添加日期为:2020/11/13 11:55:14
日志内容为:找不到存储过程 'up_SelProQulity'。
=====================================
=====================================
添加日期为:2020/11/13 11:56:14
日志内容为:找不到存储过程 'up_SelProQulity'。
=====================================
=====================================
添加日期为:2020/11/13 11:57:14
日志内容为:找不到存储过程 'up_SelProQulity'。
=====================================
=====================================
添加日期为:2020/11/13 11:58:14
日志内容为:找不到存储过程 'up_SelProQulity'。
=====================================
=====================================
添加日期为:2020/11/13 11:59:14
日志内容为:找不到存储过程 'up_SelProQulity'。
=====================================
=====================================
添加日期为:2020/11/13 12:00:14
日志内容为:找不到存储过程 'up_SelProQulity'。
=====================================
=====================================
添加日期为:2020/11/13 12:01:14
日志内容为:找不到存储过程 'up_SelProQulity'。
=====================================
=====================================
添加日期为:2020/11/13 12:02:14
日志内容为:找不到存储过程 'up_SelProQulity'。
=====================================
=====================================
添加日期为:2020/11/13 12:03:15
日志内容为:找不到存储过程 'up_SelProQulity'。
=====================================
=====================================
添加日期为:2020/11/13 12:04:14
日志内容为:找不到存储过程 'up_SelProQulity'。
=====================================
=====================================
添加日期为:2020/11/13 12:05:14
日志内容为:找不到存储过程 'up_SelProQulity'。
=====================================
=====================================
添加日期为:2020/11/13 12:06:14
日志内容为:找不到存储过程 'up_SelProQulity'。
=====================================
=====================================
添加日期为:2020/11/13 12:07:14
日志内容为:找不到存储过程 'up_SelProQulity'。
=====================================
=====================================
添加日期为:2020/11/13 12:08:14
日志内容为:找不到存储过程 'up_SelProQulity'。
=====================================
=====================================
添加日期为:2020/11/13 12:09:14
日志内容为:找不到存储过程 'up_SelProQulity'。
=====================================
=====================================
添加日期为:2020/11/13 12:10:14
日志内容为:找不到存储过程 'up_SelProQulity'。
=====================================
=====================================
添加日期为:2020/11/13 12:11:14
日志内容为:找不到存储过程 'up_SelProQulity'。
=====================================
=====================================
添加日期为:2020/11/13 12:12:14
日志内容为:找不到存储过程 'up_SelProQulity'。
=====================================
=====================================
添加日期为:2020/11/13 12:13:14
日志内容为:找不到存储过程 'up_SelProQulity'。
=====================================
=====================================
添加日期为:2020/11/13 12:14:14
日志内容为:找不到存储过程 'up_SelProQulity'。
=====================================
=====================================
添加日期为:2020/11/13 12:15:14
日志内容为:找不到存储过程 'up_SelProQulity'。
=====================================
=====================================
添加日期为:2020/11/13 12:16:14
日志内容为:找不到存储过程 'up_SelProQulity'。
=====================================
=====================================
添加日期为:2020/11/13 12:17:14
日志内容为:找不到存储过程 'up_SelProQulity'。
=====================================
=====================================
添加日期为:2020/11/13 12:18:14
日志内容为:找不到存储过程 'up_SelProQulity'。
=====================================
=====================================
添加日期为:2020/11/13 12:19:14
日志内容为:找不到存储过程 'up_SelProQulity'。
=====================================
=====================================
添加日期为:2020/11/13 12:20:14
日志内容为:找不到存储过程 'up_SelProQulity'。
=====================================
=====================================
添加日期为:2020/11/13 12:21:14
日志内容为:找不到存储过程 'up_SelProQulity'。
=====================================
=====================================
添加日期为:2020/11/13 12:22:14
日志内容为:找不到存储过程 'up_SelProQulity'。
=====================================
=====================================
添加日期为:2020/11/13 12:23:14
日志内容为:找不到存储过程 'up_SelProQulity'。
=====================================
=====================================
添加日期为:2020/11/13 12:24:14
日志内容为:找不到存储过程 'up_SelProQulity'。
=====================================
=====================================
添加日期为:2020/11/13 12:25:14
日志内容为:找不到存储过程 'up_SelProQulity'。
=====================================
=====================================
添加日期为:2020/11/13 12:26:14
日志内容为:找不到存储过程 'up_SelProQulity'。
=====================================
=====================================
添加日期为:2020/11/13 12:27:14
日志内容为:找不到存储过程 'up_SelProQulity'。
=====================================
=====================================
添加日期为:2020/11/13 12:28:14
日志内容为:找不到存储过程 'up_SelProQulity'。
=====================================
=====================================
添加日期为:2020/11/13 12:29:14
日志内容为:找不到存储过程 'up_SelProQulity'。
=====================================
=====================================
添加日期为:2020/11/13 12:30:14
日志内容为:找不到存储过程 'up_SelProQulity'。
=====================================
=====================================
添加日期为:2020/11/13 12:31:14
日志内容为:找不到存储过程 'up_SelProQulity'。
=====================================
=====================================
添加日期为:2020/11/13 12:32:14
日志内容为:找不到存储过程 'up_SelProQulity'。
=====================================
=====================================
添加日期为:2020/11/13 12:33:14
日志内容为:找不到存储过程 'up_SelProQulity'。
=====================================
=====================================
添加日期为:2020/11/13 12:34:14
日志内容为:找不到存储过程 'up_SelProQulity'。
=====================================
=====================================
添加日期为:2020/11/13 12:35:14
日志内容为:找不到存储过程 'up_SelProQulity'。
=====================================
=====================================
添加日期为:2020/11/13 12:36:14
日志内容为:找不到存储过程 'up_SelProQulity'。
=====================================
=====================================
添加日期为:2020/11/13 12:37:14
日志内容为:找不到存储过程 'up_SelProQulity'。
=====================================
=====================================
添加日期为:2020/11/13 12:38:14
日志内容为:找不到存储过程 'up_SelProQulity'。
=====================================
=====================================
添加日期为:2020/11/13 12:39:14
日志内容为:找不到存储过程 'up_SelProQulity'。
=====================================
=====================================
添加日期为:2020/11/13 12:40:14
日志内容为:找不到存储过程 'up_SelProQulity'。
=====================================
=====================================
添加日期为:2020/11/13 12:41:14
日志内容为:找不到存储过程 'up_SelProQulity'。
=====================================
=====================================
添加日期为:2020/11/13 12:42:14
日志内容为:找不到存储过程 'up_SelProQulity'。
=====================================
=====================================
添加日期为:2020/11/13 12:43:33
日志内容为:在从服务器接收结果时发生传输级错误。 (provider: TCP Provider, error: 0 - 指定的网络名不再可用。)
=====================================
=====================================
添加日期为:2020/11/13 12:44:29
日志内容为:在与 SQL Server 建立连接时出现与网络相关的或特定于实例的错误。未找到或无法访问服务器。请验证实例名称是否正确并且 SQL Server 已配置为允许远程连接。 (provider: Named Pipes Provider, error: 40 - 无法打开到 SQL Server 的连接)
=====================================
=====================================
添加日期为:2020/11/13 12:45:29
日志内容为:在与 SQL Server 建立连接时出现与网络相关的或特定于实例的错误。未找到或无法访问服务器。请验证实例名称是否正确并且 SQL Server 已配置为允许远程连接。 (provider: Named Pipes Provider, error: 40 - 无法打开到 SQL Server 的连接)
=====================================
=====================================
添加日期为:2020/11/13 12:46:29
日志内容为:在与 SQL Server 建立连接时出现与网络相关的或特定于实例的错误。未找到或无法访问服务器。请验证实例名称是否正确并且 SQL Server 已配置为允许远程连接。 (provider: Named Pipes Provider, error: 40 - 无法打开到 SQL Server 的连接)
=====================================
=====================================
添加日期为:2020/11/13 12:47:28
日志内容为:在与 SQL Server 建立连接时出现与网络相关的或特定于实例的错误。未找到或无法访问服务器。请验证实例名称是否正确并且 SQL Server 已配置为允许远程连接。 (provider: Named Pipes Provider, error: 40 - 无法打开到 SQL Server 的连接)
=====================================
=====================================
添加日期为:2020/11/13 12:48:29
日志内容为:在与 SQL Server 建立连接时出现与网络相关的或特定于实例的错误。未找到或无法访问服务器。请验证实例名称是否正确并且 SQL Server 已配置为允许远程连接。 (provider: Named Pipes Provider, error: 40 - 无法打开到 SQL Server 的连接)
=====================================
=====================================
添加日期为:2020/11/13 12:49:29
日志内容为:在与 SQL Server 建立连接时出现与网络相关的或特定于实例的错误。未找到或无法访问服务器。请验证实例名称是否正确并且 SQL Server 已配置为允许远程连接。 (provider: Named Pipes Provider, error: 40 - 无法打开到 SQL Server 的连接)
=====================================
=====================================
添加日期为:2020/11/13 12:50:29
日志内容为:在与 SQL Server 建立连接时出现与网络相关的或特定于实例的错误。未找到或无法访问服务器。请验证实例名称是否正确并且 SQL Server 已配置为允许远程连接。 (provider: Named Pipes Provider, error: 40 - 无法打开到 SQL Server 的连接)
=====================================
=====================================
添加日期为:2020/11/13 12:51:29
日志内容为:在与 SQL Server 建立连接时出现与网络相关的或特定于实例的错误。未找到或无法访问服务器。请验证实例名称是否正确并且 SQL Server 已配置为允许远程连接。 (provider: Named Pipes Provider, error: 40 - 无法打开到 SQL Server 的连接)
=====================================
=====================================
添加日期为:2020/11/13 12:52:29
日志内容为:在与 SQL Server 建立连接时出现与网络相关的或特定于实例的错误。未找到或无法访问服务器。请验证实例名称是否正确并且 SQL Server 已配置为允许远程连接。 (provider: Named Pipes Provider, error: 40 - 无法打开到 SQL Server 的连接)
=====================================
=====================================
添加日期为:2020/11/13 12:53:29
日志内容为:在与 SQL Server 建立连接时出现与网络相关的或特定于实例的错误。未找到或无法访问服务器。请验证实例名称是否正确并且 SQL Server 已配置为允许远程连接。 (provider: Named Pipes Provider, error: 40 - 无法打开到 SQL Server 的连接)
=====================================
=====================================
添加日期为:2020/11/13 12:54:29
日志内容为:在与 SQL Server 建立连接时出现与网络相关的或特定于实例的错误。未找到或无法访问服务器。请验证实例名称是否正确并且 SQL Server 已配置为允许远程连接。 (provider: Named Pipes Provider, error: 40 - 无法打开到 SQL Server 的连接)
=====================================
=====================================
添加日期为:2020/11/13 12:55:15
日志内容为:找不到存储过程 'up_SelProQulity'。
=====================================
=====================================
添加日期为:2020/11/13 12:56:15
日志内容为:找不到存储过程 'up_SelProQulity'。
=====================================
=====================================
添加日期为:2020/11/13 12:57:14
日志内容为:找不到存储过程 'up_SelProQulity'。
=====================================
=====================================
添加日期为:2020/11/13 12:58:14
日志内容为:找不到存储过程 'up_SelProQulity'。
=====================================
=====================================
添加日期为:2020/11/13 12:59:14
日志内容为:找不到存储过程 'up_SelProQulity'。
=====================================
=====================================
添加日期为:2020/11/13 13:00:15
日志内容为:找不到存储过程 'up_SelProQulity'。
=====================================
=====================================
添加日期为:2020/11/13 13:01:14
日志内容为:找不到存储过程 'up_SelProQulity'。
=====================================
=====================================
添加日期为:2020/11/13 13:02:14
日志内容为:找不到存储过程 'up_SelProQulity'。
=====================================
=====================================
添加日期为:2020/11/13 13:03:14
日志内容为:找不到存储过程 'up_SelProQulity'。
=====================================
=====================================
添加日期为:2020/11/13 13:04:33
日志内容为:在从服务器接收结果时发生传输级错误。 (provider: TCP Provider, error: 0 - 指定的网络名不再可用。)
=====================================
=====================================
添加日期为:2020/11/13 13:05:15
日志内容为:找不到存储过程 'up_SelProQulity'。
=====================================
=====================================
添加日期为:2020/11/13 13:06:16
日志内容为:找不到存储过程 'up_SelProQulity'。
=====================================
=====================================
添加日期为:2020/11/13 13:07:14
日志内容为:找不到存储过程 'up_SelProQulity'。
=====================================
=====================================
添加日期为:2020/11/13 13:08:14
日志内容为:找不到存储过程 'up_SelProQulity'。
=====================================
=====================================
添加日期为:2020/11/13 13:09:14
日志内容为:找不到存储过程 'up_SelProQulity'。
=====================================
=====================================
添加日期为:2020/11/13 13:10:14
日志内容为:找不到存储过程 'up_SelProQulity'。
=====================================
=====================================
添加日期为:2020/11/13 13:11:14
日志内容为:找不到存储过程 'up_SelProQulity'。
=====================================
=====================================
添加日期为:2020/11/13 13:12:15
日志内容为:找不到存储过程 'up_SelProQulity'。
=====================================
=====================================
添加日期为:2020/11/13 13:13:14
日志内容为:找不到存储过程 'up_SelProQulity'。
=====================================
=====================================
添加日期为:2020/11/13 13:14:14
日志内容为:找不到存储过程 'up_SelProQulity'。
=====================================
=====================================
添加日期为:2020/11/13 13:15:14
日志内容为:找不到存储过程 'up_SelProQulity'。
=====================================
=====================================
添加日期为:2020/11/13 13:16:14
日志内容为:找不到存储过程 'up_SelProQulity'。
=====================================
=====================================
添加日期为:2020/11/13 13:17:14
日志内容为:找不到存储过程 'up_SelProQulity'。
=====================================
=====================================
添加日期为:2020/11/13 13:18:14
日志内容为:找不到存储过程 'up_SelProQulity'。
=====================================
=====================================
添加日期为:2020/11/13 13:19:14
日志内容为:找不到存储过程 'up_SelProQulity'。
=====================================
=====================================
添加日期为:2020/11/13 13:20:14
日志内容为:找不到存储过程 'up_SelProQulity'。
=====================================
=====================================
添加日期为:2020/11/13 13:21:14
日志内容为:找不到存储过程 'up_SelProQulity'。
=====================================
=====================================
添加日期为:2020/11/13 13:22:14
日志内容为:找不到存储过程 'up_SelProQulity'。
=====================================
=====================================
添加日期为:2020/11/13 13:23:15
日志内容为:找不到存储过程 'up_SelProQulity'。
=====================================
=====================================
添加日期为:2020/11/13 13:24:14
日志内容为:找不到存储过程 'up_SelProQulity'。
=====================================
=====================================
添加日期为:2020/11/13 13:25:14
日志内容为:找不到存储过程 'up_SelProQulity'。
=====================================
=====================================
添加日期为:2020/11/13 13:26:14
日志内容为:找不到存储过程 'up_SelProQulity'。
=====================================
=====================================
添加日期为:2020/11/13 13:27:14
日志内容为:找不到存储过程 'up_SelProQulity'。
=====================================
=====================================
添加日期为:2020/11/13 13:28:14
日志内容为:找不到存储过程 'up_SelProQulity'。
=====================================
=====================================
添加日期为:2020/11/13 13:29:15
日志内容为:找不到存储过程 'up_SelProQulity'。
=====================================
=====================================
添加日期为:2020/11/13 13:30:15
日志内容为:找不到存储过程 'up_SelProQulity'。
=====================================
=====================================
添加日期为:2020/11/13 13:31:15
日志内容为:找不到存储过程 'up_SelProQulity'。
=====================================
=====================================
添加日期为:2020/11/13 13:32:15
日志内容为:找不到存储过程 'up_SelProQulity'。
=====================================
=====================================
添加日期为:2020/11/13 13:33:15
日志内容为:找不到存储过程 'up_SelProQulity'。
=====================================
=====================================
添加日期为:2020/11/13 13:34:15
日志内容为:找不到存储过程 'up_SelProQulity'。
=====================================
=====================================
添加日期为:2020/11/13 13:35:15
日志内容为:找不到存储过程 'up_SelProQulity'。
=====================================
=====================================
添加日期为:2020/11/13 13:36:15
日志内容为:找不到存储过程 'up_SelProQulity'。
=====================================
=====================================
添加日期为:2020/11/13 13:38:07
日志内容为:找不到存储过程 'up_SelProQulity'。
=====================================
=====================================
添加日期为:2020/11/13 13:39:07
日志内容为:找不到存储过程 'up_SelProQulity'。
=====================================
=====================================
添加日期为:2020/11/13 13:40:07
日志内容为:找不到存储过程 'up_SelProQulity'。
=====================================
=====================================
添加日期为:2020/11/13 13:41:07
日志内容为:找不到存储过程 'up_SelProQulity'。
=====================================
=====================================
添加日期为:2020/11/13 13:42:07
日志内容为:找不到存储过程 'up_SelProQulity'。
=====================================
=====================================
添加日期为:2020/11/13 13:43:07
日志内容为:找不到存储过程 'up_SelProQulity'。
=====================================
=====================================
添加日期为:2020/11/13 13:44:07
日志内容为:找不到存储过程 'up_SelProQulity'。
=====================================
=====================================
添加日期为:2020/11/13 13:45:07
日志内容为:找不到存储过程 'up_SelProQulity'。
=====================================
=====================================
添加日期为:2020/11/13 13:46:07
日志内容为:找不到存储过程 'up_SelProQulity'。
=====================================
=====================================
添加日期为:2020/11/13 13:47:07
日志内容为:找不到存储过程 'up_SelProQulity'。
=====================================
=====================================
添加日期为:2020/11/13 13:48:07
日志内容为:找不到存储过程 'up_SelProQulity'。
=====================================
=====================================
添加日期为:2020/11/13 13:49:07
日志内容为:找不到存储过程 'up_SelProQulity'。
=====================================
=====================================
添加日期为:2020/11/13 13:50:07
日志内容为:找不到存储过程 'up_SelProQulity'。
=====================================
=====================================
添加日期为:2020/11/13 13:51:07
日志内容为:找不到存储过程 'up_SelProQulity'。
=====================================
=====================================
添加日期为:2020/11/13 13:52:07
日志内容为:找不到存储过程 'up_SelProQulity'。
=====================================
=====================================
添加日期为:2020/11/13 13:53:07
日志内容为:找不到存储过程 'up_SelProQulity'。
=====================================
=====================================
添加日期为:2020/11/13 13:54:07
日志内容为:找不到存储过程 'up_SelProQulity'。
=====================================
=====================================
添加日期为:2020/11/13 13:55:07
日志内容为:找不到存储过程 'up_SelProQulity'。
=====================================
=====================================
添加日期为:2020/11/13 13:56:07
日志内容为:找不到存储过程 'up_SelProQulity'。
=====================================
=====================================
添加日期为:2020/11/13 13:57:07
日志内容为:找不到存储过程 'up_SelProQulity'。
=====================================
=====================================
添加日期为:2020/11/13 13:58:07
日志内容为:找不到存储过程 'up_SelProQulity'。
=====================================
=====================================
添加日期为:2020/11/13 13:59:07
日志内容为:找不到存储过程 'up_SelProQulity'。
=====================================
=====================================
添加日期为:2020/11/13 14:00:07
日志内容为:找不到存储过程 'up_SelProQulity'。
=====================================
=====================================
添加日期为:2020/11/13 14:01:07
日志内容为:找不到存储过程 'up_SelProQulity'。
=====================================
=====================================
添加日期为:2020/11/13 14:02:07
日志内容为:找不到存储过程 'up_SelProQulity'。
=====================================
=====================================
添加日期为:2020/11/13 14:03:07
日志内容为:找不到存储过程 'up_SelProQulity'。
=====================================
=====================================
添加日期为:2020/11/13 14:04:07
日志内容为:找不到存储过程 'up_SelProQulity'。
=====================================
=====================================
添加日期为:2020/11/13 14:05:07
日志内容为:找不到存储过程 'up_SelProQulity'。
=====================================
=====================================
添加日期为:2020/11/13 14:06:07
日志内容为:找不到存储过程 'up_SelProQulity'。
=====================================
=====================================
添加日期为:2020/11/13 14:07:07
日志内容为:找不到存储过程 'up_SelProQulity'。
=====================================
=====================================
添加日期为:2020/11/13 14:08:07
日志内容为:找不到存储过程 'up_SelProQulity'。
=====================================
=====================================
添加日期为:2020/11/13 14:09:07
日志内容为:找不到存储过程 'up_SelProQulity'。
=====================================
=====================================
添加日期为:2020/11/13 14:10:07
日志内容为:找不到存储过程 'up_SelProQulity'。
=====================================
=====================================
添加日期为:2020/11/13 14:11:07
日志内容为:找不到存储过程 'up_SelProQulity'。
=====================================
=====================================
添加日期为:2020/11/13 14:12:07
日志内容为:找不到存储过程 'up_SelProQulity'。
=====================================
=====================================
添加日期为:2020/11/13 14:13:07
日志内容为:找不到存储过程 'up_SelProQulity'。
=====================================
=====================================
添加日期为:2020/11/13 14:14:07
日志内容为:找不到存储过程 'up_SelProQulity'。
=====================================
=====================================
添加日期为:2020/11/13 14:15:07
日志内容为:找不到存储过程 'up_SelProQulity'。
=====================================
=====================================
添加日期为:2020/11/13 14:16:07
日志内容为:找不到存储过程 'up_SelProQulity'。
=====================================
=====================================
添加日期为:2020/11/13 14:17:07
日志内容为:找不到存储过程 'up_SelProQulity'。
=====================================
=====================================
添加日期为:2020/11/13 14:18:07
日志内容为:找不到存储过程 'up_SelProQulity'。
=====================================
=====================================
添加日期为:2020/11/13 14:19:07
日志内容为:找不到存储过程 'up_SelProQulity'。
=====================================
=====================================
添加日期为:2020/11/13 14:20:07
日志内容为:找不到存储过程 'up_SelProQulity'。
=====================================
=====================================
添加日期为:2020/11/13 14:21:07
日志内容为:找不到存储过程 'up_SelProQulity'。
=====================================
=====================================
添加日期为:2020/11/13 14:22:07
日志内容为:找不到存储过程 'up_SelProQulity'。
=====================================
=====================================
添加日期为:2020/11/13 14:23:07
日志内容为:找不到存储过程 'up_SelProQulity'。
=====================================
=====================================
添加日期为:2020/11/13 14:25:04
日志内容为:找不到存储过程 'up_SelProQulity'。
=====================================
=====================================
添加日期为:2020/11/13 14:26:04
日志内容为:找不到存储过程 'up_SelProQulity'。
=====================================
=====================================
添加日期为:2020/11/13 14:27:04
日志内容为:找不到存储过程 'up_SelProQulity'。
=====================================
=====================================
添加日期为:2020/11/13 14:28:04
日志内容为:找不到存储过程 'up_SelProQulity'。
=====================================
=====================================
添加日期为:2020/11/13 14:29:04
日志内容为:找不到存储过程 'up_SelProQulity'。
=====================================
=====================================
添加日期为:2020/11/13 14:30:04
日志内容为:找不到存储过程 'up_SelProQulity'。
=====================================
=====================================
添加日期为:2020/11/13 14:31:04
日志内容为:找不到存储过程 'up_SelProQulity'。
=====================================
=====================================
添加日期为:2020/11/13 14:32:04
日志内容为:找不到存储过程 'up_SelProQulity'。
=====================================
=====================================
添加日期为:2020/11/13 14:33:04
日志内容为:找不到存储过程 'up_SelProQulity'。
=====================================
=====================================
添加日期为:2020/11/13 14:34:04
日志内容为:找不到存储过程 'up_SelProQulity'。
=====================================
=====================================
添加日期为:2020/11/13 14:35:04
日志内容为:找不到存储过程 'up_SelProQulity'。
=====================================
=====================================
添加日期为:2020/11/13 14:36:04
日志内容为:找不到存储过程 'up_SelProQulity'。
=====================================
=====================================
添加日期为:2020/11/13 14:37:04
日志内容为:找不到存储过程 'up_SelProQulity'。
=====================================
=====================================
添加日期为:2020/11/13 14:38:04
日志内容为:找不到存储过程 'up_SelProQulity'。
=====================================
=====================================
添加日期为:2020/11/13 14:39:04
日志内容为:找不到存储过程 'up_SelProQulity'。
=====================================
=====================================
添加日期为:2020/11/13 14:40:04
日志内容为:找不到存储过程 'up_SelProQulity'。
=====================================
=====================================
添加日期为:2020/11/13 14:41:04
日志内容为:找不到存储过程 'up_SelProQulity'。
=====================================
=====================================
添加日期为:2020/11/13 14:42:04
日志内容为:找不到存储过程 'up_SelProQulity'。
=====================================
=====================================
添加日期为:2020/11/13 14:43:05
日志内容为:找不到存储过程 'up_SelProQulity'。
=====================================
=====================================
添加日期为:2020/11/13 14:44:04
日志内容为:找不到存储过程 'up_SelProQulity'。
=====================================
=====================================
添加日期为:2020/11/13 14:45:04
日志内容为:找不到存储过程 'up_SelProQulity'。
=====================================
=====================================
添加日期为:2020/11/13 14:46:04
日志内容为:找不到存储过程 'up_SelProQulity'。
=====================================
=====================================
添加日期为:2020/11/13 14:47:04
日志内容为:找不到存储过程 'up_SelProQulity'。
=====================================
=====================================
添加日期为:2020/11/13 14:48:04
日志内容为:找不到存储过程 'up_SelProQulity'。
=====================================
=====================================
添加日期为:2020/11/13 14:49:04
日志内容为:找不到存储过程 'up_SelProQulity'。
=====================================
=====================================
添加日期为:2020/11/13 14:50:04
日志内容为:找不到存储过程 'up_SelProQulity'。
=====================================
=====================================
添加日期为:2020/11/13 14:51:04
日志内容为:找不到存储过程 'up_SelProQulity'。
=====================================
=====================================
添加日期为:2020/11/13 14:52:04
日志内容为:找不到存储过程 'up_SelProQulity'。
=====================================
=====================================
添加日期为:2020/11/13 14:53:04
日志内容为:找不到存储过程 'up_SelProQulity'。
=====================================
=====================================
添加日期为:2020/11/13 14:54:04
日志内容为:找不到存储过程 'up_SelProQulity'。
=====================================
=====================================
添加日期为:2020/11/13 14:55:04
日志内容为:找不到存储过程 'up_SelProQulity'。
=====================================
=====================================
添加日期为:2020/11/13 14:56:04
日志内容为:找不到存储过程 'up_SelProQulity'。
=====================================
=====================================
添加日期为:2020/11/13 14:57:04
日志内容为:找不到存储过程 'up_SelProQulity'。
=====================================
=====================================
添加日期为:2020/11/13 14:58:04
日志内容为:找不到存储过程 'up_SelProQulity'。
=====================================
=====================================
添加日期为:2020/11/13 14:59:04
日志内容为:找不到存储过程 'up_SelProQulity'。
=====================================
=====================================
添加日期为:2020/11/13 15:00:04
日志内容为:找不到存储过程 'up_SelProQulity'。
=====================================
=====================================
添加日期为:2020/11/13 15:01:04
日志内容为:找不到存储过程 'up_SelProQulity'。
=====================================
=====================================
添加日期为:2020/11/13 15:02:04
日志内容为:找不到存储过程 'up_SelProQulity'。
=====================================
=====================================
添加日期为:2020/11/13 15:03:04
日志内容为:找不到存储过程 'up_SelProQulity'。
=====================================
=====================================
添加日期为:2020/11/13 15:04:04
日志内容为:找不到存储过程 'up_SelProQulity'。
=====================================
=====================================
添加日期为:2020/11/13 15:05:04
日志内容为:找不到存储过程 'up_SelProQulity'。
=====================================
=====================================
添加日期为:2020/11/13 15:06:04
日志内容为:找不到存储过程 'up_SelProQulity'。
=====================================
=====================================
添加日期为:2020/11/13 15:07:04
日志内容为:找不到存储过程 'up_SelProQulity'。
=====================================
=====================================
添加日期为:2020/11/13 15:08:04
日志内容为:找不到存储过程 'up_SelProQulity'。
=====================================
=====================================
添加日期为:2020/11/13 15:09:04
日志内容为:找不到存储过程 'up_SelProQulity'。
=====================================
=====================================
添加日期为:2020/11/13 15:10:04
日志内容为:找不到存储过程 'up_SelProQulity'。
=====================================
=====================================
添加日期为:2020/11/13 15:11:04
日志内容为:找不到存储过程 'up_SelProQulity'。
=====================================
=====================================
添加日期为:2020/11/13 15:12:04
日志内容为:找不到存储过程 'up_SelProQulity'。
=====================================
=====================================
添加日期为:2020/11/13 15:13:04
日志内容为:找不到存储过程 'up_SelProQulity'。
=====================================
=====================================
添加日期为:2020/11/13 15:14:04
日志内容为:找不到存储过程 'up_SelProQulity'。
=====================================
=====================================
添加日期为:2020/11/13 15:15:05
日志内容为:找不到存储过程 'up_SelProQulity'。
=====================================
=====================================
添加日期为:2020/11/13 15:16:05
日志内容为:找不到存储过程 'up_SelProQulity'。
=====================================
=====================================
添加日期为:2020/11/13 15:17:05
日志内容为:找不到存储过程 'up_SelProQulity'。
=====================================
=====================================
添加日期为:2020/11/13 15:18:05
日志内容为:找不到存储过程 'up_SelProQulity'。
=====================================
=====================================
添加日期为:2020/11/13 15:19:05
日志内容为:找不到存储过程 'up_SelProQulity'。
=====================================
=====================================
添加日期为:2020/11/13 15:20:05
日志内容为:找不到存储过程 'up_SelProQulity'。
=====================================
=====================================
添加日期为:2020/11/13 15:21:05
日志内容为:找不到存储过程 'up_SelProQulity'。
=====================================
=====================================
添加日期为:2020/11/13 15:22:05
日志内容为:找不到存储过程 'up_SelProQulity'。
=====================================
=====================================
添加日期为:2020/11/13 15:23:05
日志内容为:找不到存储过程 'up_SelProQulity'。
=====================================
=====================================
添加日期为:2020/11/13 15:24:05
日志内容为:找不到存储过程 'up_SelProQulity'。
=====================================
=====================================
添加日期为:2020/11/13 15:25:05
日志内容为:找不到存储过程 'up_SelProQulity'。
=====================================
=====================================
添加日期为:2020/11/13 15:26:05
日志内容为:找不到存储过程 'up_SelProQulity'。
=====================================
=====================================
添加日期为:2020/11/13 15:27:05
日志内容为:找不到存储过程 'up_SelProQulity'。
=====================================
=====================================
添加日期为:2020/11/13 15:28:05
日志内容为:找不到存储过程 'up_SelProQulity'。
=====================================
=====================================
添加日期为:2020/11/13 15:29:05
日志内容为:找不到存储过程 'up_SelProQulity'。
=====================================
=====================================
添加日期为:2020/11/13 15:30:05
日志内容为:找不到存储过程 'up_SelProQulity'。
=====================================
=====================================
添加日期为:2020/11/13 15:31:05
日志内容为:找不到存储过程 'up_SelProQulity'。
=====================================
=====================================
添加日期为:2020/11/13 15:32:05
日志内容为:找不到存储过程 'up_SelProQulity'。
=====================================
=====================================
添加日期为:2020/11/13 15:33:05
日志内容为:找不到存储过程 'up_SelProQulity'。
=====================================
=====================================
添加日期为:2020/11/13 15:34:05
日志内容为:找不到存储过程 'up_SelProQulity'。
=====================================
=====================================
添加日期为:2020/11/13 15:35:05
日志内容为:找不到存储过程 'up_SelProQulity'。
=====================================
=====================================
添加日期为:2020/11/13 15:36:05
日志内容为:找不到存储过程 'up_SelProQulity'。
=====================================
=====================================
添加日期为:2020/11/13 15:37:05
日志内容为:找不到存储过程 'up_SelProQulity'。
=====================================
=====================================
添加日期为:2020/11/13 15:38:05
日志内容为:找不到存储过程 'up_SelProQulity'。
=====================================
=====================================
添加日期为:2020/11/13 15:39:05
日志内容为:找不到存储过程 'up_SelProQulity'。
=====================================
=====================================
添加日期为:2020/11/13 15:40:05
日志内容为:找不到存储过程 'up_SelProQulity'。
=====================================
=====================================
添加日期为:2020/11/13 15:41:05
日志内容为:找不到存储过程 'up_SelProQulity'。
=====================================
=====================================
添加日期为:2020/11/13 15:42:05
日志内容为:找不到存储过程 'up_SelProQulity'。
=====================================
=====================================
添加日期为:2020/11/13 15:43:05
日志内容为:找不到存储过程 'up_SelProQulity'。
=====================================
=====================================
添加日期为:2020/11/13 15:44:05
日志内容为:找不到存储过程 'up_SelProQulity'。
=====================================
=====================================
添加日期为:2020/11/13 15:45:05
日志内容为:找不到存储过程 'up_SelProQulity'。
=====================================
=====================================
添加日期为:2020/11/13 15:46:05
日志内容为:找不到存储过程 'up_SelProQulity'。
=====================================
=====================================
添加日期为:2020/11/13 15:47:05
日志内容为:找不到存储过程 'up_SelProQulity'。
=====================================
=====================================
添加日期为:2020/11/13 15:48:05
日志内容为:找不到存储过程 'up_SelProQulity'。
=====================================
=====================================
添加日期为:2020/11/13 15:49:05
日志内容为:找不到存储过程 'up_SelProQulity'。
=====================================
=====================================
添加日期为:2020/11/13 15:50:05
日志内容为:找不到存储过程 'up_SelProQulity'。
=====================================
=====================================
添加日期为:2020/11/13 15:51:05
日志内容为:找不到存储过程 'up_SelProQulity'。
=====================================
=====================================
添加日期为:2020/11/13 15:52:05
日志内容为:找不到存储过程 'up_SelProQulity'。
=====================================
=====================================
添加日期为:2020/11/13 15:53:05
日志内容为:找不到存储过程 'up_SelProQulity'。
=====================================
=====================================
添加日期为:2020/11/13 15:54:05
日志内容为:找不到存储过程 'up_SelProQulity'。
=====================================
=====================================
添加日期为:2020/11/13 15:55:05
日志内容为:找不到存储过程 'up_SelProQulity'。
=====================================
=====================================
添加日期为:2020/11/13 15:56:05
日志内容为:找不到存储过程 'up_SelProQulity'。
=====================================
=====================================
添加日期为:2020/11/13 15:57:05
日志内容为:找不到存储过程 'up_SelProQulity'。
=====================================
=====================================
添加日期为:2020/11/13 15:58:05
日志内容为:找不到存储过程 'up_SelProQulity'。
=====================================
=====================================
添加日期为:2020/11/13 15:59:05
日志内容为:找不到存储过程 'up_SelProQulity'。
=====================================
=====================================
添加日期为:2020/11/13 16:00:05
日志内容为:找不到存储过程 'up_SelProQulity'。
=====================================
=====================================
添加日期为:2020/11/13 16:01:05
日志内容为:找不到存储过程 'up_SelProQulity'。
=====================================
=====================================
添加日期为:2020/11/13 16:02:05
日志内容为:找不到存储过程 'up_SelProQulity'。
=====================================
=====================================
添加日期为:2020/11/13 16:03:05
日志内容为:找不到存储过程 'up_SelProQulity'。
=====================================
=====================================
添加日期为:2020/11/13 16:04:05
日志内容为:找不到存储过程 'up_SelProQulity'。
=====================================
=====================================
添加日期为:2020/11/13 16:05:05
日志内容为:找不到存储过程 'up_SelProQulity'。
=====================================
=====================================
添加日期为:2020/11/13 16:06:05
日志内容为:找不到存储过程 'up_SelProQulity'。
=====================================
=====================================
添加日期为:2020/11/13 16:07:05
日志内容为:找不到存储过程 'up_SelProQulity'。
=====================================
=====================================
添加日期为:2020/11/13 16:08:05
日志内容为:找不到存储过程 'up_SelProQulity'。
=====================================
=====================================
添加日期为:2020/11/13 16:09:05
日志内容为:找不到存储过程 'up_SelProQulity'。
=====================================
=====================================
添加日期为:2020/11/13 16:10:05
日志内容为:找不到存储过程 'up_SelProQulity'。
=====================================
=====================================
添加日期为:2020/11/13 16:11:05
日志内容为:找不到存储过程 'up_SelProQulity'。
=====================================
=====================================
添加日期为:2020/11/13 16:12:05
日志内容为:找不到存储过程 'up_SelProQulity'。
=====================================
=====================================
添加日期为:2020/11/13 16:13:05
日志内容为:找不到存储过程 'up_SelProQulity'。
=====================================
=====================================
添加日期为:2020/11/13 16:14:05
日志内容为:找不到存储过程 'up_SelProQulity'。
=====================================
=====================================
添加日期为:2020/11/13 16:15:05
日志内容为:找不到存储过程 'up_SelProQulity'。
=====================================
=====================================
添加日期为:2020/11/13 16:16:05
日志内容为:找不到存储过程 'up_SelProQulity'。
=====================================
=====================================
添加日期为:2020/11/13 16:17:05
日志内容为:找不到存储过程 'up_SelProQulity'。
=====================================
=====================================
添加日期为:2020/11/13 16:18:05
日志内容为:找不到存储过程 'up_SelProQulity'。
=====================================
=====================================
添加日期为:2020/11/13 16:19:05
日志内容为:找不到存储过程 'up_SelProQulity'。
=====================================
=====================================
添加日期为:2020/11/13 16:20:05
日志内容为:找不到存储过程 'up_SelProQulity'。
=====================================
=====================================
添加日期为:2020/11/13 16:21:05
日志内容为:找不到存储过程 'up_SelProQulity'。
=====================================
=====================================
添加日期为:2020/11/13 16:22:05
日志内容为:找不到存储过程 'up_SelProQulity'。
=====================================
=====================================
添加日期为:2020/11/13 16:23:05
日志内容为:找不到存储过程 'up_SelProQulity'。
=====================================
=====================================
添加日期为:2020/11/13 16:24:05
日志内容为:找不到存储过程 'up_SelProQulity'。
=====================================
=====================================
添加日期为:2020/11/13 16:25:05
日志内容为:找不到存储过程 'up_SelProQulity'。
=====================================
=====================================
添加日期为:2020/11/13 16:26:05
日志内容为:找不到存储过程 'up_SelProQulity'。
=====================================
=====================================
添加日期为:2020/11/13 16:27:05
日志内容为:找不到存储过程 'up_SelProQulity'。
=====================================
=====================================
添加日期为:2020/11/13 16:28:05
日志内容为:找不到存储过程 'up_SelProQulity'。
=====================================
=====================================
添加日期为:2020/11/13 16:29:05
日志内容为:找不到存储过程 'up_SelProQulity'。
=====================================
=====================================
添加日期为:2020/11/13 16:30:05
日志内容为:找不到存储过程 'up_SelProQulity'。
=====================================
=====================================
添加日期为:2020/11/13 16:31:05
日志内容为:找不到存储过程 'up_SelProQulity'。
=====================================
=====================================
添加日期为:2020/11/13 16:32:05
日志内容为:找不到存储过程 'up_SelProQulity'。
=====================================
=====================================
添加日期为:2020/11/13 16:33:05
日志内容为:找不到存储过程 'up_SelProQulity'。
=====================================
=====================================
添加日期为:2020/11/13 16:34:05
日志内容为:找不到存储过程 'up_SelProQulity'。
=====================================
=====================================
添加日期为:2020/11/13 16:35:05
日志内容为:找不到存储过程 'up_SelProQulity'。
=====================================
=====================================
添加日期为:2020/11/13 16:36:05
日志内容为:找不到存储过程 'up_SelProQulity'。
=====================================
=====================================
添加日期为:2020/11/13 16:37:05
日志内容为:找不到存储过程 'up_SelProQulity'。
=====================================
=====================================
添加日期为:2020/11/13 16:38:05
日志内容为:找不到存储过程 'up_SelProQulity'。
=====================================
=====================================
添加日期为:2020/11/13 16:39:05
日志内容为:找不到存储过程 'up_SelProQulity'。
=====================================
=====================================
添加日期为:2020/11/13 16:40:05
日志内容为:找不到存储过程 'up_SelProQulity'。
=====================================
=====================================
添加日期为:2020/11/13 16:41:05
日志内容为:找不到存储过程 'up_SelProQulity'。
=====================================
=====================================
添加日期为:2020/11/13 16:42:05
日志内容为:找不到存储过程 'up_SelProQulity'。
=====================================
=====================================
添加日期为:2020/11/13 16:43:05
日志内容为:找不到存储过程 'up_SelProQulity'。
=====================================
=====================================
添加日期为:2020/11/13 16:44:05
日志内容为:找不到存储过程 'up_SelProQulity'。
=====================================
=====================================
添加日期为:2020/11/13 16:45:05
日志内容为:找不到存储过程 'up_SelProQulity'。
=====================================
=====================================
添加日期为:2020/11/13 16:46:05
日志内容为:找不到存储过程 'up_SelProQulity'。
=====================================
=====================================
添加日期为:2020/11/13 16:47:05
日志内容为:找不到存储过程 'up_SelProQulity'。
=====================================
=====================================
添加日期为:2020/11/13 16:48:05
日志内容为:找不到存储过程 'up_SelProQulity'。
=====================================
=====================================
添加日期为:2020/11/13 16:49:05
日志内容为:找不到存储过程 'up_SelProQulity'。
=====================================
=====================================
添加日期为:2020/11/13 16:50:05
日志内容为:找不到存储过程 'up_SelProQulity'。
=====================================
=====================================
添加日期为:2020/11/13 16:51:05
日志内容为:找不到存储过程 'up_SelProQulity'。
=====================================
=====================================
添加日期为:2020/11/13 16:52:05
日志内容为:找不到存储过程 'up_SelProQulity'。
=====================================
=====================================
添加日期为:2020/11/13 16:53:05
日志内容为:找不到存储过程 'up_SelProQulity'。
=====================================
=====================================
添加日期为:2020/11/13 16:54:05
日志内容为:找不到存储过程 'up_SelProQulity'。
=====================================
=====================================
添加日期为:2020/11/13 16:55:05
日志内容为:找不到存储过程 'up_SelProQulity'。
=====================================
=====================================
添加日期为:2020/11/13 16:56:05
日志内容为:找不到存储过程 'up_SelProQulity'。
=====================================
=====================================
添加日期为:2020/11/13 16:57:05
日志内容为:找不到存储过程 'up_SelProQulity'。
=====================================
=====================================
添加日期为:2020/11/13 16:58:05
日志内容为:找不到存储过程 'up_SelProQulity'。
=====================================
=====================================
添加日期为:2020/11/13 16:59:05
日志内容为:找不到存储过程 'up_SelProQulity'。
=====================================
=====================================
添加日期为:2020/11/13 17:00:05
日志内容为:找不到存储过程 'up_SelProQulity'。
=====================================
=====================================
添加日期为:2020/11/13 17:01:05
日志内容为:找不到存储过程 'up_SelProQulity'。
=====================================
=====================================
添加日期为:2020/11/13 17:02:05
日志内容为:找不到存储过程 'up_SelProQulity'。
=====================================
=====================================
添加日期为:2020/11/13 17:03:05
日志内容为:找不到存储过程 'up_SelProQulity'。
=====================================
=====================================
添加日期为:2020/11/13 17:04:05
日志内容为:找不到存储过程 'up_SelProQulity'。
=====================================
=====================================
添加日期为:2020/11/13 17:05:05
日志内容为:找不到存储过程 'up_SelProQulity'。
=====================================
=====================================
添加日期为:2020/11/13 17:06:05
日志内容为:找不到存储过程 'up_SelProQulity'。
=====================================
=====================================
添加日期为:2020/11/13 17:07:05
日志内容为:找不到存储过程 'up_SelProQulity'。
=====================================
=====================================
添加日期为:2020/11/13 17:08:05
日志内容为:找不到存储过程 'up_SelProQulity'。
=====================================
=====================================
添加日期为:2020/11/13 17:09:05
日志内容为:找不到存储过程 'up_SelProQulity'。
=====================================
=====================================
添加日期为:2020/11/13 17:10:05
日志内容为:找不到存储过程 'up_SelProQulity'。
=====================================
=====================================
添加日期为:2020/11/13 17:11:05
日志内容为:找不到存储过程 'up_SelProQulity'。
=====================================
=====================================
添加日期为:2020/11/13 17:12:05
日志内容为:找不到存储过程 'up_SelProQulity'。
=====================================
=====================================
添加日期为:2020/11/13 17:13:05
日志内容为:找不到存储过程 'up_SelProQulity'。
=====================================
=====================================
添加日期为:2020/11/13 17:14:05
日志内容为:找不到存储过程 'up_SelProQulity'。
=====================================
=====================================
添加日期为:2020/11/13 17:15:05
日志内容为:找不到存储过程 'up_SelProQulity'。
=====================================
=====================================
添加日期为:2020/11/13 17:16:05
日志内容为:找不到存储过程 'up_SelProQulity'。
=====================================
=====================================
添加日期为:2020/11/13 17:17:05
日志内容为:找不到存储过程 'up_SelProQulity'。
=====================================
=====================================
添加日期为:2020/11/13 17:18:05
日志内容为:找不到存储过程 'up_SelProQulity'。
=====================================
=====================================
添加日期为:2020/11/13 17:19:05
日志内容为:找不到存储过程 'up_SelProQulity'。
=====================================
=====================================
添加日期为:2020/11/13 17:20:05
日志内容为:找不到存储过程 'up_SelProQulity'。
=====================================
=====================================
添加日期为:2020/11/13 17:21:05
日志内容为:找不到存储过程 'up_SelProQulity'。
=====================================
=====================================
添加日期为:2020/11/13 17:22:05
日志内容为:找不到存储过程 'up_SelProQulity'。
=====================================
=====================================
添加日期为:2020/11/13 17:23:05
日志内容为:找不到存储过程 'up_SelProQulity'。
=====================================
=====================================
添加日期为:2020/11/13 17:24:05
日志内容为:找不到存储过程 'up_SelProQulity'。
=====================================
=====================================
添加日期为:2020/11/13 17:25:05
日志内容为:找不到存储过程 'up_SelProQulity'。
=====================================
=====================================
添加日期为:2020/11/13 17:26:05
日志内容为:找不到存储过程 'up_SelProQulity'。
=====================================
=====================================
添加日期为:2020/11/13 17:27:05
日志内容为:找不到存储过程 'up_SelProQulity'。
=====================================
=====================================
添加日期为:2020/11/13 17:28:05
日志内容为:找不到存储过程 'up_SelProQulity'。
=====================================
=====================================
添加日期为:2020/11/13 17:29:05
日志内容为:找不到存储过程 'up_SelProQulity'。
=====================================
=====================================
添加日期为:2020/11/13 17:30:05
日志内容为:找不到存储过程 'up_SelProQulity'。
=====================================
=====================================
添加日期为:2020/11/13 17:31:05
日志内容为:找不到存储过程 'up_SelProQulity'。
=====================================
=====================================
添加日期为:2020/11/13 17:32:05
日志内容为:找不到存储过程 'up_SelProQulity'。
=====================================
=====================================
添加日期为:2020/11/13 17:33:05
日志内容为:找不到存储过程 'up_SelProQulity'。
=====================================
=====================================
添加日期为:2020/11/13 17:34:05
日志内容为:找不到存储过程 'up_SelProQulity'。
=====================================
=====================================
添加日期为:2020/11/13 17:35:05
日志内容为:找不到存储过程 'up_SelProQulity'。
=====================================
=====================================
添加日期为:2020/11/13 17:36:05
日志内容为:找不到存储过程 'up_SelProQulity'。
=====================================
=====================================
添加日期为:2020/11/13 17:37:05
日志内容为:找不到存储过程 'up_SelProQulity'。
=====================================
=====================================
添加日期为:2020/11/13 17:38:05
日志内容为:找不到存储过程 'up_SelProQulity'。
=====================================
=====================================
添加日期为:2020/11/13 17:39:05
日志内容为:找不到存储过程 'up_SelProQulity'。
=====================================
=====================================
添加日期为:2020/11/13 17:40:05
日志内容为:找不到存储过程 'up_SelProQulity'。
=====================================
=====================================
添加日期为:2020/11/13 17:41:05
日志内容为:找不到存储过程 'up_SelProQulity'。
=====================================
=====================================
添加日期为:2020/11/13 17:42:05
日志内容为:找不到存储过程 'up_SelProQulity'。
=====================================
=====================================
添加日期为:2020/11/13 17:43:05
日志内容为:找不到存储过程 'up_SelProQulity'。
=====================================
=====================================
添加日期为:2020/11/13 17:44:05
日志内容为:找不到存储过程 'up_SelProQulity'。
=====================================
=====================================
添加日期为:2020/11/13 17:45:05
日志内容为:找不到存储过程 'up_SelProQulity'。
=====================================
=====================================
添加日期为:2020/11/13 17:46:05
日志内容为:找不到存储过程 'up_SelProQulity'。
=====================================
=====================================
添加日期为:2020/11/13 17:47:05
日志内容为:找不到存储过程 'up_SelProQulity'。
=====================================
=====================================
添加日期为:2020/11/13 17:48:05
日志内容为:找不到存储过程 'up_SelProQulity'。
=====================================
=====================================
添加日期为:2020/11/13 17:49:05
日志内容为:找不到存储过程 'up_SelProQulity'。
=====================================
=====================================
添加日期为:2020/11/13 17:50:05
日志内容为:找不到存储过程 'up_SelProQulity'。
=====================================
=====================================
添加日期为:2020/11/13 17:51:05
日志内容为:找不到存储过程 'up_SelProQulity'。
=====================================
=====================================
添加日期为:2020/11/13 17:52:06
日志内容为:找不到存储过程 'up_SelProQulity'。
=====================================
