=====================================
添加日期为:2020/11/28 9:45:31
日志内容为:找不到存储过程 'up_SelProQulity'。
=====================================
=====================================
添加日期为:2020/11/28 9:46:31
日志内容为:找不到存储过程 'up_SelProQulity'。
=====================================
=====================================
添加日期为:2020/11/28 9:47:31
日志内容为:找不到存储过程 'up_SelProQulity'。
=====================================
=====================================
添加日期为:2020/11/28 9:48:31
日志内容为:找不到存储过程 'up_SelProQulity'。
=====================================
=====================================
添加日期为:2020/11/28 9:49:31
日志内容为:找不到存储过程 'up_SelProQulity'。
=====================================
=====================================
添加日期为:2020/11/28 9:50:31
日志内容为:找不到存储过程 'up_SelProQulity'。
=====================================
=====================================
添加日期为:2020/11/28 9:51:31
日志内容为:找不到存储过程 'up_SelProQulity'。
=====================================
=====================================
添加日期为:2020/11/28 9:52:31
日志内容为:找不到存储过程 'up_SelProQulity'。
=====================================
=====================================
添加日期为:2020/11/28 9:53:31
日志内容为:找不到存储过程 'up_SelProQulity'。
=====================================
=====================================
添加日期为:2020/11/28 9:54:31
日志内容为:找不到存储过程 'up_SelProQulity'。
=====================================
=====================================
添加日期为:2020/11/28 9:55:31
日志内容为:找不到存储过程 'up_SelProQulity'。
=====================================
=====================================
添加日期为:2020/11/28 9:56:31
日志内容为:找不到存储过程 'up_SelProQulity'。
=====================================
=====================================
添加日期为:2020/11/28 9:57:31
日志内容为:找不到存储过程 'up_SelProQulity'。
=====================================
=====================================
添加日期为:2020/11/28 9:58:31
日志内容为:找不到存储过程 'up_SelProQulity'。
=====================================
=====================================
添加日期为:2020/11/28 9:59:31
日志内容为:找不到存储过程 'up_SelProQulity'。
=====================================
=====================================
添加日期为:2020/11/28 10:00:31
日志内容为:找不到存储过程 'up_SelProQulity'。
=====================================
=====================================
添加日期为:2020/11/28 10:01:31
日志内容为:找不到存储过程 'up_SelProQulity'。
=====================================
=====================================
添加日期为:2020/11/28 10:02:31
日志内容为:找不到存储过程 'up_SelProQulity'。
=====================================
=====================================
添加日期为:2020/11/28 10:03:31
日志内容为:找不到存储过程 'up_SelProQulity'。
=====================================
=====================================
添加日期为:2020/11/28 10:04:31
日志内容为:找不到存储过程 'up_SelProQulity'。
=====================================
=====================================
添加日期为:2020/11/28 10:05:31
日志内容为:找不到存储过程 'up_SelProQulity'。
=====================================
=====================================
添加日期为:2020/11/28 10:06:31
日志内容为:找不到存储过程 'up_SelProQulity'。
=====================================
=====================================
添加日期为:2020/11/28 10:07:31
日志内容为:找不到存储过程 'up_SelProQulity'。
=====================================
=====================================
添加日期为:2020/11/28 10:08:31
日志内容为:找不到存储过程 'up_SelProQulity'。
=====================================
=====================================
添加日期为:2020/11/28 10:09:31
日志内容为:找不到存储过程 'up_SelProQulity'。
=====================================
=====================================
添加日期为:2020/11/28 10:10:31
日志内容为:找不到存储过程 'up_SelProQulity'。
=====================================
=====================================
添加日期为:2020/11/28 10:11:31
日志内容为:找不到存储过程 'up_SelProQulity'。
=====================================
=====================================
添加日期为:2020/11/28 10:12:31
日志内容为:找不到存储过程 'up_SelProQulity'。
=====================================
=====================================
添加日期为:2020/11/28 10:13:31
日志内容为:找不到存储过程 'up_SelProQulity'。
=====================================
=====================================
添加日期为:2020/11/28 10:14:31
日志内容为:找不到存储过程 'up_SelProQulity'。
=====================================
=====================================
添加日期为:2020/11/28 10:15:31
日志内容为:找不到存储过程 'up_SelProQulity'。
=====================================
=====================================
添加日期为:2020/11/28 10:16:31
日志内容为:找不到存储过程 'up_SelProQulity'。
=====================================
=====================================
添加日期为:2020/11/28 10:17:31
日志内容为:找不到存储过程 'up_SelProQulity'。
=====================================
=====================================
添加日期为:2020/11/28 10:18:31
日志内容为:找不到存储过程 'up_SelProQulity'。
=====================================
=====================================
添加日期为:2020/11/28 10:19:31
日志内容为:找不到存储过程 'up_SelProQulity'。
=====================================
=====================================
添加日期为:2020/11/28 10:20:31
日志内容为:找不到存储过程 'up_SelProQulity'。
=====================================
=====================================
添加日期为:2020/11/28 10:21:31
日志内容为:找不到存储过程 'up_SelProQulity'。
=====================================
=====================================
添加日期为:2020/11/28 10:22:31
日志内容为:找不到存储过程 'up_SelProQulity'。
=====================================
=====================================
添加日期为:2020/11/28 10:23:31
日志内容为:找不到存储过程 'up_SelProQulity'。
=====================================
=====================================
添加日期为:2020/11/28 10:24:31
日志内容为:找不到存储过程 'up_SelProQulity'。
=====================================
=====================================
添加日期为:2020/11/28 10:25:31
日志内容为:找不到存储过程 'up_SelProQulity'。
=====================================
=====================================
添加日期为:2020/11/28 10:26:31
日志内容为:找不到存储过程 'up_SelProQulity'。
=====================================
=====================================
添加日期为:2020/11/28 10:27:31
日志内容为:找不到存储过程 'up_SelProQulity'。
=====================================
=====================================
添加日期为:2020/11/28 10:28:31
日志内容为:找不到存储过程 'up_SelProQulity'。
=====================================
=====================================
添加日期为:2020/11/28 10:29:31
日志内容为:找不到存储过程 'up_SelProQulity'。
=====================================
=====================================
添加日期为:2020/11/28 10:30:31
日志内容为:找不到存储过程 'up_SelProQulity'。
=====================================
=====================================
添加日期为:2020/11/28 10:31:31
日志内容为:找不到存储过程 'up_SelProQulity'。
=====================================
=====================================
添加日期为:2020/11/28 10:32:31
日志内容为:找不到存储过程 'up_SelProQulity'。
=====================================
=====================================
添加日期为:2020/11/28 10:33:31
日志内容为:找不到存储过程 'up_SelProQulity'。
=====================================
=====================================
添加日期为:2020/11/28 10:34:31
日志内容为:找不到存储过程 'up_SelProQulity'。
=====================================
=====================================
添加日期为:2020/11/28 10:35:31
日志内容为:找不到存储过程 'up_SelProQulity'。
=====================================
=====================================
添加日期为:2020/11/28 10:36:31
日志内容为:找不到存储过程 'up_SelProQulity'。
=====================================
=====================================
添加日期为:2020/11/28 10:37:31
日志内容为:找不到存储过程 'up_SelProQulity'。
=====================================
=====================================
添加日期为:2020/11/28 10:38:31
日志内容为:找不到存储过程 'up_SelProQulity'。
=====================================
=====================================
添加日期为:2020/11/28 10:39:31
日志内容为:找不到存储过程 'up_SelProQulity'。
=====================================
=====================================
添加日期为:2020/11/28 10:40:31
日志内容为:找不到存储过程 'up_SelProQulity'。
=====================================
=====================================
添加日期为:2020/11/28 10:41:31
日志内容为:找不到存储过程 'up_SelProQulity'。
=====================================
=====================================
添加日期为:2020/11/28 10:42:31
日志内容为:找不到存储过程 'up_SelProQulity'。
=====================================
=====================================
添加日期为:2020/11/28 10:43:31
日志内容为:找不到存储过程 'up_SelProQulity'。
=====================================
=====================================
添加日期为:2020/11/28 10:44:31
日志内容为:找不到存储过程 'up_SelProQulity'。
=====================================
=====================================
添加日期为:2020/11/28 10:45:31
日志内容为:找不到存储过程 'up_SelProQulity'。
=====================================
=====================================
添加日期为:2020/11/28 10:46:31
日志内容为:找不到存储过程 'up_SelProQulity'。
=====================================
=====================================
添加日期为:2020/11/28 10:47:31
日志内容为:找不到存储过程 'up_SelProQulity'。
=====================================
=====================================
添加日期为:2020/11/28 10:48:31
日志内容为:找不到存储过程 'up_SelProQulity'。
=====================================
=====================================
添加日期为:2020/11/28 10:49:31
日志内容为:找不到存储过程 'up_SelProQulity'。
=====================================
=====================================
添加日期为:2020/11/28 10:50:31
日志内容为:找不到存储过程 'up_SelProQulity'。
=====================================
=====================================
添加日期为:2020/11/28 10:51:31
日志内容为:找不到存储过程 'up_SelProQulity'。
=====================================
=====================================
添加日期为:2020/11/28 10:52:31
日志内容为:找不到存储过程 'up_SelProQulity'。
=====================================
=====================================
添加日期为:2020/11/28 10:53:31
日志内容为:找不到存储过程 'up_SelProQulity'。
=====================================
=====================================
添加日期为:2020/11/28 10:54:31
日志内容为:找不到存储过程 'up_SelProQulity'。
=====================================
=====================================
添加日期为:2020/11/28 10:55:31
日志内容为:找不到存储过程 'up_SelProQulity'。
=====================================
=====================================
添加日期为:2020/11/28 10:56:31
日志内容为:找不到存储过程 'up_SelProQulity'。
=====================================
=====================================
添加日期为:2020/11/28 10:57:31
日志内容为:找不到存储过程 'up_SelProQulity'。
=====================================
=====================================
添加日期为:2020/11/28 10:58:31
日志内容为:找不到存储过程 'up_SelProQulity'。
=====================================
=====================================
添加日期为:2020/11/28 10:59:31
日志内容为:找不到存储过程 'up_SelProQulity'。
=====================================
=====================================
添加日期为:2020/11/28 11:00:32
日志内容为:找不到存储过程 'up_SelProQulity'。
=====================================
=====================================
添加日期为:2020/11/28 11:01:31
日志内容为:找不到存储过程 'up_SelProQulity'。
=====================================
=====================================
添加日期为:2020/11/28 11:02:31
日志内容为:找不到存储过程 'up_SelProQulity'。
=====================================
=====================================
添加日期为:2020/11/28 11:03:31
日志内容为:找不到存储过程 'up_SelProQulity'。
=====================================
=====================================
添加日期为:2020/11/28 11:04:31
日志内容为:找不到存储过程 'up_SelProQulity'。
=====================================
=====================================
添加日期为:2020/11/28 11:05:31
日志内容为:找不到存储过程 'up_SelProQulity'。
=====================================
=====================================
添加日期为:2020/11/28 11:06:31
日志内容为:找不到存储过程 'up_SelProQulity'。
=====================================
=====================================
添加日期为:2020/11/28 11:07:31
日志内容为:找不到存储过程 'up_SelProQulity'。
=====================================
=====================================
添加日期为:2020/11/28 11:08:31
日志内容为:找不到存储过程 'up_SelProQulity'。
=====================================
=====================================
添加日期为:2020/11/28 11:09:31
日志内容为:找不到存储过程 'up_SelProQulity'。
=====================================
=====================================
添加日期为:2020/11/28 11:10:31
日志内容为:找不到存储过程 'up_SelProQulity'。
=====================================
=====================================
添加日期为:2020/11/28 11:11:31
日志内容为:找不到存储过程 'up_SelProQulity'。
=====================================
=====================================
添加日期为:2020/11/28 11:12:31
日志内容为:找不到存储过程 'up_SelProQulity'。
=====================================
=====================================
添加日期为:2020/11/28 11:13:31
日志内容为:找不到存储过程 'up_SelProQulity'。
=====================================
=====================================
添加日期为:2020/11/28 11:14:31
日志内容为:找不到存储过程 'up_SelProQulity'。
=====================================
=====================================
添加日期为:2020/11/28 11:15:31
日志内容为:找不到存储过程 'up_SelProQulity'。
=====================================
=====================================
添加日期为:2020/11/28 11:16:31
日志内容为:找不到存储过程 'up_SelProQulity'。
=====================================
=====================================
添加日期为:2020/11/28 11:17:31
日志内容为:找不到存储过程 'up_SelProQulity'。
=====================================
=====================================
添加日期为:2020/11/28 11:18:31
日志内容为:找不到存储过程 'up_SelProQulity'。
=====================================
=====================================
添加日期为:2020/11/28 11:19:31
日志内容为:找不到存储过程 'up_SelProQulity'。
=====================================
=====================================
添加日期为:2020/11/28 11:20:31
日志内容为:找不到存储过程 'up_SelProQulity'。
=====================================
=====================================
添加日期为:2020/11/28 11:21:31
日志内容为:找不到存储过程 'up_SelProQulity'。
=====================================
=====================================
添加日期为:2020/11/28 11:22:31
日志内容为:找不到存储过程 'up_SelProQulity'。
=====================================
=====================================
添加日期为:2020/11/28 11:23:31
日志内容为:找不到存储过程 'up_SelProQulity'。
=====================================
=====================================
添加日期为:2020/11/28 11:24:31
日志内容为:找不到存储过程 'up_SelProQulity'。
=====================================
=====================================
添加日期为:2020/11/28 11:25:31
日志内容为:找不到存储过程 'up_SelProQulity'。
=====================================
=====================================
添加日期为:2020/11/28 11:26:31
日志内容为:找不到存储过程 'up_SelProQulity'。
=====================================
=====================================
添加日期为:2020/11/28 11:27:31
日志内容为:找不到存储过程 'up_SelProQulity'。
=====================================
=====================================
添加日期为:2020/11/28 11:28:31
日志内容为:找不到存储过程 'up_SelProQulity'。
=====================================
=====================================
添加日期为:2020/11/28 11:29:31
日志内容为:找不到存储过程 'up_SelProQulity'。
=====================================
=====================================
添加日期为:2020/11/28 11:30:31
日志内容为:找不到存储过程 'up_SelProQulity'。
=====================================
=====================================
添加日期为:2020/11/28 11:31:31
日志内容为:找不到存储过程 'up_SelProQulity'。
=====================================
=====================================
添加日期为:2020/11/28 11:32:32
日志内容为:找不到存储过程 'up_SelProQulity'。
=====================================
=====================================
添加日期为:2020/11/28 11:33:33
日志内容为:找不到存储过程 'up_SelProQulity'。
=====================================
=====================================
添加日期为:2020/11/28 11:34:34
日志内容为:找不到存储过程 'up_SelProQulity'。
=====================================
=====================================
添加日期为:2020/11/28 11:35:35
日志内容为:找不到存储过程 'up_SelProQulity'。
=====================================
=====================================
添加日期为:2020/11/28 11:36:38
日志内容为:找不到存储过程 'up_SelProQulity'。
=====================================
=====================================
添加日期为:2020/11/28 11:37:32
日志内容为:找不到存储过程 'up_SelProQulity'。
=====================================
=====================================
添加日期为:2020/11/28 11:38:33
日志内容为:找不到存储过程 'up_SelProQulity'。
=====================================
=====================================
添加日期为:2020/11/28 11:39:33
日志内容为:找不到存储过程 'up_SelProQulity'。
=====================================
=====================================
添加日期为:2020/11/28 11:40:32
日志内容为:找不到存储过程 'up_SelProQulity'。
=====================================
=====================================
添加日期为:2020/11/28 11:41:32
日志内容为:找不到存储过程 'up_SelProQulity'。
=====================================
=====================================
添加日期为:2020/11/28 11:42:04
日志内容为:找不到存储过程 'up_SelProQulity'。
=====================================
=====================================
添加日期为:2020/11/28 11:43:18
日志内容为:在从服务器接收结果时发生传输级错误。 (provider: TCP Provider, error: 0 - 指定的网络名不再可用。)
=====================================
=====================================
添加日期为:2020/11/28 11:44:34
日志内容为:超时时间已到。超时时间已到，但是尚未从池中获取连接。出现这种情况可能是因为所有池连接均在使用，并且达到了最大池大小。
=====================================
=====================================
添加日期为:2020/11/28 11:45:19
日志内容为:在与 SQL Server 建立连接时出现与网络相关的或特定于实例的错误。未找到或无法访问服务器。请验证实例名称是否正确并且 SQL Server 已配置为允许远程连接。 (provider: Named Pipes Provider, error: 40 - 无法打开到 SQL Server 的连接)
=====================================
=====================================
添加日期为:2020/11/28 11:46:37
日志内容为:在与 SQL Server 建立连接时出现与网络相关的或特定于实例的错误。未找到或无法访问服务器。请验证实例名称是否正确并且 SQL Server 已配置为允许远程连接。 (provider: Named Pipes Provider, error: 40 - 无法打开到 SQL Server 的连接)
=====================================
=====================================
添加日期为:2020/11/28 11:47:48
日志内容为:在与 SQL Server 建立连接时出现与网络相关的或特定于实例的错误。未找到或无法访问服务器。请验证实例名称是否正确并且 SQL Server 已配置为允许远程连接。 (provider: Named Pipes Provider, error: 40 - 无法打开到 SQL Server 的连接)
=====================================
=====================================
添加日期为:2020/11/28 11:48:13
日志内容为:找不到存储过程 'up_SelProQulity'。
=====================================
=====================================
添加日期为:2020/11/28 11:49:37
日志内容为:在与 SQL Server 建立连接时出现与网络相关的或特定于实例的错误。未找到或无法访问服务器。请验证实例名称是否正确并且 SQL Server 已配置为允许远程连接。 (provider: Named Pipes Provider, error: 40 - 无法打开到 SQL Server 的连接)
=====================================
=====================================
添加日期为:2020/11/28 11:50:48
日志内容为:在与 SQL Server 建立连接时出现与网络相关的或特定于实例的错误。未找到或无法访问服务器。请验证实例名称是否正确并且 SQL Server 已配置为允许远程连接。 (provider: Named Pipes Provider, error: 40 - 无法打开到 SQL Server 的连接)
=====================================
=====================================
添加日期为:2020/11/28 11:51:19
日志内容为:在与 SQL Server 建立连接时出现与网络相关的或特定于实例的错误。未找到或无法访问服务器。请验证实例名称是否正确并且 SQL Server 已配置为允许远程连接。 (provider: Named Pipes Provider, error: 40 - 无法打开到 SQL Server 的连接)
=====================================
=====================================
添加日期为:2020/11/28 11:52:37
日志内容为:在与 SQL Server 建立连接时出现与网络相关的或特定于实例的错误。未找到或无法访问服务器。请验证实例名称是否正确并且 SQL Server 已配置为允许远程连接。 (provider: Named Pipes Provider, error: 40 - 无法打开到 SQL Server 的连接)
=====================================
=====================================
添加日期为:2020/11/28 11:53:48
日志内容为:在与 SQL Server 建立连接时出现与网络相关的或特定于实例的错误。未找到或无法访问服务器。请验证实例名称是否正确并且 SQL Server 已配置为允许远程连接。 (provider: Named Pipes Provider, error: 40 - 无法打开到 SQL Server 的连接)
=====================================
=====================================
添加日期为:2020/11/28 11:54:18
日志内容为:在与 SQL Server 建立连接时出现与网络相关的或特定于实例的错误。未找到或无法访问服务器。请验证实例名称是否正确并且 SQL Server 已配置为允许远程连接。 (provider: Named Pipes Provider, error: 40 - 无法打开到 SQL Server 的连接)
=====================================
=====================================
添加日期为:2020/11/28 11:55:37
日志内容为:在与 SQL Server 建立连接时出现与网络相关的或特定于实例的错误。未找到或无法访问服务器。请验证实例名称是否正确并且 SQL Server 已配置为允许远程连接。 (provider: Named Pipes Provider, error: 40 - 无法打开到 SQL Server 的连接)
=====================================
=====================================
添加日期为:2020/11/28 11:56:48
日志内容为:在与 SQL Server 建立连接时出现与网络相关的或特定于实例的错误。未找到或无法访问服务器。请验证实例名称是否正确并且 SQL Server 已配置为允许远程连接。 (provider: Named Pipes Provider, error: 40 - 无法打开到 SQL Server 的连接)
=====================================
=====================================
添加日期为:2020/11/28 11:57:19
日志内容为:在与 SQL Server 建立连接时出现与网络相关的或特定于实例的错误。未找到或无法访问服务器。请验证实例名称是否正确并且 SQL Server 已配置为允许远程连接。 (provider: Named Pipes Provider, error: 40 - 无法打开到 SQL Server 的连接)
=====================================
=====================================
添加日期为:2020/11/28 11:58:37
日志内容为:在与 SQL Server 建立连接时出现与网络相关的或特定于实例的错误。未找到或无法访问服务器。请验证实例名称是否正确并且 SQL Server 已配置为允许远程连接。 (provider: Named Pipes Provider, error: 40 - 无法打开到 SQL Server 的连接)
=====================================
=====================================
添加日期为:2020/11/28 11:59:48
日志内容为:在与 SQL Server 建立连接时出现与网络相关的或特定于实例的错误。未找到或无法访问服务器。请验证实例名称是否正确并且 SQL Server 已配置为允许远程连接。 (provider: Named Pipes Provider, error: 40 - 无法打开到 SQL Server 的连接)
=====================================
=====================================
添加日期为:2020/11/28 12:00:19
日志内容为:在与 SQL Server 建立连接时出现与网络相关的或特定于实例的错误。未找到或无法访问服务器。请验证实例名称是否正确并且 SQL Server 已配置为允许远程连接。 (provider: Named Pipes Provider, error: 40 - 无法打开到 SQL Server 的连接)
=====================================
=====================================
添加日期为:2020/11/28 12:01:04
日志内容为:找不到存储过程 'up_SelProQulity'。
=====================================
=====================================
添加日期为:2020/11/28 12:02:04
日志内容为:找不到存储过程 'up_SelProQulity'。
=====================================
=====================================
添加日期为:2020/11/28 12:03:04
日志内容为:找不到存储过程 'up_SelProQulity'。
=====================================
=====================================
添加日期为:2020/11/28 12:04:04
日志内容为:找不到存储过程 'up_SelProQulity'。
=====================================
=====================================
添加日期为:2020/11/28 12:05:04
日志内容为:找不到存储过程 'up_SelProQulity'。
=====================================
=====================================
添加日期为:2020/11/28 12:06:04
日志内容为:找不到存储过程 'up_SelProQulity'。
=====================================
=====================================
添加日期为:2020/11/28 12:07:04
日志内容为:找不到存储过程 'up_SelProQulity'。
=====================================
=====================================
添加日期为:2020/11/28 12:08:04
日志内容为:找不到存储过程 'up_SelProQulity'。
=====================================
=====================================
添加日期为:2020/11/28 12:09:04
日志内容为:找不到存储过程 'up_SelProQulity'。
=====================================
=====================================
添加日期为:2020/11/28 12:10:04
日志内容为:找不到存储过程 'up_SelProQulity'。
=====================================
=====================================
添加日期为:2020/11/28 12:11:04
日志内容为:找不到存储过程 'up_SelProQulity'。
=====================================
=====================================
添加日期为:2020/11/28 12:12:04
日志内容为:找不到存储过程 'up_SelProQulity'。
=====================================
=====================================
添加日期为:2020/11/28 12:13:04
日志内容为:找不到存储过程 'up_SelProQulity'。
=====================================
=====================================
添加日期为:2020/11/28 12:14:04
日志内容为:找不到存储过程 'up_SelProQulity'。
=====================================
=====================================
添加日期为:2020/11/28 12:15:04
日志内容为:找不到存储过程 'up_SelProQulity'。
=====================================
=====================================
添加日期为:2020/11/28 12:16:04
日志内容为:找不到存储过程 'up_SelProQulity'。
=====================================
=====================================
添加日期为:2020/11/28 12:17:04
日志内容为:找不到存储过程 'up_SelProQulity'。
=====================================
=====================================
添加日期为:2020/11/28 12:18:04
日志内容为:找不到存储过程 'up_SelProQulity'。
=====================================
=====================================
添加日期为:2020/11/28 12:19:04
日志内容为:找不到存储过程 'up_SelProQulity'。
=====================================
=====================================
添加日期为:2020/11/28 12:20:04
日志内容为:找不到存储过程 'up_SelProQulity'。
=====================================
=====================================
添加日期为:2020/11/28 12:21:04
日志内容为:找不到存储过程 'up_SelProQulity'。
=====================================
=====================================
添加日期为:2020/11/28 12:22:04
日志内容为:找不到存储过程 'up_SelProQulity'。
=====================================
=====================================
添加日期为:2020/11/28 12:23:04
日志内容为:找不到存储过程 'up_SelProQulity'。
=====================================
=====================================
添加日期为:2020/11/28 12:24:04
日志内容为:找不到存储过程 'up_SelProQulity'。
=====================================
=====================================
添加日期为:2020/11/28 12:25:04
日志内容为:找不到存储过程 'up_SelProQulity'。
=====================================
=====================================
添加日期为:2020/11/28 12:26:04
日志内容为:找不到存储过程 'up_SelProQulity'。
=====================================
=====================================
添加日期为:2020/11/28 12:27:04
日志内容为:找不到存储过程 'up_SelProQulity'。
=====================================
=====================================
添加日期为:2020/11/28 12:28:04
日志内容为:找不到存储过程 'up_SelProQulity'。
=====================================
=====================================
添加日期为:2020/11/28 12:29:04
日志内容为:找不到存储过程 'up_SelProQulity'。
=====================================
=====================================
添加日期为:2020/11/28 12:30:04
日志内容为:找不到存储过程 'up_SelProQulity'。
=====================================
=====================================
添加日期为:2020/11/28 12:31:04
日志内容为:找不到存储过程 'up_SelProQulity'。
=====================================
=====================================
添加日期为:2020/11/28 12:32:04
日志内容为:找不到存储过程 'up_SelProQulity'。
=====================================
=====================================
添加日期为:2020/11/28 12:33:04
日志内容为:找不到存储过程 'up_SelProQulity'。
=====================================
=====================================
添加日期为:2020/11/28 12:34:04
日志内容为:找不到存储过程 'up_SelProQulity'。
=====================================
=====================================
添加日期为:2020/11/28 12:35:04
日志内容为:找不到存储过程 'up_SelProQulity'。
=====================================
=====================================
添加日期为:2020/11/28 12:36:04
日志内容为:找不到存储过程 'up_SelProQulity'。
=====================================
=====================================
添加日期为:2020/11/28 12:37:04
日志内容为:找不到存储过程 'up_SelProQulity'。
=====================================
=====================================
添加日期为:2020/11/28 12:38:05
日志内容为:找不到存储过程 'up_SelProQulity'。
=====================================
=====================================
添加日期为:2020/11/28 12:39:04
日志内容为:找不到存储过程 'up_SelProQulity'。
=====================================
=====================================
添加日期为:2020/11/28 12:40:04
日志内容为:找不到存储过程 'up_SelProQulity'。
=====================================
=====================================
添加日期为:2020/11/28 12:41:04
日志内容为:找不到存储过程 'up_SelProQulity'。
=====================================
=====================================
添加日期为:2020/11/28 12:42:04
日志内容为:找不到存储过程 'up_SelProQulity'。
=====================================
=====================================
添加日期为:2020/11/28 12:43:04
日志内容为:找不到存储过程 'up_SelProQulity'。
=====================================
=====================================
添加日期为:2020/11/28 12:44:04
日志内容为:找不到存储过程 'up_SelProQulity'。
=====================================
=====================================
添加日期为:2020/11/28 12:45:04
日志内容为:找不到存储过程 'up_SelProQulity'。
=====================================
=====================================
添加日期为:2020/11/28 12:46:04
日志内容为:找不到存储过程 'up_SelProQulity'。
=====================================
=====================================
添加日期为:2020/11/28 12:47:04
日志内容为:找不到存储过程 'up_SelProQulity'。
=====================================
=====================================
添加日期为:2020/11/28 12:48:04
日志内容为:找不到存储过程 'up_SelProQulity'。
=====================================
=====================================
添加日期为:2020/11/28 12:49:04
日志内容为:找不到存储过程 'up_SelProQulity'。
=====================================
=====================================
添加日期为:2020/11/28 12:50:05
日志内容为:找不到存储过程 'up_SelProQulity'。
=====================================
=====================================
添加日期为:2020/11/28 12:51:04
日志内容为:找不到存储过程 'up_SelProQulity'。
=====================================
=====================================
添加日期为:2020/11/28 12:52:04
日志内容为:找不到存储过程 'up_SelProQulity'。
=====================================
=====================================
添加日期为:2020/11/28 12:53:04
日志内容为:找不到存储过程 'up_SelProQulity'。
=====================================
=====================================
添加日期为:2020/11/28 12:54:04
日志内容为:找不到存储过程 'up_SelProQulity'。
=====================================
=====================================
添加日期为:2020/11/28 12:55:04
日志内容为:找不到存储过程 'up_SelProQulity'。
=====================================
=====================================
添加日期为:2020/11/28 12:56:04
日志内容为:找不到存储过程 'up_SelProQulity'。
=====================================
=====================================
添加日期为:2020/11/28 12:57:04
日志内容为:找不到存储过程 'up_SelProQulity'。
=====================================
=====================================
添加日期为:2020/11/28 12:58:04
日志内容为:找不到存储过程 'up_SelProQulity'。
=====================================
=====================================
添加日期为:2020/11/28 12:59:04
日志内容为:找不到存储过程 'up_SelProQulity'。
=====================================
=====================================
添加日期为:2020/11/28 13:00:04
日志内容为:找不到存储过程 'up_SelProQulity'。
=====================================
=====================================
添加日期为:2020/11/28 13:01:04
日志内容为:找不到存储过程 'up_SelProQulity'。
=====================================
=====================================
添加日期为:2020/11/28 13:02:04
日志内容为:找不到存储过程 'up_SelProQulity'。
=====================================
=====================================
添加日期为:2020/11/28 13:03:04
日志内容为:找不到存储过程 'up_SelProQulity'。
=====================================
=====================================
添加日期为:2020/11/28 13:04:04
日志内容为:找不到存储过程 'up_SelProQulity'。
=====================================
=====================================
添加日期为:2020/11/28 13:05:04
日志内容为:找不到存储过程 'up_SelProQulity'。
=====================================
=====================================
添加日期为:2020/11/28 13:06:04
日志内容为:找不到存储过程 'up_SelProQulity'。
=====================================
=====================================
添加日期为:2020/11/28 13:07:04
日志内容为:找不到存储过程 'up_SelProQulity'。
=====================================
=====================================
添加日期为:2020/11/28 13:08:04
日志内容为:找不到存储过程 'up_SelProQulity'。
=====================================
=====================================
添加日期为:2020/11/28 13:09:04
日志内容为:找不到存储过程 'up_SelProQulity'。
=====================================
=====================================
添加日期为:2020/11/28 13:10:04
日志内容为:找不到存储过程 'up_SelProQulity'。
=====================================
=====================================
添加日期为:2020/11/28 13:11:04
日志内容为:找不到存储过程 'up_SelProQulity'。
=====================================
=====================================
添加日期为:2020/11/28 13:12:04
日志内容为:找不到存储过程 'up_SelProQulity'。
=====================================
=====================================
添加日期为:2020/11/28 13:13:04
日志内容为:找不到存储过程 'up_SelProQulity'。
=====================================
=====================================
添加日期为:2020/11/28 13:14:04
日志内容为:找不到存储过程 'up_SelProQulity'。
=====================================
=====================================
添加日期为:2020/11/28 13:15:04
日志内容为:找不到存储过程 'up_SelProQulity'。
=====================================
=====================================
添加日期为:2020/11/28 13:16:04
日志内容为:找不到存储过程 'up_SelProQulity'。
=====================================
=====================================
添加日期为:2020/11/28 13:17:04
日志内容为:找不到存储过程 'up_SelProQulity'。
=====================================
=====================================
添加日期为:2020/11/28 13:18:04
日志内容为:找不到存储过程 'up_SelProQulity'。
=====================================
=====================================
添加日期为:2020/11/28 13:19:04
日志内容为:找不到存储过程 'up_SelProQulity'。
=====================================
=====================================
添加日期为:2020/11/28 13:20:04
日志内容为:找不到存储过程 'up_SelProQulity'。
=====================================
=====================================
添加日期为:2020/11/28 13:21:05
日志内容为:找不到存储过程 'up_SelProQulity'。
=====================================
=====================================
添加日期为:2020/11/28 13:22:04
日志内容为:找不到存储过程 'up_SelProQulity'。
=====================================
=====================================
添加日期为:2020/11/28 13:23:04
日志内容为:找不到存储过程 'up_SelProQulity'。
=====================================
=====================================
添加日期为:2020/11/28 13:24:04
日志内容为:找不到存储过程 'up_SelProQulity'。
=====================================
=====================================
添加日期为:2020/11/28 13:25:04
日志内容为:找不到存储过程 'up_SelProQulity'。
=====================================
=====================================
添加日期为:2020/11/28 13:26:04
日志内容为:找不到存储过程 'up_SelProQulity'。
=====================================
=====================================
添加日期为:2020/11/28 13:27:04
日志内容为:找不到存储过程 'up_SelProQulity'。
=====================================
=====================================
添加日期为:2020/11/28 13:28:04
日志内容为:找不到存储过程 'up_SelProQulity'。
=====================================
=====================================
添加日期为:2020/11/28 13:29:04
日志内容为:找不到存储过程 'up_SelProQulity'。
=====================================
=====================================
添加日期为:2020/11/28 13:30:04
日志内容为:找不到存储过程 'up_SelProQulity'。
=====================================
=====================================
添加日期为:2020/11/28 13:31:04
日志内容为:找不到存储过程 'up_SelProQulity'。
=====================================
=====================================
添加日期为:2020/11/28 13:32:04
日志内容为:找不到存储过程 'up_SelProQulity'。
=====================================
=====================================
添加日期为:2020/11/28 13:33:04
日志内容为:找不到存储过程 'up_SelProQulity'。
=====================================
=====================================
添加日期为:2020/11/28 13:34:04
日志内容为:找不到存储过程 'up_SelProQulity'。
=====================================
=====================================
添加日期为:2020/11/28 13:35:04
日志内容为:找不到存储过程 'up_SelProQulity'。
=====================================
=====================================
添加日期为:2020/11/28 13:36:04
日志内容为:找不到存储过程 'up_SelProQulity'。
=====================================
=====================================
添加日期为:2020/11/28 13:37:04
日志内容为:找不到存储过程 'up_SelProQulity'。
=====================================
=====================================
添加日期为:2020/11/28 13:38:04
日志内容为:找不到存储过程 'up_SelProQulity'。
=====================================
=====================================
添加日期为:2020/11/28 13:39:04
日志内容为:找不到存储过程 'up_SelProQulity'。
=====================================
=====================================
添加日期为:2020/11/28 13:40:04
日志内容为:找不到存储过程 'up_SelProQulity'。
=====================================
=====================================
添加日期为:2020/11/28 13:41:04
日志内容为:找不到存储过程 'up_SelProQulity'。
=====================================
=====================================
添加日期为:2020/11/28 13:42:04
日志内容为:找不到存储过程 'up_SelProQulity'。
=====================================
=====================================
添加日期为:2020/11/28 13:43:04
日志内容为:找不到存储过程 'up_SelProQulity'。
=====================================
=====================================
添加日期为:2020/11/28 13:44:04
日志内容为:找不到存储过程 'up_SelProQulity'。
=====================================
=====================================
添加日期为:2020/11/28 13:45:04
日志内容为:找不到存储过程 'up_SelProQulity'。
=====================================
=====================================
添加日期为:2020/11/28 13:46:04
日志内容为:找不到存储过程 'up_SelProQulity'。
=====================================
=====================================
添加日期为:2020/11/28 13:47:04
日志内容为:找不到存储过程 'up_SelProQulity'。
=====================================
=====================================
添加日期为:2020/11/28 13:48:04
日志内容为:找不到存储过程 'up_SelProQulity'。
=====================================
=====================================
添加日期为:2020/11/28 13:49:04
日志内容为:找不到存储过程 'up_SelProQulity'。
=====================================
=====================================
添加日期为:2020/11/28 13:50:04
日志内容为:找不到存储过程 'up_SelProQulity'。
=====================================
=====================================
添加日期为:2020/11/28 13:51:04
日志内容为:找不到存储过程 'up_SelProQulity'。
=====================================
=====================================
添加日期为:2020/11/28 13:52:04
日志内容为:找不到存储过程 'up_SelProQulity'。
=====================================
=====================================
添加日期为:2020/11/28 13:53:04
日志内容为:找不到存储过程 'up_SelProQulity'。
=====================================
=====================================
添加日期为:2020/11/28 13:54:04
日志内容为:找不到存储过程 'up_SelProQulity'。
=====================================
=====================================
添加日期为:2020/11/28 13:55:04
日志内容为:找不到存储过程 'up_SelProQulity'。
=====================================
=====================================
添加日期为:2020/11/28 13:56:04
日志内容为:找不到存储过程 'up_SelProQulity'。
=====================================
=====================================
添加日期为:2020/11/28 13:57:04
日志内容为:找不到存储过程 'up_SelProQulity'。
=====================================
=====================================
添加日期为:2020/11/28 13:58:04
日志内容为:找不到存储过程 'up_SelProQulity'。
=====================================
=====================================
添加日期为:2020/11/28 13:59:04
日志内容为:找不到存储过程 'up_SelProQulity'。
=====================================
=====================================
添加日期为:2020/11/28 14:00:04
日志内容为:找不到存储过程 'up_SelProQulity'。
=====================================
=====================================
添加日期为:2020/11/28 14:01:04
日志内容为:找不到存储过程 'up_SelProQulity'。
=====================================
=====================================
添加日期为:2020/11/28 14:02:04
日志内容为:找不到存储过程 'up_SelProQulity'。
=====================================
=====================================
添加日期为:2020/11/28 14:03:04
日志内容为:找不到存储过程 'up_SelProQulity'。
=====================================
=====================================
添加日期为:2020/11/28 14:04:04
日志内容为:找不到存储过程 'up_SelProQulity'。
=====================================
=====================================
添加日期为:2020/11/28 14:05:04
日志内容为:找不到存储过程 'up_SelProQulity'。
=====================================
=====================================
添加日期为:2020/11/28 14:06:04
日志内容为:找不到存储过程 'up_SelProQulity'。
=====================================
=====================================
添加日期为:2020/11/28 14:07:04
日志内容为:找不到存储过程 'up_SelProQulity'。
=====================================
=====================================
添加日期为:2020/11/28 14:08:04
日志内容为:找不到存储过程 'up_SelProQulity'。
=====================================
=====================================
添加日期为:2020/11/28 14:09:04
日志内容为:找不到存储过程 'up_SelProQulity'。
=====================================
=====================================
添加日期为:2020/11/28 14:10:04
日志内容为:找不到存储过程 'up_SelProQulity'。
=====================================
=====================================
添加日期为:2020/11/28 14:11:04
日志内容为:找不到存储过程 'up_SelProQulity'。
=====================================
=====================================
添加日期为:2020/11/28 14:12:04
日志内容为:找不到存储过程 'up_SelProQulity'。
=====================================
=====================================
添加日期为:2020/11/28 14:13:04
日志内容为:找不到存储过程 'up_SelProQulity'。
=====================================
=====================================
添加日期为:2020/11/28 14:14:04
日志内容为:找不到存储过程 'up_SelProQulity'。
=====================================
=====================================
添加日期为:2020/11/28 14:15:04
日志内容为:找不到存储过程 'up_SelProQulity'。
=====================================
=====================================
添加日期为:2020/11/28 14:16:04
日志内容为:找不到存储过程 'up_SelProQulity'。
=====================================
=====================================
添加日期为:2020/11/28 14:17:04
日志内容为:找不到存储过程 'up_SelProQulity'。
=====================================
=====================================
添加日期为:2020/11/28 14:18:04
日志内容为:找不到存储过程 'up_SelProQulity'。
=====================================
=====================================
添加日期为:2020/11/28 14:19:04
日志内容为:找不到存储过程 'up_SelProQulity'。
=====================================
=====================================
添加日期为:2020/11/28 14:20:04
日志内容为:找不到存储过程 'up_SelProQulity'。
=====================================
=====================================
添加日期为:2020/11/28 14:21:04
日志内容为:找不到存储过程 'up_SelProQulity'。
=====================================
=====================================
添加日期为:2020/11/28 14:22:04
日志内容为:找不到存储过程 'up_SelProQulity'。
=====================================
=====================================
添加日期为:2020/11/28 14:23:04
日志内容为:找不到存储过程 'up_SelProQulity'。
=====================================
=====================================
添加日期为:2020/11/28 14:24:04
日志内容为:找不到存储过程 'up_SelProQulity'。
=====================================
=====================================
添加日期为:2020/11/28 14:25:04
日志内容为:找不到存储过程 'up_SelProQulity'。
=====================================
=====================================
添加日期为:2020/11/28 14:26:04
日志内容为:找不到存储过程 'up_SelProQulity'。
=====================================
=====================================
添加日期为:2020/11/28 14:27:05
日志内容为:找不到存储过程 'up_SelProQulity'。
=====================================
=====================================
添加日期为:2020/11/28 14:28:05
日志内容为:找不到存储过程 'up_SelProQulity'。
=====================================
=====================================
添加日期为:2020/11/28 14:29:05
日志内容为:找不到存储过程 'up_SelProQulity'。
=====================================
=====================================
添加日期为:2020/11/28 14:30:05
日志内容为:找不到存储过程 'up_SelProQulity'。
=====================================
=====================================
添加日期为:2020/11/28 14:31:05
日志内容为:找不到存储过程 'up_SelProQulity'。
=====================================
=====================================
添加日期为:2020/11/28 14:32:05
日志内容为:找不到存储过程 'up_SelProQulity'。
=====================================
=====================================
添加日期为:2020/11/28 14:33:05
日志内容为:找不到存储过程 'up_SelProQulity'。
=====================================
=====================================
添加日期为:2020/11/28 14:34:05
日志内容为:找不到存储过程 'up_SelProQulity'。
=====================================
=====================================
添加日期为:2020/11/28 14:35:05
日志内容为:找不到存储过程 'up_SelProQulity'。
=====================================
=====================================
添加日期为:2020/11/28 14:36:05
日志内容为:找不到存储过程 'up_SelProQulity'。
=====================================
=====================================
添加日期为:2020/11/28 14:37:05
日志内容为:找不到存储过程 'up_SelProQulity'。
=====================================
=====================================
添加日期为:2020/11/28 14:38:05
日志内容为:找不到存储过程 'up_SelProQulity'。
=====================================
=====================================
添加日期为:2020/11/28 14:39:05
日志内容为:找不到存储过程 'up_SelProQulity'。
=====================================
=====================================
添加日期为:2020/11/28 14:40:05
日志内容为:找不到存储过程 'up_SelProQulity'。
=====================================
=====================================
添加日期为:2020/11/28 14:41:05
日志内容为:找不到存储过程 'up_SelProQulity'。
=====================================
=====================================
添加日期为:2020/11/28 14:42:05
日志内容为:找不到存储过程 'up_SelProQulity'。
=====================================
=====================================
添加日期为:2020/11/28 14:43:05
日志内容为:找不到存储过程 'up_SelProQulity'。
=====================================
=====================================
添加日期为:2020/11/28 14:44:05
日志内容为:找不到存储过程 'up_SelProQulity'。
=====================================
=====================================
添加日期为:2020/11/28 14:45:05
日志内容为:找不到存储过程 'up_SelProQulity'。
=====================================
=====================================
添加日期为:2020/11/28 14:46:05
日志内容为:找不到存储过程 'up_SelProQulity'。
=====================================
=====================================
添加日期为:2020/11/28 14:47:05
日志内容为:找不到存储过程 'up_SelProQulity'。
=====================================
=====================================
添加日期为:2020/11/28 14:48:05
日志内容为:找不到存储过程 'up_SelProQulity'。
=====================================
=====================================
添加日期为:2020/11/28 14:49:05
日志内容为:找不到存储过程 'up_SelProQulity'。
=====================================
=====================================
添加日期为:2020/11/28 14:50:05
日志内容为:找不到存储过程 'up_SelProQulity'。
=====================================
=====================================
添加日期为:2020/11/28 14:51:05
日志内容为:找不到存储过程 'up_SelProQulity'。
=====================================
=====================================
添加日期为:2020/11/28 14:52:05
日志内容为:找不到存储过程 'up_SelProQulity'。
=====================================
=====================================
添加日期为:2020/11/28 14:53:05
日志内容为:找不到存储过程 'up_SelProQulity'。
=====================================
=====================================
添加日期为:2020/11/28 14:54:05
日志内容为:找不到存储过程 'up_SelProQulity'。
=====================================
=====================================
添加日期为:2020/11/28 14:55:05
日志内容为:找不到存储过程 'up_SelProQulity'。
=====================================
=====================================
添加日期为:2020/11/28 14:56:05
日志内容为:找不到存储过程 'up_SelProQulity'。
=====================================
=====================================
添加日期为:2020/11/28 14:57:05
日志内容为:找不到存储过程 'up_SelProQulity'。
=====================================
=====================================
添加日期为:2020/11/28 14:58:05
日志内容为:找不到存储过程 'up_SelProQulity'。
=====================================
=====================================
添加日期为:2020/11/28 14:59:05
日志内容为:找不到存储过程 'up_SelProQulity'。
=====================================
=====================================
添加日期为:2020/11/28 15:00:05
日志内容为:找不到存储过程 'up_SelProQulity'。
=====================================
=====================================
添加日期为:2020/11/28 15:01:05
日志内容为:找不到存储过程 'up_SelProQulity'。
=====================================
=====================================
添加日期为:2020/11/28 15:02:05
日志内容为:找不到存储过程 'up_SelProQulity'。
=====================================
=====================================
添加日期为:2020/11/28 15:03:05
日志内容为:找不到存储过程 'up_SelProQulity'。
=====================================
=====================================
添加日期为:2020/11/28 15:04:05
日志内容为:找不到存储过程 'up_SelProQulity'。
=====================================
=====================================
添加日期为:2020/11/28 15:05:05
日志内容为:找不到存储过程 'up_SelProQulity'。
=====================================
=====================================
添加日期为:2020/11/28 15:06:05
日志内容为:找不到存储过程 'up_SelProQulity'。
=====================================
=====================================
添加日期为:2020/11/28 15:07:05
日志内容为:找不到存储过程 'up_SelProQulity'。
=====================================
=====================================
添加日期为:2020/11/28 15:08:05
日志内容为:找不到存储过程 'up_SelProQulity'。
=====================================
=====================================
添加日期为:2020/11/28 15:09:05
日志内容为:找不到存储过程 'up_SelProQulity'。
=====================================
=====================================
添加日期为:2020/11/28 15:10:05
日志内容为:找不到存储过程 'up_SelProQulity'。
=====================================
=====================================
添加日期为:2020/11/28 15:11:05
日志内容为:找不到存储过程 'up_SelProQulity'。
=====================================
=====================================
添加日期为:2020/11/28 15:12:05
日志内容为:找不到存储过程 'up_SelProQulity'。
=====================================
=====================================
添加日期为:2020/11/28 15:13:05
日志内容为:找不到存储过程 'up_SelProQulity'。
=====================================
=====================================
添加日期为:2020/11/28 15:14:05
日志内容为:找不到存储过程 'up_SelProQulity'。
=====================================
=====================================
添加日期为:2020/11/28 15:15:05
日志内容为:找不到存储过程 'up_SelProQulity'。
=====================================
=====================================
添加日期为:2020/11/28 15:16:05
日志内容为:找不到存储过程 'up_SelProQulity'。
=====================================
=====================================
添加日期为:2020/11/28 15:17:05
日志内容为:找不到存储过程 'up_SelProQulity'。
=====================================
=====================================
添加日期为:2020/11/28 15:18:05
日志内容为:找不到存储过程 'up_SelProQulity'。
=====================================
=====================================
添加日期为:2020/11/28 15:19:05
日志内容为:找不到存储过程 'up_SelProQulity'。
=====================================
=====================================
添加日期为:2020/11/28 15:20:05
日志内容为:找不到存储过程 'up_SelProQulity'。
=====================================
=====================================
添加日期为:2020/11/28 15:21:05
日志内容为:找不到存储过程 'up_SelProQulity'。
=====================================
=====================================
添加日期为:2020/11/28 15:22:05
日志内容为:找不到存储过程 'up_SelProQulity'。
=====================================
=====================================
添加日期为:2020/11/28 15:23:05
日志内容为:找不到存储过程 'up_SelProQulity'。
=====================================
=====================================
添加日期为:2020/11/28 15:24:05
日志内容为:找不到存储过程 'up_SelProQulity'。
=====================================
=====================================
添加日期为:2020/11/28 15:25:05
日志内容为:找不到存储过程 'up_SelProQulity'。
=====================================
=====================================
添加日期为:2020/11/28 15:26:05
日志内容为:找不到存储过程 'up_SelProQulity'。
=====================================
=====================================
添加日期为:2020/11/28 15:27:05
日志内容为:找不到存储过程 'up_SelProQulity'。
=====================================
=====================================
添加日期为:2020/11/28 15:28:05
日志内容为:找不到存储过程 'up_SelProQulity'。
=====================================
=====================================
添加日期为:2020/11/28 15:29:05
日志内容为:找不到存储过程 'up_SelProQulity'。
=====================================
=====================================
添加日期为:2020/11/28 15:30:05
日志内容为:找不到存储过程 'up_SelProQulity'。
=====================================
=====================================
添加日期为:2020/11/28 15:31:05
日志内容为:找不到存储过程 'up_SelProQulity'。
=====================================
=====================================
添加日期为:2020/11/28 15:32:05
日志内容为:找不到存储过程 'up_SelProQulity'。
=====================================
=====================================
添加日期为:2020/11/28 15:33:05
日志内容为:找不到存储过程 'up_SelProQulity'。
=====================================
=====================================
添加日期为:2020/11/28 15:34:05
日志内容为:找不到存储过程 'up_SelProQulity'。
=====================================
=====================================
添加日期为:2020/11/28 15:35:05
日志内容为:找不到存储过程 'up_SelProQulity'。
=====================================
=====================================
添加日期为:2020/11/28 15:36:05
日志内容为:找不到存储过程 'up_SelProQulity'。
=====================================
=====================================
添加日期为:2020/11/28 15:37:05
日志内容为:找不到存储过程 'up_SelProQulity'。
=====================================
=====================================
添加日期为:2020/11/28 15:38:05
日志内容为:找不到存储过程 'up_SelProQulity'。
=====================================
=====================================
添加日期为:2020/11/28 15:39:05
日志内容为:找不到存储过程 'up_SelProQulity'。
=====================================
=====================================
添加日期为:2020/11/28 15:40:05
日志内容为:找不到存储过程 'up_SelProQulity'。
=====================================
=====================================
添加日期为:2020/11/28 15:41:05
日志内容为:找不到存储过程 'up_SelProQulity'。
=====================================
=====================================
添加日期为:2020/11/28 15:42:05
日志内容为:找不到存储过程 'up_SelProQulity'。
=====================================
=====================================
添加日期为:2020/11/28 15:43:05
日志内容为:找不到存储过程 'up_SelProQulity'。
=====================================
=====================================
添加日期为:2020/11/28 15:44:05
日志内容为:找不到存储过程 'up_SelProQulity'。
=====================================
=====================================
添加日期为:2020/11/28 15:45:05
日志内容为:找不到存储过程 'up_SelProQulity'。
=====================================
=====================================
添加日期为:2020/11/28 15:46:05
日志内容为:找不到存储过程 'up_SelProQulity'。
=====================================
=====================================
添加日期为:2020/11/28 15:47:05
日志内容为:找不到存储过程 'up_SelProQulity'。
=====================================
=====================================
添加日期为:2020/11/28 15:48:05
日志内容为:找不到存储过程 'up_SelProQulity'。
=====================================
=====================================
添加日期为:2020/11/28 15:49:05
日志内容为:找不到存储过程 'up_SelProQulity'。
=====================================
=====================================
添加日期为:2020/11/28 15:50:05
日志内容为:找不到存储过程 'up_SelProQulity'。
=====================================
=====================================
添加日期为:2020/11/28 15:51:05
日志内容为:找不到存储过程 'up_SelProQulity'。
=====================================
=====================================
添加日期为:2020/11/28 15:52:05
日志内容为:找不到存储过程 'up_SelProQulity'。
=====================================
=====================================
添加日期为:2020/11/28 15:53:05
日志内容为:找不到存储过程 'up_SelProQulity'。
=====================================
=====================================
添加日期为:2020/11/28 15:54:05
日志内容为:找不到存储过程 'up_SelProQulity'。
=====================================
=====================================
添加日期为:2020/11/28 15:55:05
日志内容为:找不到存储过程 'up_SelProQulity'。
=====================================
=====================================
添加日期为:2020/11/28 15:56:05
日志内容为:找不到存储过程 'up_SelProQulity'。
=====================================
=====================================
添加日期为:2020/11/28 15:57:05
日志内容为:找不到存储过程 'up_SelProQulity'。
=====================================
=====================================
添加日期为:2020/11/28 15:58:05
日志内容为:找不到存储过程 'up_SelProQulity'。
=====================================
=====================================
添加日期为:2020/11/28 15:59:05
日志内容为:找不到存储过程 'up_SelProQulity'。
=====================================
=====================================
添加日期为:2020/11/28 16:00:05
日志内容为:找不到存储过程 'up_SelProQulity'。
=====================================
=====================================
添加日期为:2020/11/28 16:01:05
日志内容为:找不到存储过程 'up_SelProQulity'。
=====================================
=====================================
添加日期为:2020/11/28 16:02:05
日志内容为:找不到存储过程 'up_SelProQulity'。
=====================================
=====================================
添加日期为:2020/11/28 16:03:05
日志内容为:找不到存储过程 'up_SelProQulity'。
=====================================
=====================================
添加日期为:2020/11/28 16:04:05
日志内容为:找不到存储过程 'up_SelProQulity'。
=====================================
=====================================
添加日期为:2020/11/28 16:05:05
日志内容为:找不到存储过程 'up_SelProQulity'。
=====================================
=====================================
添加日期为:2020/11/28 16:06:05
日志内容为:找不到存储过程 'up_SelProQulity'。
=====================================
=====================================
添加日期为:2020/11/28 16:07:05
日志内容为:找不到存储过程 'up_SelProQulity'。
=====================================
=====================================
添加日期为:2020/11/28 16:08:05
日志内容为:找不到存储过程 'up_SelProQulity'。
=====================================
=====================================
添加日期为:2020/11/28 16:09:05
日志内容为:找不到存储过程 'up_SelProQulity'。
=====================================
=====================================
添加日期为:2020/11/28 16:10:05
日志内容为:找不到存储过程 'up_SelProQulity'。
=====================================
=====================================
添加日期为:2020/11/28 16:11:05
日志内容为:找不到存储过程 'up_SelProQulity'。
=====================================
=====================================
添加日期为:2020/11/28 16:12:05
日志内容为:找不到存储过程 'up_SelProQulity'。
=====================================
=====================================
添加日期为:2020/11/28 16:13:05
日志内容为:找不到存储过程 'up_SelProQulity'。
=====================================
=====================================
添加日期为:2020/11/28 16:14:05
日志内容为:找不到存储过程 'up_SelProQulity'。
=====================================
=====================================
添加日期为:2020/11/28 16:15:05
日志内容为:找不到存储过程 'up_SelProQulity'。
=====================================
=====================================
添加日期为:2020/11/28 16:16:05
日志内容为:找不到存储过程 'up_SelProQulity'。
=====================================
=====================================
添加日期为:2020/11/28 16:17:05
日志内容为:找不到存储过程 'up_SelProQulity'。
=====================================
=====================================
添加日期为:2020/11/28 16:18:05
日志内容为:找不到存储过程 'up_SelProQulity'。
=====================================
=====================================
添加日期为:2020/11/28 16:19:05
日志内容为:找不到存储过程 'up_SelProQulity'。
=====================================
=====================================
添加日期为:2020/11/28 16:20:05
日志内容为:找不到存储过程 'up_SelProQulity'。
=====================================
=====================================
添加日期为:2020/11/28 16:21:05
日志内容为:找不到存储过程 'up_SelProQulity'。
=====================================
=====================================
添加日期为:2020/11/28 16:22:05
日志内容为:找不到存储过程 'up_SelProQulity'。
=====================================
=====================================
添加日期为:2020/11/28 16:23:05
日志内容为:找不到存储过程 'up_SelProQulity'。
=====================================
=====================================
添加日期为:2020/11/28 16:24:05
日志内容为:找不到存储过程 'up_SelProQulity'。
=====================================
=====================================
添加日期为:2020/11/28 16:25:05
日志内容为:找不到存储过程 'up_SelProQulity'。
=====================================
=====================================
添加日期为:2020/11/28 16:26:05
日志内容为:找不到存储过程 'up_SelProQulity'。
=====================================
=====================================
添加日期为:2020/11/28 16:27:05
日志内容为:找不到存储过程 'up_SelProQulity'。
=====================================
=====================================
添加日期为:2020/11/28 16:28:05
日志内容为:找不到存储过程 'up_SelProQulity'。
=====================================
=====================================
添加日期为:2020/11/28 16:29:05
日志内容为:找不到存储过程 'up_SelProQulity'。
=====================================
=====================================
添加日期为:2020/11/28 16:30:05
日志内容为:找不到存储过程 'up_SelProQulity'。
=====================================
=====================================
添加日期为:2020/11/28 16:31:05
日志内容为:找不到存储过程 'up_SelProQulity'。
=====================================
=====================================
添加日期为:2020/11/28 16:32:05
日志内容为:找不到存储过程 'up_SelProQulity'。
=====================================
=====================================
添加日期为:2020/11/28 16:33:05
日志内容为:找不到存储过程 'up_SelProQulity'。
=====================================
=====================================
添加日期为:2020/11/28 16:34:05
日志内容为:找不到存储过程 'up_SelProQulity'。
=====================================
=====================================
添加日期为:2020/11/28 16:35:05
日志内容为:找不到存储过程 'up_SelProQulity'。
=====================================
=====================================
添加日期为:2020/11/28 16:36:05
日志内容为:找不到存储过程 'up_SelProQulity'。
=====================================
=====================================
添加日期为:2020/11/28 16:37:05
日志内容为:找不到存储过程 'up_SelProQulity'。
=====================================
=====================================
添加日期为:2020/11/28 16:38:05
日志内容为:找不到存储过程 'up_SelProQulity'。
=====================================
=====================================
添加日期为:2020/11/28 16:39:05
日志内容为:找不到存储过程 'up_SelProQulity'。
=====================================
=====================================
添加日期为:2020/11/28 16:40:05
日志内容为:找不到存储过程 'up_SelProQulity'。
=====================================
=====================================
添加日期为:2020/11/28 16:41:05
日志内容为:找不到存储过程 'up_SelProQulity'。
=====================================
=====================================
添加日期为:2020/11/28 16:42:05
日志内容为:找不到存储过程 'up_SelProQulity'。
=====================================
=====================================
添加日期为:2020/11/28 16:43:05
日志内容为:找不到存储过程 'up_SelProQulity'。
=====================================
=====================================
添加日期为:2020/11/28 16:44:05
日志内容为:找不到存储过程 'up_SelProQulity'。
=====================================
=====================================
添加日期为:2020/11/28 16:45:05
日志内容为:找不到存储过程 'up_SelProQulity'。
=====================================
=====================================
添加日期为:2020/11/28 16:46:05
日志内容为:找不到存储过程 'up_SelProQulity'。
=====================================
=====================================
添加日期为:2020/11/28 16:47:05
日志内容为:找不到存储过程 'up_SelProQulity'。
=====================================
=====================================
添加日期为:2020/11/28 16:48:05
日志内容为:找不到存储过程 'up_SelProQulity'。
=====================================
=====================================
添加日期为:2020/11/28 16:49:05
日志内容为:找不到存储过程 'up_SelProQulity'。
=====================================
=====================================
添加日期为:2020/11/28 16:50:05
日志内容为:找不到存储过程 'up_SelProQulity'。
=====================================
=====================================
添加日期为:2020/11/28 16:51:05
日志内容为:找不到存储过程 'up_SelProQulity'。
=====================================
=====================================
添加日期为:2020/11/28 16:52:05
日志内容为:找不到存储过程 'up_SelProQulity'。
=====================================
=====================================
添加日期为:2020/11/28 16:53:05
日志内容为:找不到存储过程 'up_SelProQulity'。
=====================================
=====================================
添加日期为:2020/11/28 16:54:05
日志内容为:找不到存储过程 'up_SelProQulity'。
=====================================
=====================================
添加日期为:2020/11/28 16:55:05
日志内容为:找不到存储过程 'up_SelProQulity'。
=====================================
=====================================
添加日期为:2020/11/28 16:56:05
日志内容为:找不到存储过程 'up_SelProQulity'。
=====================================
=====================================
添加日期为:2020/11/28 16:57:05
日志内容为:找不到存储过程 'up_SelProQulity'。
=====================================
=====================================
添加日期为:2020/11/28 16:58:05
日志内容为:找不到存储过程 'up_SelProQulity'。
=====================================
=====================================
添加日期为:2020/11/28 16:59:05
日志内容为:找不到存储过程 'up_SelProQulity'。
=====================================
=====================================
添加日期为:2020/11/28 17:00:05
日志内容为:找不到存储过程 'up_SelProQulity'。
=====================================
=====================================
添加日期为:2020/11/28 17:01:05
日志内容为:找不到存储过程 'up_SelProQulity'。
=====================================
=====================================
添加日期为:2020/11/28 17:02:05
日志内容为:找不到存储过程 'up_SelProQulity'。
=====================================
=====================================
添加日期为:2020/11/28 17:03:05
日志内容为:找不到存储过程 'up_SelProQulity'。
=====================================
=====================================
添加日期为:2020/11/28 17:04:05
日志内容为:找不到存储过程 'up_SelProQulity'。
=====================================
=====================================
添加日期为:2020/11/28 17:05:05
日志内容为:找不到存储过程 'up_SelProQulity'。
=====================================
=====================================
添加日期为:2020/11/28 17:06:05
日志内容为:找不到存储过程 'up_SelProQulity'。
=====================================
=====================================
添加日期为:2020/11/28 17:07:05
日志内容为:找不到存储过程 'up_SelProQulity'。
=====================================
=====================================
添加日期为:2020/11/28 17:08:05
日志内容为:找不到存储过程 'up_SelProQulity'。
=====================================
=====================================
添加日期为:2020/11/28 17:09:05
日志内容为:找不到存储过程 'up_SelProQulity'。
=====================================
=====================================
添加日期为:2020/11/28 17:10:05
日志内容为:找不到存储过程 'up_SelProQulity'。
=====================================
=====================================
添加日期为:2020/11/28 17:11:05
日志内容为:找不到存储过程 'up_SelProQulity'。
=====================================
=====================================
添加日期为:2020/11/28 17:12:06
日志内容为:找不到存储过程 'up_SelProQulity'。
=====================================
=====================================
添加日期为:2020/11/28 17:13:05
日志内容为:找不到存储过程 'up_SelProQulity'。
=====================================
=====================================
添加日期为:2020/11/28 17:14:05
日志内容为:找不到存储过程 'up_SelProQulity'。
=====================================
=====================================
添加日期为:2020/11/28 17:15:05
日志内容为:找不到存储过程 'up_SelProQulity'。
=====================================
=====================================
添加日期为:2020/11/28 17:16:05
日志内容为:找不到存储过程 'up_SelProQulity'。
=====================================
=====================================
添加日期为:2020/11/28 17:17:05
日志内容为:找不到存储过程 'up_SelProQulity'。
=====================================
=====================================
添加日期为:2020/11/28 17:18:05
日志内容为:找不到存储过程 'up_SelProQulity'。
=====================================
=====================================
添加日期为:2020/11/28 17:19:05
日志内容为:找不到存储过程 'up_SelProQulity'。
=====================================
=====================================
添加日期为:2020/11/28 17:20:05
日志内容为:找不到存储过程 'up_SelProQulity'。
=====================================
=====================================
添加日期为:2020/11/28 17:21:05
日志内容为:找不到存储过程 'up_SelProQulity'。
=====================================
=====================================
添加日期为:2020/11/28 17:22:05
日志内容为:找不到存储过程 'up_SelProQulity'。
=====================================
=====================================
添加日期为:2020/11/28 17:23:05
日志内容为:找不到存储过程 'up_SelProQulity'。
=====================================
=====================================
添加日期为:2020/11/28 17:24:06
日志内容为:找不到存储过程 'up_SelProQulity'。
=====================================
=====================================
添加日期为:2020/11/28 17:25:06
日志内容为:找不到存储过程 'up_SelProQulity'。
=====================================
=====================================
添加日期为:2020/11/28 17:26:06
日志内容为:找不到存储过程 'up_SelProQulity'。
=====================================
=====================================
添加日期为:2020/11/28 17:27:06
日志内容为:找不到存储过程 'up_SelProQulity'。
=====================================
=====================================
添加日期为:2020/11/28 17:28:06
日志内容为:找不到存储过程 'up_SelProQulity'。
=====================================
=====================================
添加日期为:2020/11/28 17:29:06
日志内容为:找不到存储过程 'up_SelProQulity'。
=====================================
=====================================
添加日期为:2020/11/28 17:30:06
日志内容为:找不到存储过程 'up_SelProQulity'。
=====================================
=====================================
添加日期为:2020/11/28 17:31:06
日志内容为:找不到存储过程 'up_SelProQulity'。
=====================================
=====================================
添加日期为:2020/11/28 17:32:06
日志内容为:找不到存储过程 'up_SelProQulity'。
=====================================
=====================================
添加日期为:2020/11/28 17:33:06
日志内容为:找不到存储过程 'up_SelProQulity'。
=====================================
=====================================
添加日期为:2020/11/28 17:34:06
日志内容为:找不到存储过程 'up_SelProQulity'。
=====================================
=====================================
添加日期为:2020/11/28 17:35:06
日志内容为:找不到存储过程 'up_SelProQulity'。
=====================================
=====================================
添加日期为:2020/11/28 17:36:06
日志内容为:找不到存储过程 'up_SelProQulity'。
=====================================
=====================================
添加日期为:2020/11/28 17:37:06
日志内容为:找不到存储过程 'up_SelProQulity'。
=====================================
=====================================
添加日期为:2020/11/28 17:38:06
日志内容为:找不到存储过程 'up_SelProQulity'。
=====================================
=====================================
添加日期为:2020/11/28 17:39:06
日志内容为:找不到存储过程 'up_SelProQulity'。
=====================================
=====================================
添加日期为:2020/11/28 17:40:06
日志内容为:找不到存储过程 'up_SelProQulity'。
=====================================
=====================================
添加日期为:2020/11/28 17:41:06
日志内容为:找不到存储过程 'up_SelProQulity'。
=====================================
=====================================
添加日期为:2020/11/28 17:42:06
日志内容为:找不到存储过程 'up_SelProQulity'。
=====================================
=====================================
添加日期为:2020/11/28 17:43:06
日志内容为:找不到存储过程 'up_SelProQulity'。
=====================================
=====================================
添加日期为:2020/11/28 17:44:06
日志内容为:找不到存储过程 'up_SelProQulity'。
=====================================
=====================================
添加日期为:2020/11/28 17:45:06
日志内容为:找不到存储过程 'up_SelProQulity'。
=====================================
=====================================
添加日期为:2020/11/28 17:46:06
日志内容为:找不到存储过程 'up_SelProQulity'。
=====================================
=====================================
添加日期为:2020/11/28 17:47:06
日志内容为:找不到存储过程 'up_SelProQulity'。
=====================================
=====================================
添加日期为:2020/11/28 17:48:06
日志内容为:找不到存储过程 'up_SelProQulity'。
=====================================
=====================================
添加日期为:2020/11/28 17:49:06
日志内容为:找不到存储过程 'up_SelProQulity'。
=====================================
=====================================
添加日期为:2020/11/28 17:50:06
日志内容为:找不到存储过程 'up_SelProQulity'。
=====================================
=====================================
添加日期为:2020/11/28 17:51:06
日志内容为:找不到存储过程 'up_SelProQulity'。
=====================================
=====================================
添加日期为:2020/11/28 17:52:06
日志内容为:找不到存储过程 'up_SelProQulity'。
=====================================
=====================================
添加日期为:2020/11/28 17:53:06
日志内容为:找不到存储过程 'up_SelProQulity'。
=====================================
=====================================
添加日期为:2020/11/28 17:54:06
日志内容为:找不到存储过程 'up_SelProQulity'。
=====================================
=====================================
添加日期为:2020/11/28 17:55:06
日志内容为:找不到存储过程 'up_SelProQulity'。
=====================================
=====================================
添加日期为:2020/11/28 17:56:06
日志内容为:找不到存储过程 'up_SelProQulity'。
=====================================
