=====================================
添加日期为:2020/12/3 9:04:41
日志内容为:找不到存储过程 'up_SelProQulity'。
=====================================
=====================================
添加日期为:2020/12/3 9:05:40
日志内容为:找不到存储过程 'up_SelProQulity'。
=====================================
=====================================
添加日期为:2020/12/3 9:06:40
日志内容为:找不到存储过程 'up_SelProQulity'。
=====================================
=====================================
添加日期为:2020/12/3 9:07:40
日志内容为:找不到存储过程 'up_SelProQulity'。
=====================================
=====================================
添加日期为:2020/12/3 9:08:40
日志内容为:找不到存储过程 'up_SelProQulity'。
=====================================
=====================================
添加日期为:2020/12/3 9:09:40
日志内容为:找不到存储过程 'up_SelProQulity'。
=====================================
=====================================
添加日期为:2020/12/3 9:10:40
日志内容为:找不到存储过程 'up_SelProQulity'。
=====================================
=====================================
添加日期为:2020/12/3 9:11:40
日志内容为:找不到存储过程 'up_SelProQulity'。
=====================================
=====================================
添加日期为:2020/12/3 9:12:40
日志内容为:找不到存储过程 'up_SelProQulity'。
=====================================
=====================================
添加日期为:2020/12/3 9:13:40
日志内容为:找不到存储过程 'up_SelProQulity'。
=====================================
=====================================
添加日期为:2020/12/3 9:14:40
日志内容为:找不到存储过程 'up_SelProQulity'。
=====================================
=====================================
添加日期为:2020/12/3 9:15:40
日志内容为:找不到存储过程 'up_SelProQulity'。
=====================================
=====================================
添加日期为:2020/12/3 9:16:40
日志内容为:找不到存储过程 'up_SelProQulity'。
=====================================
=====================================
添加日期为:2020/12/3 9:17:40
日志内容为:找不到存储过程 'up_SelProQulity'。
=====================================
=====================================
添加日期为:2020/12/3 9:18:40
日志内容为:找不到存储过程 'up_SelProQulity'。
=====================================
=====================================
添加日期为:2020/12/3 9:19:40
日志内容为:找不到存储过程 'up_SelProQulity'。
=====================================
=====================================
添加日期为:2020/12/3 9:20:40
日志内容为:找不到存储过程 'up_SelProQulity'。
=====================================
=====================================
添加日期为:2020/12/3 9:21:40
日志内容为:找不到存储过程 'up_SelProQulity'。
=====================================
=====================================
添加日期为:2020/12/3 9:22:40
日志内容为:找不到存储过程 'up_SelProQulity'。
=====================================
=====================================
添加日期为:2020/12/3 9:23:40
日志内容为:找不到存储过程 'up_SelProQulity'。
=====================================
=====================================
添加日期为:2020/12/3 9:24:40
日志内容为:找不到存储过程 'up_SelProQulity'。
=====================================
=====================================
添加日期为:2020/12/3 9:25:40
日志内容为:找不到存储过程 'up_SelProQulity'。
=====================================
=====================================
添加日期为:2020/12/3 9:26:40
日志内容为:找不到存储过程 'up_SelProQulity'。
=====================================
=====================================
添加日期为:2020/12/3 9:27:40
日志内容为:找不到存储过程 'up_SelProQulity'。
=====================================
=====================================
添加日期为:2020/12/3 9:28:40
日志内容为:找不到存储过程 'up_SelProQulity'。
=====================================
=====================================
添加日期为:2020/12/3 9:29:40
日志内容为:找不到存储过程 'up_SelProQulity'。
=====================================
=====================================
添加日期为:2020/12/3 9:30:40
日志内容为:找不到存储过程 'up_SelProQulity'。
=====================================
=====================================
添加日期为:2020/12/3 9:31:40
日志内容为:找不到存储过程 'up_SelProQulity'。
=====================================
=====================================
添加日期为:2020/12/3 9:32:40
日志内容为:找不到存储过程 'up_SelProQulity'。
=====================================
=====================================
添加日期为:2020/12/3 9:33:40
日志内容为:找不到存储过程 'up_SelProQulity'。
=====================================
=====================================
添加日期为:2020/12/3 9:34:40
日志内容为:找不到存储过程 'up_SelProQulity'。
=====================================
=====================================
添加日期为:2020/12/3 9:35:40
日志内容为:找不到存储过程 'up_SelProQulity'。
=====================================
=====================================
添加日期为:2020/12/3 9:36:40
日志内容为:找不到存储过程 'up_SelProQulity'。
=====================================
=====================================
添加日期为:2020/12/3 9:37:40
日志内容为:找不到存储过程 'up_SelProQulity'。
=====================================
=====================================
添加日期为:2020/12/3 9:38:40
日志内容为:找不到存储过程 'up_SelProQulity'。
=====================================
=====================================
添加日期为:2020/12/3 9:39:40
日志内容为:找不到存储过程 'up_SelProQulity'。
=====================================
=====================================
添加日期为:2020/12/3 9:40:40
日志内容为:找不到存储过程 'up_SelProQulity'。
=====================================
=====================================
添加日期为:2020/12/3 9:41:40
日志内容为:找不到存储过程 'up_SelProQulity'。
=====================================
=====================================
添加日期为:2020/12/3 9:42:40
日志内容为:找不到存储过程 'up_SelProQulity'。
=====================================
=====================================
添加日期为:2020/12/3 9:43:40
日志内容为:找不到存储过程 'up_SelProQulity'。
=====================================
=====================================
添加日期为:2020/12/3 9:44:40
日志内容为:找不到存储过程 'up_SelProQulity'。
=====================================
=====================================
添加日期为:2020/12/3 9:45:40
日志内容为:找不到存储过程 'up_SelProQulity'。
=====================================
=====================================
添加日期为:2020/12/3 9:46:40
日志内容为:找不到存储过程 'up_SelProQulity'。
=====================================
=====================================
添加日期为:2020/12/3 9:47:40
日志内容为:找不到存储过程 'up_SelProQulity'。
=====================================
=====================================
添加日期为:2020/12/3 9:48:40
日志内容为:找不到存储过程 'up_SelProQulity'。
=====================================
=====================================
添加日期为:2020/12/3 9:49:40
日志内容为:找不到存储过程 'up_SelProQulity'。
=====================================
=====================================
添加日期为:2020/12/3 9:50:40
日志内容为:找不到存储过程 'up_SelProQulity'。
=====================================
=====================================
添加日期为:2020/12/3 9:51:40
日志内容为:找不到存储过程 'up_SelProQulity'。
=====================================
=====================================
添加日期为:2020/12/3 9:52:40
日志内容为:找不到存储过程 'up_SelProQulity'。
=====================================
=====================================
添加日期为:2020/12/3 9:53:40
日志内容为:找不到存储过程 'up_SelProQulity'。
=====================================
=====================================
添加日期为:2020/12/3 9:54:40
日志内容为:找不到存储过程 'up_SelProQulity'。
=====================================
=====================================
添加日期为:2020/12/3 9:55:40
日志内容为:找不到存储过程 'up_SelProQulity'。
=====================================
=====================================
添加日期为:2020/12/3 9:56:40
日志内容为:找不到存储过程 'up_SelProQulity'。
=====================================
=====================================
添加日期为:2020/12/3 9:57:40
日志内容为:找不到存储过程 'up_SelProQulity'。
=====================================
=====================================
添加日期为:2020/12/3 9:58:40
日志内容为:找不到存储过程 'up_SelProQulity'。
=====================================
=====================================
添加日期为:2020/12/3 9:59:40
日志内容为:找不到存储过程 'up_SelProQulity'。
=====================================
=====================================
添加日期为:2020/12/3 10:00:40
日志内容为:找不到存储过程 'up_SelProQulity'。
=====================================
=====================================
添加日期为:2020/12/3 10:01:40
日志内容为:找不到存储过程 'up_SelProQulity'。
=====================================
=====================================
添加日期为:2020/12/3 10:02:41
日志内容为:找不到存储过程 'up_SelProQulity'。
=====================================
=====================================
添加日期为:2020/12/3 10:03:41
日志内容为:找不到存储过程 'up_SelProQulity'。
=====================================
=====================================
添加日期为:2020/12/3 10:04:41
日志内容为:找不到存储过程 'up_SelProQulity'。
=====================================
=====================================
添加日期为:2020/12/3 10:05:41
日志内容为:找不到存储过程 'up_SelProQulity'。
=====================================
=====================================
添加日期为:2020/12/3 10:06:41
日志内容为:找不到存储过程 'up_SelProQulity'。
=====================================
=====================================
添加日期为:2020/12/3 10:07:41
日志内容为:找不到存储过程 'up_SelProQulity'。
=====================================
=====================================
添加日期为:2020/12/3 10:08:41
日志内容为:找不到存储过程 'up_SelProQulity'。
=====================================
=====================================
添加日期为:2020/12/3 10:09:41
日志内容为:找不到存储过程 'up_SelProQulity'。
=====================================
=====================================
添加日期为:2020/12/3 10:10:41
日志内容为:找不到存储过程 'up_SelProQulity'。
=====================================
=====================================
添加日期为:2020/12/3 10:11:41
日志内容为:找不到存储过程 'up_SelProQulity'。
=====================================
=====================================
添加日期为:2020/12/3 10:12:41
日志内容为:找不到存储过程 'up_SelProQulity'。
=====================================
=====================================
添加日期为:2020/12/3 10:13:41
日志内容为:找不到存储过程 'up_SelProQulity'。
=====================================
=====================================
添加日期为:2020/12/3 10:14:41
日志内容为:找不到存储过程 'up_SelProQulity'。
=====================================
=====================================
添加日期为:2020/12/3 10:15:41
日志内容为:找不到存储过程 'up_SelProQulity'。
=====================================
=====================================
添加日期为:2020/12/3 10:16:41
日志内容为:找不到存储过程 'up_SelProQulity'。
=====================================
=====================================
添加日期为:2020/12/3 10:17:41
日志内容为:找不到存储过程 'up_SelProQulity'。
=====================================
=====================================
添加日期为:2020/12/3 10:18:41
日志内容为:找不到存储过程 'up_SelProQulity'。
=====================================
=====================================
添加日期为:2020/12/3 10:19:41
日志内容为:找不到存储过程 'up_SelProQulity'。
=====================================
=====================================
添加日期为:2020/12/3 10:20:41
日志内容为:找不到存储过程 'up_SelProQulity'。
=====================================
=====================================
添加日期为:2020/12/3 10:21:41
日志内容为:找不到存储过程 'up_SelProQulity'。
=====================================
=====================================
添加日期为:2020/12/3 10:22:42
日志内容为:找不到存储过程 'up_SelProQulity'。
=====================================
=====================================
添加日期为:2020/12/3 10:23:41
日志内容为:找不到存储过程 'up_SelProQulity'。
=====================================
=====================================
添加日期为:2020/12/3 10:24:41
日志内容为:找不到存储过程 'up_SelProQulity'。
=====================================
=====================================
添加日期为:2020/12/3 10:25:41
日志内容为:找不到存储过程 'up_SelProQulity'。
=====================================
=====================================
添加日期为:2020/12/3 10:26:41
日志内容为:找不到存储过程 'up_SelProQulity'。
=====================================
=====================================
添加日期为:2020/12/3 10:27:41
日志内容为:找不到存储过程 'up_SelProQulity'。
=====================================
=====================================
添加日期为:2020/12/3 10:28:41
日志内容为:找不到存储过程 'up_SelProQulity'。
=====================================
=====================================
添加日期为:2020/12/3 10:29:49
日志内容为:正在中止线程。
=====================================
=====================================
添加日期为:2020/12/3 10:29:49
日志内容为:System.Threading.ThreadAbortException: 正在中止线程。
   在 Tops.FRM.AttachsHelp.SendResetPasswordEmail() 位置 G:\项目\HNAH\HNAH_WMS\WMS\Tops.FRM\AttachsHelp.cs:行号 101
   在 Tops.FRM.AttachsHelp.T_Elapsed(Object sender, ElapsedEventArgs e) 位置 G:\项目\HNAH\HNAH_WMS\WMS\Tops.FRM\AttachsHelp.cs:行号 57####位置一 ########
=====================================
=====================================
添加日期为:2020/12/3 10:30:52
日志内容为:找不到存储过程 'up_SelProQulity'。
=====================================
=====================================
添加日期为:2020/12/3 10:31:52
日志内容为:找不到存储过程 'up_SelProQulity'。
=====================================
=====================================
添加日期为:2020/12/3 10:32:52
日志内容为:找不到存储过程 'up_SelProQulity'。
=====================================
=====================================
添加日期为:2020/12/3 10:33:52
日志内容为:找不到存储过程 'up_SelProQulity'。
=====================================
=====================================
添加日期为:2020/12/3 10:34:52
日志内容为:找不到存储过程 'up_SelProQulity'。
=====================================
=====================================
添加日期为:2020/12/3 10:35:52
日志内容为:找不到存储过程 'up_SelProQulity'。
=====================================
=====================================
添加日期为:2020/12/3 10:36:53
日志内容为:找不到存储过程 'up_SelProQulity'。
=====================================
=====================================
添加日期为:2020/12/3 10:37:52
日志内容为:找不到存储过程 'up_SelProQulity'。
=====================================
=====================================
添加日期为:2020/12/3 10:38:52
日志内容为:找不到存储过程 'up_SelProQulity'。
=====================================
=====================================
添加日期为:2020/12/3 10:39:52
日志内容为:找不到存储过程 'up_SelProQulity'。
=====================================
=====================================
添加日期为:2020/12/3 10:40:52
日志内容为:找不到存储过程 'up_SelProQulity'。
=====================================
=====================================
添加日期为:2020/12/3 10:41:52
日志内容为:找不到存储过程 'up_SelProQulity'。
=====================================
=====================================
添加日期为:2020/12/3 10:42:52
日志内容为:找不到存储过程 'up_SelProQulity'。
=====================================
=====================================
添加日期为:2020/12/3 10:43:52
日志内容为:找不到存储过程 'up_SelProQulity'。
=====================================
=====================================
添加日期为:2020/12/3 10:44:52
日志内容为:找不到存储过程 'up_SelProQulity'。
=====================================
=====================================
添加日期为:2020/12/3 10:45:52
日志内容为:找不到存储过程 'up_SelProQulity'。
=====================================
=====================================
添加日期为:2020/12/3 10:46:52
日志内容为:找不到存储过程 'up_SelProQulity'。
=====================================
=====================================
添加日期为:2020/12/3 10:47:52
日志内容为:找不到存储过程 'up_SelProQulity'。
=====================================
=====================================
添加日期为:2020/12/3 10:48:52
日志内容为:找不到存储过程 'up_SelProQulity'。
=====================================
=====================================
添加日期为:2020/12/3 10:49:52
日志内容为:找不到存储过程 'up_SelProQulity'。
=====================================
=====================================
添加日期为:2020/12/3 10:50:52
日志内容为:找不到存储过程 'up_SelProQulity'。
=====================================
=====================================
添加日期为:2020/12/3 10:51:52
日志内容为:找不到存储过程 'up_SelProQulity'。
=====================================
=====================================
添加日期为:2020/12/3 10:52:52
日志内容为:找不到存储过程 'up_SelProQulity'。
=====================================
=====================================
添加日期为:2020/12/3 10:53:52
日志内容为:找不到存储过程 'up_SelProQulity'。
=====================================
=====================================
添加日期为:2020/12/3 10:54:52
日志内容为:找不到存储过程 'up_SelProQulity'。
=====================================
=====================================
添加日期为:2020/12/3 10:55:52
日志内容为:找不到存储过程 'up_SelProQulity'。
=====================================
=====================================
添加日期为:2020/12/3 10:56:52
日志内容为:找不到存储过程 'up_SelProQulity'。
=====================================
=====================================
添加日期为:2020/12/3 10:57:53
日志内容为:找不到存储过程 'up_SelProQulity'。
=====================================
=====================================
添加日期为:2020/12/3 10:58:52
日志内容为:找不到存储过程 'up_SelProQulity'。
=====================================
=====================================
添加日期为:2020/12/3 10:59:52
日志内容为:找不到存储过程 'up_SelProQulity'。
=====================================
=====================================
添加日期为:2020/12/3 11:00:53
日志内容为:找不到存储过程 'up_SelProQulity'。
=====================================
=====================================
添加日期为:2020/12/3 11:01:53
日志内容为:找不到存储过程 'up_SelProQulity'。
=====================================
=====================================
添加日期为:2020/12/3 11:02:53
日志内容为:找不到存储过程 'up_SelProQulity'。
=====================================
=====================================
添加日期为:2020/12/3 11:03:53
日志内容为:找不到存储过程 'up_SelProQulity'。
=====================================
=====================================
添加日期为:2020/12/3 11:04:53
日志内容为:找不到存储过程 'up_SelProQulity'。
=====================================
=====================================
添加日期为:2020/12/3 11:05:53
日志内容为:找不到存储过程 'up_SelProQulity'。
=====================================
=====================================
添加日期为:2020/12/3 11:06:53
日志内容为:找不到存储过程 'up_SelProQulity'。
=====================================
=====================================
添加日期为:2020/12/3 11:07:53
日志内容为:找不到存储过程 'up_SelProQulity'。
=====================================
=====================================
添加日期为:2020/12/3 11:08:53
日志内容为:找不到存储过程 'up_SelProQulity'。
=====================================
=====================================
添加日期为:2020/12/3 11:09:53
日志内容为:找不到存储过程 'up_SelProQulity'。
=====================================
=====================================
添加日期为:2020/12/3 11:10:53
日志内容为:找不到存储过程 'up_SelProQulity'。
=====================================
=====================================
添加日期为:2020/12/3 11:11:53
日志内容为:找不到存储过程 'up_SelProQulity'。
=====================================
=====================================
添加日期为:2020/12/3 11:12:53
日志内容为:找不到存储过程 'up_SelProQulity'。
=====================================
=====================================
添加日期为:2020/12/3 11:13:53
日志内容为:找不到存储过程 'up_SelProQulity'。
=====================================
=====================================
添加日期为:2020/12/3 11:14:53
日志内容为:找不到存储过程 'up_SelProQulity'。
=====================================
=====================================
添加日期为:2020/12/3 11:15:53
日志内容为:找不到存储过程 'up_SelProQulity'。
=====================================
=====================================
添加日期为:2020/12/3 11:16:53
日志内容为:找不到存储过程 'up_SelProQulity'。
=====================================
=====================================
添加日期为:2020/12/3 11:17:53
日志内容为:找不到存储过程 'up_SelProQulity'。
=====================================
=====================================
添加日期为:2020/12/3 11:18:53
日志内容为:找不到存储过程 'up_SelProQulity'。
=====================================
=====================================
添加日期为:2020/12/3 11:19:53
日志内容为:找不到存储过程 'up_SelProQulity'。
=====================================
=====================================
添加日期为:2020/12/3 11:20:53
日志内容为:找不到存储过程 'up_SelProQulity'。
=====================================
=====================================
添加日期为:2020/12/3 11:21:53
日志内容为:找不到存储过程 'up_SelProQulity'。
=====================================
=====================================
添加日期为:2020/12/3 11:22:53
日志内容为:找不到存储过程 'up_SelProQulity'。
=====================================
=====================================
添加日期为:2020/12/3 11:25:31
日志内容为:找不到存储过程 'up_SelProQulity'。
=====================================
=====================================
添加日期为:2020/12/3 11:26:31
日志内容为:找不到存储过程 'up_SelProQulity'。
=====================================
=====================================
添加日期为:2020/12/3 11:27:31
日志内容为:找不到存储过程 'up_SelProQulity'。
=====================================
=====================================
添加日期为:2020/12/3 11:28:31
日志内容为:找不到存储过程 'up_SelProQulity'。
=====================================
=====================================
添加日期为:2020/12/3 11:29:31
日志内容为:找不到存储过程 'up_SelProQulity'。
=====================================
=====================================
添加日期为:2020/12/3 11:30:31
日志内容为:找不到存储过程 'up_SelProQulity'。
=====================================
=====================================
添加日期为:2020/12/3 11:31:31
日志内容为:找不到存储过程 'up_SelProQulity'。
=====================================
=====================================
添加日期为:2020/12/3 11:32:31
日志内容为:找不到存储过程 'up_SelProQulity'。
=====================================
=====================================
添加日期为:2020/12/3 11:33:31
日志内容为:找不到存储过程 'up_SelProQulity'。
=====================================
=====================================
添加日期为:2020/12/3 11:34:31
日志内容为:找不到存储过程 'up_SelProQulity'。
=====================================
=====================================
添加日期为:2020/12/3 11:35:31
日志内容为:找不到存储过程 'up_SelProQulity'。
=====================================
=====================================
添加日期为:2020/12/3 11:36:31
日志内容为:找不到存储过程 'up_SelProQulity'。
=====================================
=====================================
添加日期为:2020/12/3 11:37:31
日志内容为:找不到存储过程 'up_SelProQulity'。
=====================================
=====================================
添加日期为:2020/12/3 11:38:31
日志内容为:找不到存储过程 'up_SelProQulity'。
=====================================
=====================================
添加日期为:2020/12/3 11:39:31
日志内容为:找不到存储过程 'up_SelProQulity'。
=====================================
=====================================
添加日期为:2020/12/3 11:40:31
日志内容为:找不到存储过程 'up_SelProQulity'。
=====================================
=====================================
添加日期为:2020/12/3 11:41:31
日志内容为:找不到存储过程 'up_SelProQulity'。
=====================================
=====================================
添加日期为:2020/12/3 11:42:31
日志内容为:找不到存储过程 'up_SelProQulity'。
=====================================
=====================================
添加日期为:2020/12/3 11:43:31
日志内容为:找不到存储过程 'up_SelProQulity'。
=====================================
=====================================
添加日期为:2020/12/3 11:44:31
日志内容为:找不到存储过程 'up_SelProQulity'。
=====================================
=====================================
添加日期为:2020/12/3 11:45:32
日志内容为:找不到存储过程 'up_SelProQulity'。
=====================================
=====================================
添加日期为:2020/12/3 11:46:31
日志内容为:找不到存储过程 'up_SelProQulity'。
=====================================
=====================================
添加日期为:2020/12/3 11:47:31
日志内容为:找不到存储过程 'up_SelProQulity'。
=====================================
=====================================
添加日期为:2020/12/3 11:48:31
日志内容为:找不到存储过程 'up_SelProQulity'。
=====================================
=====================================
添加日期为:2020/12/3 11:49:31
日志内容为:找不到存储过程 'up_SelProQulity'。
=====================================
=====================================
添加日期为:2020/12/3 11:50:31
日志内容为:找不到存储过程 'up_SelProQulity'。
=====================================
=====================================
添加日期为:2020/12/3 11:51:31
日志内容为:找不到存储过程 'up_SelProQulity'。
=====================================
=====================================
添加日期为:2020/12/3 11:52:37
日志内容为:找不到存储过程 'up_SelProQulity'。
=====================================
=====================================
添加日期为:2020/12/3 11:53:31
日志内容为:找不到存储过程 'up_SelProQulity'。
=====================================
=====================================
添加日期为:2020/12/3 11:54:31
日志内容为:找不到存储过程 'up_SelProQulity'。
=====================================
=====================================
添加日期为:2020/12/3 11:55:42
日志内容为:在从服务器接收结果时发生传输级错误。 (provider: TCP Provider, error: 0 - 指定的网络名不再可用。)
=====================================
=====================================
添加日期为:2020/12/3 11:56:54
日志内容为:在与 SQL Server 建立连接时出现与网络相关的或特定于实例的错误。未找到或无法访问服务器。请验证实例名称是否正确并且 SQL Server 已配置为允许远程连接。 (provider: Named Pipes Provider, error: 40 - 无法打开到 SQL Server 的连接)
=====================================
=====================================
添加日期为:2020/12/3 11:57:45
日志内容为:在与 SQL Server 建立连接时出现与网络相关的或特定于实例的错误。未找到或无法访问服务器。请验证实例名称是否正确并且 SQL Server 已配置为允许远程连接。 (provider: Named Pipes Provider, error: 40 - 无法打开到 SQL Server 的连接)
=====================================
=====================================
添加日期为:2020/12/3 11:58:45
日志内容为:在与 SQL Server 建立连接时出现与网络相关的或特定于实例的错误。未找到或无法访问服务器。请验证实例名称是否正确并且 SQL Server 已配置为允许远程连接。 (provider: Named Pipes Provider, error: 40 - 无法打开到 SQL Server 的连接)
=====================================
=====================================
添加日期为:2020/12/3 11:59:45
日志内容为:在与 SQL Server 建立连接时出现与网络相关的或特定于实例的错误。未找到或无法访问服务器。请验证实例名称是否正确并且 SQL Server 已配置为允许远程连接。 (provider: Named Pipes Provider, error: 40 - 无法打开到 SQL Server 的连接)
=====================================
=====================================
添加日期为:2020/12/3 12:00:45
日志内容为:在与 SQL Server 建立连接时出现与网络相关的或特定于实例的错误。未找到或无法访问服务器。请验证实例名称是否正确并且 SQL Server 已配置为允许远程连接。 (provider: Named Pipes Provider, error: 40 - 无法打开到 SQL Server 的连接)
=====================================
=====================================
添加日期为:2020/12/3 12:02:17
日志内容为:在与 SQL Server 建立连接时出现与网络相关的或特定于实例的错误。未找到或无法访问服务器。请验证实例名称是否正确并且 SQL Server 已配置为允许远程连接。 (provider: Named Pipes Provider, error: 40 - 无法打开到 SQL Server 的连接)
=====================================
=====================================
添加日期为:2020/12/3 12:02:31
日志内容为:找不到存储过程 'up_SelProQulity'。
=====================================
=====================================
添加日期为:2020/12/3 12:03:31
日志内容为:找不到存储过程 'up_SelProQulity'。
=====================================
=====================================
添加日期为:2020/12/3 12:04:31
日志内容为:找不到存储过程 'up_SelProQulity'。
=====================================
=====================================
添加日期为:2020/12/3 12:05:31
日志内容为:找不到存储过程 'up_SelProQulity'。
=====================================
=====================================
添加日期为:2020/12/3 12:06:31
日志内容为:找不到存储过程 'up_SelProQulity'。
=====================================
=====================================
添加日期为:2020/12/3 12:07:31
日志内容为:找不到存储过程 'up_SelProQulity'。
=====================================
=====================================
添加日期为:2020/12/3 12:08:31
日志内容为:找不到存储过程 'up_SelProQulity'。
=====================================
=====================================
添加日期为:2020/12/3 12:09:31
日志内容为:找不到存储过程 'up_SelProQulity'。
=====================================
=====================================
添加日期为:2020/12/3 12:10:31
日志内容为:找不到存储过程 'up_SelProQulity'。
=====================================
=====================================
添加日期为:2020/12/3 12:11:31
日志内容为:找不到存储过程 'up_SelProQulity'。
=====================================
=====================================
添加日期为:2020/12/3 12:12:31
日志内容为:找不到存储过程 'up_SelProQulity'。
=====================================
=====================================
添加日期为:2020/12/3 12:13:31
日志内容为:找不到存储过程 'up_SelProQulity'。
=====================================
=====================================
添加日期为:2020/12/3 12:14:31
日志内容为:找不到存储过程 'up_SelProQulity'。
=====================================
=====================================
添加日期为:2020/12/3 12:15:31
日志内容为:找不到存储过程 'up_SelProQulity'。
=====================================
=====================================
添加日期为:2020/12/3 12:16:31
日志内容为:找不到存储过程 'up_SelProQulity'。
=====================================
=====================================
添加日期为:2020/12/3 12:17:31
日志内容为:找不到存储过程 'up_SelProQulity'。
=====================================
=====================================
添加日期为:2020/12/3 12:18:31
日志内容为:找不到存储过程 'up_SelProQulity'。
=====================================
=====================================
添加日期为:2020/12/3 12:19:31
日志内容为:找不到存储过程 'up_SelProQulity'。
=====================================
=====================================
添加日期为:2020/12/3 12:20:31
日志内容为:找不到存储过程 'up_SelProQulity'。
=====================================
=====================================
添加日期为:2020/12/3 12:21:31
日志内容为:找不到存储过程 'up_SelProQulity'。
=====================================
=====================================
添加日期为:2020/12/3 12:22:31
日志内容为:找不到存储过程 'up_SelProQulity'。
=====================================
=====================================
添加日期为:2020/12/3 12:23:31
日志内容为:找不到存储过程 'up_SelProQulity'。
=====================================
=====================================
添加日期为:2020/12/3 12:24:31
日志内容为:找不到存储过程 'up_SelProQulity'。
=====================================
=====================================
添加日期为:2020/12/3 12:25:31
日志内容为:找不到存储过程 'up_SelProQulity'。
=====================================
=====================================
添加日期为:2020/12/3 12:26:31
日志内容为:找不到存储过程 'up_SelProQulity'。
=====================================
=====================================
添加日期为:2020/12/3 12:27:31
日志内容为:找不到存储过程 'up_SelProQulity'。
=====================================
=====================================
添加日期为:2020/12/3 12:28:31
日志内容为:找不到存储过程 'up_SelProQulity'。
=====================================
=====================================
添加日期为:2020/12/3 12:29:31
日志内容为:找不到存储过程 'up_SelProQulity'。
=====================================
=====================================
添加日期为:2020/12/3 12:30:31
日志内容为:找不到存储过程 'up_SelProQulity'。
=====================================
=====================================
添加日期为:2020/12/3 12:31:31
日志内容为:找不到存储过程 'up_SelProQulity'。
=====================================
=====================================
添加日期为:2020/12/3 12:32:31
日志内容为:找不到存储过程 'up_SelProQulity'。
=====================================
=====================================
添加日期为:2020/12/3 12:33:31
日志内容为:找不到存储过程 'up_SelProQulity'。
=====================================
=====================================
添加日期为:2020/12/3 12:34:31
日志内容为:找不到存储过程 'up_SelProQulity'。
=====================================
=====================================
添加日期为:2020/12/3 12:35:31
日志内容为:找不到存储过程 'up_SelProQulity'。
=====================================
=====================================
添加日期为:2020/12/3 12:36:31
日志内容为:找不到存储过程 'up_SelProQulity'。
=====================================
=====================================
添加日期为:2020/12/3 12:37:31
日志内容为:找不到存储过程 'up_SelProQulity'。
=====================================
=====================================
添加日期为:2020/12/3 12:38:31
日志内容为:找不到存储过程 'up_SelProQulity'。
=====================================
=====================================
添加日期为:2020/12/3 12:39:32
日志内容为:找不到存储过程 'up_SelProQulity'。
=====================================
=====================================
添加日期为:2020/12/3 12:40:31
日志内容为:找不到存储过程 'up_SelProQulity'。
=====================================
=====================================
添加日期为:2020/12/3 12:41:31
日志内容为:找不到存储过程 'up_SelProQulity'。
=====================================
=====================================
添加日期为:2020/12/3 12:42:31
日志内容为:找不到存储过程 'up_SelProQulity'。
=====================================
=====================================
添加日期为:2020/12/3 12:43:31
日志内容为:找不到存储过程 'up_SelProQulity'。
=====================================
=====================================
添加日期为:2020/12/3 12:44:31
日志内容为:找不到存储过程 'up_SelProQulity'。
=====================================
=====================================
添加日期为:2020/12/3 12:45:31
日志内容为:找不到存储过程 'up_SelProQulity'。
=====================================
=====================================
添加日期为:2020/12/3 12:46:31
日志内容为:找不到存储过程 'up_SelProQulity'。
=====================================
=====================================
添加日期为:2020/12/3 12:47:31
日志内容为:找不到存储过程 'up_SelProQulity'。
=====================================
=====================================
添加日期为:2020/12/3 12:48:31
日志内容为:找不到存储过程 'up_SelProQulity'。
=====================================
=====================================
添加日期为:2020/12/3 12:49:31
日志内容为:找不到存储过程 'up_SelProQulity'。
=====================================
=====================================
添加日期为:2020/12/3 12:50:31
日志内容为:找不到存储过程 'up_SelProQulity'。
=====================================
=====================================
添加日期为:2020/12/3 12:51:31
日志内容为:找不到存储过程 'up_SelProQulity'。
=====================================
=====================================
添加日期为:2020/12/3 12:52:31
日志内容为:找不到存储过程 'up_SelProQulity'。
=====================================
=====================================
添加日期为:2020/12/3 12:53:31
日志内容为:找不到存储过程 'up_SelProQulity'。
=====================================
=====================================
添加日期为:2020/12/3 12:54:31
日志内容为:找不到存储过程 'up_SelProQulity'。
=====================================
=====================================
添加日期为:2020/12/3 12:55:31
日志内容为:找不到存储过程 'up_SelProQulity'。
=====================================
=====================================
添加日期为:2020/12/3 12:56:33
日志内容为:找不到存储过程 'up_SelProQulity'。
=====================================
=====================================
添加日期为:2020/12/3 12:57:31
日志内容为:找不到存储过程 'up_SelProQulity'。
=====================================
=====================================
添加日期为:2020/12/3 12:58:31
日志内容为:找不到存储过程 'up_SelProQulity'。
=====================================
=====================================
添加日期为:2020/12/3 12:59:31
日志内容为:找不到存储过程 'up_SelProQulity'。
=====================================
=====================================
添加日期为:2020/12/3 13:00:31
日志内容为:找不到存储过程 'up_SelProQulity'。
=====================================
=====================================
添加日期为:2020/12/3 13:01:31
日志内容为:找不到存储过程 'up_SelProQulity'。
=====================================
=====================================
添加日期为:2020/12/3 13:02:31
日志内容为:找不到存储过程 'up_SelProQulity'。
=====================================
=====================================
添加日期为:2020/12/3 13:03:31
日志内容为:找不到存储过程 'up_SelProQulity'。
=====================================
=====================================
添加日期为:2020/12/3 13:04:31
日志内容为:找不到存储过程 'up_SelProQulity'。
=====================================
=====================================
添加日期为:2020/12/3 13:05:31
日志内容为:找不到存储过程 'up_SelProQulity'。
=====================================
=====================================
添加日期为:2020/12/3 13:06:31
日志内容为:找不到存储过程 'up_SelProQulity'。
=====================================
=====================================
添加日期为:2020/12/3 13:07:31
日志内容为:找不到存储过程 'up_SelProQulity'。
=====================================
=====================================
添加日期为:2020/12/3 13:08:31
日志内容为:找不到存储过程 'up_SelProQulity'。
=====================================
=====================================
添加日期为:2020/12/3 13:09:31
日志内容为:找不到存储过程 'up_SelProQulity'。
=====================================
=====================================
添加日期为:2020/12/3 13:10:31
日志内容为:找不到存储过程 'up_SelProQulity'。
=====================================
=====================================
添加日期为:2020/12/3 13:11:31
日志内容为:找不到存储过程 'up_SelProQulity'。
=====================================
=====================================
添加日期为:2020/12/3 13:12:31
日志内容为:找不到存储过程 'up_SelProQulity'。
=====================================
=====================================
添加日期为:2020/12/3 13:13:31
日志内容为:找不到存储过程 'up_SelProQulity'。
=====================================
=====================================
添加日期为:2020/12/3 13:14:31
日志内容为:找不到存储过程 'up_SelProQulity'。
=====================================
=====================================
添加日期为:2020/12/3 13:15:31
日志内容为:找不到存储过程 'up_SelProQulity'。
=====================================
=====================================
添加日期为:2020/12/3 13:16:31
日志内容为:找不到存储过程 'up_SelProQulity'。
=====================================
=====================================
添加日期为:2020/12/3 13:17:31
日志内容为:找不到存储过程 'up_SelProQulity'。
=====================================
=====================================
添加日期为:2020/12/3 13:18:31
日志内容为:找不到存储过程 'up_SelProQulity'。
=====================================
=====================================
添加日期为:2020/12/3 13:19:31
日志内容为:找不到存储过程 'up_SelProQulity'。
=====================================
=====================================
添加日期为:2020/12/3 13:20:31
日志内容为:找不到存储过程 'up_SelProQulity'。
=====================================
=====================================
添加日期为:2020/12/3 13:21:31
日志内容为:找不到存储过程 'up_SelProQulity'。
=====================================
=====================================
添加日期为:2020/12/3 13:22:31
日志内容为:找不到存储过程 'up_SelProQulity'。
=====================================
=====================================
添加日期为:2020/12/3 13:23:31
日志内容为:找不到存储过程 'up_SelProQulity'。
=====================================
=====================================
添加日期为:2020/12/3 13:24:31
日志内容为:找不到存储过程 'up_SelProQulity'。
=====================================
=====================================
添加日期为:2020/12/3 13:25:31
日志内容为:找不到存储过程 'up_SelProQulity'。
=====================================
=====================================
添加日期为:2020/12/3 13:26:31
日志内容为:找不到存储过程 'up_SelProQulity'。
=====================================
=====================================
添加日期为:2020/12/3 13:27:31
日志内容为:找不到存储过程 'up_SelProQulity'。
=====================================
=====================================
添加日期为:2020/12/3 13:28:31
日志内容为:找不到存储过程 'up_SelProQulity'。
=====================================
=====================================
添加日期为:2020/12/3 13:29:31
日志内容为:找不到存储过程 'up_SelProQulity'。
=====================================
=====================================
添加日期为:2020/12/3 13:30:31
日志内容为:找不到存储过程 'up_SelProQulity'。
=====================================
=====================================
添加日期为:2020/12/3 13:31:31
日志内容为:找不到存储过程 'up_SelProQulity'。
=====================================
=====================================
添加日期为:2020/12/3 13:32:31
日志内容为:找不到存储过程 'up_SelProQulity'。
=====================================
=====================================
添加日期为:2020/12/3 13:33:31
日志内容为:找不到存储过程 'up_SelProQulity'。
=====================================
=====================================
添加日期为:2020/12/3 13:34:31
日志内容为:找不到存储过程 'up_SelProQulity'。
=====================================
=====================================
添加日期为:2020/12/3 13:35:31
日志内容为:找不到存储过程 'up_SelProQulity'。
=====================================
=====================================
添加日期为:2020/12/3 13:36:31
日志内容为:找不到存储过程 'up_SelProQulity'。
=====================================
=====================================
添加日期为:2020/12/3 13:37:31
日志内容为:找不到存储过程 'up_SelProQulity'。
=====================================
=====================================
添加日期为:2020/12/3 13:38:31
日志内容为:找不到存储过程 'up_SelProQulity'。
=====================================
=====================================
添加日期为:2020/12/3 13:39:31
日志内容为:找不到存储过程 'up_SelProQulity'。
=====================================
=====================================
添加日期为:2020/12/3 13:40:32
日志内容为:找不到存储过程 'up_SelProQulity'。
=====================================
=====================================
添加日期为:2020/12/3 13:41:31
日志内容为:找不到存储过程 'up_SelProQulity'。
=====================================
=====================================
添加日期为:2020/12/3 13:42:31
日志内容为:找不到存储过程 'up_SelProQulity'。
=====================================
=====================================
添加日期为:2020/12/3 13:43:31
日志内容为:找不到存储过程 'up_SelProQulity'。
=====================================
=====================================
添加日期为:2020/12/3 13:44:31
日志内容为:找不到存储过程 'up_SelProQulity'。
=====================================
=====================================
添加日期为:2020/12/3 13:45:31
日志内容为:找不到存储过程 'up_SelProQulity'。
=====================================
=====================================
添加日期为:2020/12/3 13:46:31
日志内容为:找不到存储过程 'up_SelProQulity'。
=====================================
=====================================
添加日期为:2020/12/3 13:47:31
日志内容为:找不到存储过程 'up_SelProQulity'。
=====================================
=====================================
添加日期为:2020/12/3 13:48:31
日志内容为:找不到存储过程 'up_SelProQulity'。
=====================================
=====================================
添加日期为:2020/12/3 13:49:31
日志内容为:找不到存储过程 'up_SelProQulity'。
=====================================
=====================================
添加日期为:2020/12/3 13:50:31
日志内容为:找不到存储过程 'up_SelProQulity'。
=====================================
=====================================
添加日期为:2020/12/3 13:51:32
日志内容为:找不到存储过程 'up_SelProQulity'。
=====================================
=====================================
添加日期为:2020/12/3 13:52:31
日志内容为:找不到存储过程 'up_SelProQulity'。
=====================================
=====================================
添加日期为:2020/12/3 13:53:31
日志内容为:找不到存储过程 'up_SelProQulity'。
=====================================
=====================================
添加日期为:2020/12/3 13:54:31
日志内容为:找不到存储过程 'up_SelProQulity'。
=====================================
=====================================
添加日期为:2020/12/3 13:55:31
日志内容为:找不到存储过程 'up_SelProQulity'。
=====================================
=====================================
添加日期为:2020/12/3 13:56:31
日志内容为:找不到存储过程 'up_SelProQulity'。
=====================================
=====================================
添加日期为:2020/12/3 13:57:31
日志内容为:找不到存储过程 'up_SelProQulity'。
=====================================
=====================================
添加日期为:2020/12/3 13:58:32
日志内容为:找不到存储过程 'up_SelProQulity'。
=====================================
=====================================
添加日期为:2020/12/3 13:59:32
日志内容为:找不到存储过程 'up_SelProQulity'。
=====================================
=====================================
添加日期为:2020/12/3 14:00:32
日志内容为:找不到存储过程 'up_SelProQulity'。
=====================================
=====================================
添加日期为:2020/12/3 14:01:32
日志内容为:找不到存储过程 'up_SelProQulity'。
=====================================
=====================================
添加日期为:2020/12/3 14:02:32
日志内容为:找不到存储过程 'up_SelProQulity'。
=====================================
=====================================
添加日期为:2020/12/3 14:03:32
日志内容为:找不到存储过程 'up_SelProQulity'。
=====================================
=====================================
添加日期为:2020/12/3 14:04:32
日志内容为:找不到存储过程 'up_SelProQulity'。
=====================================
=====================================
添加日期为:2020/12/3 14:05:32
日志内容为:找不到存储过程 'up_SelProQulity'。
=====================================
=====================================
添加日期为:2020/12/3 14:06:32
日志内容为:找不到存储过程 'up_SelProQulity'。
=====================================
=====================================
添加日期为:2020/12/3 14:07:32
日志内容为:找不到存储过程 'up_SelProQulity'。
=====================================
=====================================
添加日期为:2020/12/3 14:08:32
日志内容为:找不到存储过程 'up_SelProQulity'。
=====================================
=====================================
添加日期为:2020/12/3 14:09:32
日志内容为:找不到存储过程 'up_SelProQulity'。
=====================================
=====================================
添加日期为:2020/12/3 14:10:32
日志内容为:找不到存储过程 'up_SelProQulity'。
=====================================
=====================================
添加日期为:2020/12/3 14:11:32
日志内容为:找不到存储过程 'up_SelProQulity'。
=====================================
=====================================
添加日期为:2020/12/3 14:12:32
日志内容为:找不到存储过程 'up_SelProQulity'。
=====================================
=====================================
添加日期为:2020/12/3 14:13:32
日志内容为:找不到存储过程 'up_SelProQulity'。
=====================================
=====================================
添加日期为:2020/12/3 14:14:32
日志内容为:找不到存储过程 'up_SelProQulity'。
=====================================
=====================================
添加日期为:2020/12/3 14:15:32
日志内容为:找不到存储过程 'up_SelProQulity'。
=====================================
=====================================
添加日期为:2020/12/3 14:16:32
日志内容为:找不到存储过程 'up_SelProQulity'。
=====================================
=====================================
添加日期为:2020/12/3 14:17:32
日志内容为:找不到存储过程 'up_SelProQulity'。
=====================================
=====================================
添加日期为:2020/12/3 14:18:32
日志内容为:找不到存储过程 'up_SelProQulity'。
=====================================
=====================================
添加日期为:2020/12/3 14:19:32
日志内容为:找不到存储过程 'up_SelProQulity'。
=====================================
=====================================
添加日期为:2020/12/3 14:20:32
日志内容为:找不到存储过程 'up_SelProQulity'。
=====================================
=====================================
添加日期为:2020/12/3 14:21:32
日志内容为:找不到存储过程 'up_SelProQulity'。
=====================================
=====================================
添加日期为:2020/12/3 14:22:32
日志内容为:找不到存储过程 'up_SelProQulity'。
=====================================
=====================================
添加日期为:2020/12/3 14:23:32
日志内容为:找不到存储过程 'up_SelProQulity'。
=====================================
=====================================
添加日期为:2020/12/3 14:24:32
日志内容为:找不到存储过程 'up_SelProQulity'。
=====================================
=====================================
添加日期为:2020/12/3 14:25:32
日志内容为:找不到存储过程 'up_SelProQulity'。
=====================================
=====================================
添加日期为:2020/12/3 14:26:32
日志内容为:找不到存储过程 'up_SelProQulity'。
=====================================
=====================================
添加日期为:2020/12/3 14:27:32
日志内容为:找不到存储过程 'up_SelProQulity'。
=====================================
=====================================
添加日期为:2020/12/3 14:28:32
日志内容为:找不到存储过程 'up_SelProQulity'。
=====================================
=====================================
添加日期为:2020/12/3 14:29:32
日志内容为:找不到存储过程 'up_SelProQulity'。
=====================================
=====================================
添加日期为:2020/12/3 14:30:32
日志内容为:找不到存储过程 'up_SelProQulity'。
=====================================
=====================================
添加日期为:2020/12/3 14:31:32
日志内容为:找不到存储过程 'up_SelProQulity'。
=====================================
=====================================
添加日期为:2020/12/3 14:32:32
日志内容为:找不到存储过程 'up_SelProQulity'。
=====================================
=====================================
添加日期为:2020/12/3 15:09:37
日志内容为:找不到存储过程 'up_SelProQulity'。
=====================================
=====================================
添加日期为:2020/12/3 15:10:37
日志内容为:找不到存储过程 'up_SelProQulity'。
=====================================
=====================================
添加日期为:2020/12/3 15:11:37
日志内容为:找不到存储过程 'up_SelProQulity'。
=====================================
=====================================
添加日期为:2020/12/3 15:12:37
日志内容为:找不到存储过程 'up_SelProQulity'。
=====================================
=====================================
添加日期为:2020/12/3 15:13:37
日志内容为:找不到存储过程 'up_SelProQulity'。
=====================================
=====================================
添加日期为:2020/12/3 15:14:37
日志内容为:找不到存储过程 'up_SelProQulity'。
=====================================
=====================================
添加日期为:2020/12/3 15:15:37
日志内容为:找不到存储过程 'up_SelProQulity'。
=====================================
=====================================
添加日期为:2020/12/3 15:16:38
日志内容为:找不到存储过程 'up_SelProQulity'。
=====================================
=====================================
添加日期为:2020/12/3 15:17:37
日志内容为:找不到存储过程 'up_SelProQulity'。
=====================================
=====================================
添加日期为:2020/12/3 15:18:37
日志内容为:找不到存储过程 'up_SelProQulity'。
=====================================
=====================================
添加日期为:2020/12/3 15:19:37
日志内容为:找不到存储过程 'up_SelProQulity'。
=====================================
=====================================
添加日期为:2020/12/3 15:20:37
日志内容为:找不到存储过程 'up_SelProQulity'。
=====================================
=====================================
添加日期为:2020/12/3 15:21:37
日志内容为:找不到存储过程 'up_SelProQulity'。
=====================================
=====================================
添加日期为:2020/12/3 15:22:37
日志内容为:找不到存储过程 'up_SelProQulity'。
=====================================
=====================================
添加日期为:2020/12/3 15:23:37
日志内容为:找不到存储过程 'up_SelProQulity'。
=====================================
=====================================
添加日期为:2020/12/3 15:24:37
日志内容为:找不到存储过程 'up_SelProQulity'。
=====================================
=====================================
添加日期为:2020/12/3 15:25:37
日志内容为:找不到存储过程 'up_SelProQulity'。
=====================================
=====================================
添加日期为:2020/12/3 15:26:37
日志内容为:找不到存储过程 'up_SelProQulity'。
=====================================
=====================================
添加日期为:2020/12/3 15:27:37
日志内容为:找不到存储过程 'up_SelProQulity'。
=====================================
=====================================
添加日期为:2020/12/3 15:28:37
日志内容为:找不到存储过程 'up_SelProQulity'。
=====================================
=====================================
添加日期为:2020/12/3 15:29:37
日志内容为:找不到存储过程 'up_SelProQulity'。
=====================================
=====================================
添加日期为:2020/12/3 15:30:37
日志内容为:找不到存储过程 'up_SelProQulity'。
=====================================
=====================================
添加日期为:2020/12/3 15:31:37
日志内容为:找不到存储过程 'up_SelProQulity'。
=====================================
=====================================
添加日期为:2020/12/3 15:32:37
日志内容为:找不到存储过程 'up_SelProQulity'。
=====================================
=====================================
添加日期为:2020/12/3 15:33:37
日志内容为:找不到存储过程 'up_SelProQulity'。
=====================================
=====================================
添加日期为:2020/12/3 15:34:37
日志内容为:找不到存储过程 'up_SelProQulity'。
=====================================
=====================================
添加日期为:2020/12/3 15:35:37
日志内容为:找不到存储过程 'up_SelProQulity'。
=====================================
=====================================
添加日期为:2020/12/3 15:36:37
日志内容为:找不到存储过程 'up_SelProQulity'。
=====================================
=====================================
添加日期为:2020/12/3 15:37:37
日志内容为:找不到存储过程 'up_SelProQulity'。
=====================================
=====================================
添加日期为:2020/12/3 15:38:37
日志内容为:找不到存储过程 'up_SelProQulity'。
=====================================
=====================================
添加日期为:2020/12/3 15:39:37
日志内容为:找不到存储过程 'up_SelProQulity'。
=====================================
=====================================
添加日期为:2020/12/3 15:40:37
日志内容为:找不到存储过程 'up_SelProQulity'。
=====================================
=====================================
添加日期为:2020/12/3 15:41:37
日志内容为:找不到存储过程 'up_SelProQulity'。
=====================================
=====================================
添加日期为:2020/12/3 15:42:37
日志内容为:找不到存储过程 'up_SelProQulity'。
=====================================
=====================================
添加日期为:2020/12/3 15:43:37
日志内容为:找不到存储过程 'up_SelProQulity'。
=====================================
=====================================
添加日期为:2020/12/3 15:44:37
日志内容为:找不到存储过程 'up_SelProQulity'。
=====================================
=====================================
添加日期为:2020/12/3 15:45:37
日志内容为:找不到存储过程 'up_SelProQulity'。
=====================================
=====================================
添加日期为:2020/12/3 15:46:37
日志内容为:找不到存储过程 'up_SelProQulity'。
=====================================
=====================================
添加日期为:2020/12/3 15:47:37
日志内容为:找不到存储过程 'up_SelProQulity'。
=====================================
=====================================
添加日期为:2020/12/3 15:48:37
日志内容为:找不到存储过程 'up_SelProQulity'。
=====================================
=====================================
添加日期为:2020/12/3 15:49:37
日志内容为:找不到存储过程 'up_SelProQulity'。
=====================================
=====================================
添加日期为:2020/12/3 15:50:37
日志内容为:找不到存储过程 'up_SelProQulity'。
=====================================
=====================================
添加日期为:2020/12/3 15:51:37
日志内容为:找不到存储过程 'up_SelProQulity'。
=====================================
=====================================
添加日期为:2020/12/3 15:52:37
日志内容为:找不到存储过程 'up_SelProQulity'。
=====================================
=====================================
添加日期为:2020/12/3 15:53:37
日志内容为:找不到存储过程 'up_SelProQulity'。
=====================================
=====================================
添加日期为:2020/12/3 15:54:37
日志内容为:找不到存储过程 'up_SelProQulity'。
=====================================
=====================================
添加日期为:2020/12/3 15:55:37
日志内容为:找不到存储过程 'up_SelProQulity'。
=====================================
=====================================
添加日期为:2020/12/3 15:56:37
日志内容为:找不到存储过程 'up_SelProQulity'。
=====================================
=====================================
添加日期为:2020/12/3 15:57:37
日志内容为:找不到存储过程 'up_SelProQulity'。
=====================================
=====================================
添加日期为:2020/12/3 15:58:37
日志内容为:找不到存储过程 'up_SelProQulity'。
=====================================
=====================================
添加日期为:2020/12/3 15:59:37
日志内容为:找不到存储过程 'up_SelProQulity'。
=====================================
=====================================
添加日期为:2020/12/3 16:00:37
日志内容为:找不到存储过程 'up_SelProQulity'。
=====================================
=====================================
添加日期为:2020/12/3 16:01:37
日志内容为:找不到存储过程 'up_SelProQulity'。
=====================================
=====================================
添加日期为:2020/12/3 16:02:37
日志内容为:找不到存储过程 'up_SelProQulity'。
=====================================
=====================================
添加日期为:2020/12/3 16:03:37
日志内容为:找不到存储过程 'up_SelProQulity'。
=====================================
=====================================
添加日期为:2020/12/3 16:04:37
日志内容为:找不到存储过程 'up_SelProQulity'。
=====================================
=====================================
添加日期为:2020/12/3 16:05:37
日志内容为:找不到存储过程 'up_SelProQulity'。
=====================================
=====================================
添加日期为:2020/12/3 16:06:37
日志内容为:找不到存储过程 'up_SelProQulity'。
=====================================
=====================================
添加日期为:2020/12/3 16:07:37
日志内容为:找不到存储过程 'up_SelProQulity'。
=====================================
=====================================
添加日期为:2020/12/3 16:08:37
日志内容为:找不到存储过程 'up_SelProQulity'。
=====================================
=====================================
添加日期为:2020/12/3 16:09:37
日志内容为:找不到存储过程 'up_SelProQulity'。
=====================================
=====================================
添加日期为:2020/12/3 16:10:37
日志内容为:找不到存储过程 'up_SelProQulity'。
=====================================
=====================================
添加日期为:2020/12/3 16:11:37
日志内容为:找不到存储过程 'up_SelProQulity'。
=====================================
=====================================
添加日期为:2020/12/3 16:12:37
日志内容为:找不到存储过程 'up_SelProQulity'。
=====================================
=====================================
添加日期为:2020/12/3 16:13:37
日志内容为:找不到存储过程 'up_SelProQulity'。
=====================================
=====================================
添加日期为:2020/12/3 16:14:37
日志内容为:找不到存储过程 'up_SelProQulity'。
=====================================
=====================================
添加日期为:2020/12/3 16:15:37
日志内容为:找不到存储过程 'up_SelProQulity'。
=====================================
=====================================
添加日期为:2020/12/3 16:16:37
日志内容为:找不到存储过程 'up_SelProQulity'。
=====================================
=====================================
添加日期为:2020/12/3 16:17:37
日志内容为:找不到存储过程 'up_SelProQulity'。
=====================================
=====================================
添加日期为:2020/12/3 16:18:37
日志内容为:找不到存储过程 'up_SelProQulity'。
=====================================
=====================================
添加日期为:2020/12/3 16:19:37
日志内容为:找不到存储过程 'up_SelProQulity'。
=====================================
=====================================
添加日期为:2020/12/3 16:20:37
日志内容为:找不到存储过程 'up_SelProQulity'。
=====================================
=====================================
添加日期为:2020/12/3 16:21:37
日志内容为:找不到存储过程 'up_SelProQulity'。
=====================================
=====================================
添加日期为:2020/12/3 16:22:37
日志内容为:找不到存储过程 'up_SelProQulity'。
=====================================
=====================================
添加日期为:2020/12/3 16:23:37
日志内容为:找不到存储过程 'up_SelProQulity'。
=====================================
=====================================
添加日期为:2020/12/3 16:24:37
日志内容为:找不到存储过程 'up_SelProQulity'。
=====================================
=====================================
添加日期为:2020/12/3 16:25:37
日志内容为:找不到存储过程 'up_SelProQulity'。
=====================================
=====================================
添加日期为:2020/12/3 16:26:37
日志内容为:找不到存储过程 'up_SelProQulity'。
=====================================
=====================================
添加日期为:2020/12/3 16:27:37
日志内容为:找不到存储过程 'up_SelProQulity'。
=====================================
=====================================
添加日期为:2020/12/3 16:28:37
日志内容为:找不到存储过程 'up_SelProQulity'。
=====================================
=====================================
添加日期为:2020/12/3 16:29:37
日志内容为:找不到存储过程 'up_SelProQulity'。
=====================================
=====================================
添加日期为:2020/12/3 16:30:37
日志内容为:找不到存储过程 'up_SelProQulity'。
=====================================
=====================================
添加日期为:2020/12/3 16:31:37
日志内容为:找不到存储过程 'up_SelProQulity'。
=====================================
=====================================
添加日期为:2020/12/3 16:32:37
日志内容为:找不到存储过程 'up_SelProQulity'。
=====================================
=====================================
添加日期为:2020/12/3 16:33:37
日志内容为:找不到存储过程 'up_SelProQulity'。
=====================================
=====================================
添加日期为:2020/12/3 16:34:37
日志内容为:找不到存储过程 'up_SelProQulity'。
=====================================
=====================================
添加日期为:2020/12/3 16:35:37
日志内容为:找不到存储过程 'up_SelProQulity'。
=====================================
=====================================
添加日期为:2020/12/3 16:36:37
日志内容为:找不到存储过程 'up_SelProQulity'。
=====================================
=====================================
添加日期为:2020/12/3 16:37:37
日志内容为:找不到存储过程 'up_SelProQulity'。
=====================================
=====================================
添加日期为:2020/12/3 16:38:37
日志内容为:找不到存储过程 'up_SelProQulity'。
=====================================
=====================================
添加日期为:2020/12/3 16:39:37
日志内容为:找不到存储过程 'up_SelProQulity'。
=====================================
=====================================
添加日期为:2020/12/3 16:40:37
日志内容为:找不到存储过程 'up_SelProQulity'。
=====================================
=====================================
添加日期为:2020/12/3 16:41:37
日志内容为:找不到存储过程 'up_SelProQulity'。
=====================================
=====================================
添加日期为:2020/12/3 16:42:37
日志内容为:找不到存储过程 'up_SelProQulity'。
=====================================
=====================================
添加日期为:2020/12/3 16:43:37
日志内容为:找不到存储过程 'up_SelProQulity'。
=====================================
=====================================
添加日期为:2020/12/3 16:44:37
日志内容为:找不到存储过程 'up_SelProQulity'。
=====================================
=====================================
添加日期为:2020/12/3 16:45:37
日志内容为:找不到存储过程 'up_SelProQulity'。
=====================================
=====================================
添加日期为:2020/12/3 16:46:37
日志内容为:找不到存储过程 'up_SelProQulity'。
=====================================
=====================================
添加日期为:2020/12/3 16:47:37
日志内容为:找不到存储过程 'up_SelProQulity'。
=====================================
=====================================
添加日期为:2020/12/3 16:48:37
日志内容为:找不到存储过程 'up_SelProQulity'。
=====================================
=====================================
添加日期为:2020/12/3 16:49:37
日志内容为:找不到存储过程 'up_SelProQulity'。
=====================================
=====================================
添加日期为:2020/12/3 16:50:37
日志内容为:找不到存储过程 'up_SelProQulity'。
=====================================
=====================================
添加日期为:2020/12/3 16:51:37
日志内容为:找不到存储过程 'up_SelProQulity'。
=====================================
=====================================
添加日期为:2020/12/3 16:52:37
日志内容为:找不到存储过程 'up_SelProQulity'。
=====================================
=====================================
添加日期为:2020/12/3 16:53:37
日志内容为:找不到存储过程 'up_SelProQulity'。
=====================================
=====================================
添加日期为:2020/12/3 16:54:38
日志内容为:找不到存储过程 'up_SelProQulity'。
=====================================
=====================================
添加日期为:2020/12/3 16:55:37
日志内容为:找不到存储过程 'up_SelProQulity'。
=====================================
=====================================
添加日期为:2020/12/3 16:56:37
日志内容为:找不到存储过程 'up_SelProQulity'。
=====================================
=====================================
添加日期为:2020/12/3 16:57:37
日志内容为:找不到存储过程 'up_SelProQulity'。
=====================================
=====================================
添加日期为:2020/12/3 16:58:37
日志内容为:找不到存储过程 'up_SelProQulity'。
=====================================
=====================================
添加日期为:2020/12/3 16:59:37
日志内容为:找不到存储过程 'up_SelProQulity'。
=====================================
=====================================
添加日期为:2020/12/3 17:00:37
日志内容为:找不到存储过程 'up_SelProQulity'。
=====================================
=====================================
添加日期为:2020/12/3 17:01:37
日志内容为:找不到存储过程 'up_SelProQulity'。
=====================================
=====================================
添加日期为:2020/12/3 17:02:37
日志内容为:找不到存储过程 'up_SelProQulity'。
=====================================
=====================================
添加日期为:2020/12/3 17:03:37
日志内容为:找不到存储过程 'up_SelProQulity'。
=====================================
=====================================
添加日期为:2020/12/3 17:04:37
日志内容为:找不到存储过程 'up_SelProQulity'。
=====================================
=====================================
添加日期为:2020/12/3 17:05:37
日志内容为:找不到存储过程 'up_SelProQulity'。
=====================================
=====================================
添加日期为:2020/12/3 17:06:37
日志内容为:找不到存储过程 'up_SelProQulity'。
=====================================
=====================================
添加日期为:2020/12/3 17:07:37
日志内容为:找不到存储过程 'up_SelProQulity'。
=====================================
=====================================
添加日期为:2020/12/3 17:08:37
日志内容为:找不到存储过程 'up_SelProQulity'。
=====================================
=====================================
添加日期为:2020/12/3 17:09:37
日志内容为:找不到存储过程 'up_SelProQulity'。
=====================================
=====================================
添加日期为:2020/12/3 17:10:37
日志内容为:找不到存储过程 'up_SelProQulity'。
=====================================
=====================================
添加日期为:2020/12/3 17:11:37
日志内容为:找不到存储过程 'up_SelProQulity'。
=====================================
=====================================
添加日期为:2020/12/3 17:12:37
日志内容为:找不到存储过程 'up_SelProQulity'。
=====================================
=====================================
添加日期为:2020/12/3 17:13:37
日志内容为:找不到存储过程 'up_SelProQulity'。
=====================================
=====================================
添加日期为:2020/12/3 17:14:37
日志内容为:找不到存储过程 'up_SelProQulity'。
=====================================
=====================================
添加日期为:2020/12/3 17:15:37
日志内容为:找不到存储过程 'up_SelProQulity'。
=====================================
=====================================
添加日期为:2020/12/3 17:16:37
日志内容为:找不到存储过程 'up_SelProQulity'。
=====================================
=====================================
添加日期为:2020/12/3 17:17:37
日志内容为:找不到存储过程 'up_SelProQulity'。
=====================================
=====================================
添加日期为:2020/12/3 17:18:37
日志内容为:找不到存储过程 'up_SelProQulity'。
=====================================
=====================================
添加日期为:2020/12/3 17:19:37
日志内容为:找不到存储过程 'up_SelProQulity'。
=====================================
=====================================
添加日期为:2020/12/3 17:20:37
日志内容为:找不到存储过程 'up_SelProQulity'。
=====================================
=====================================
添加日期为:2020/12/3 17:21:37
日志内容为:找不到存储过程 'up_SelProQulity'。
=====================================
=====================================
添加日期为:2020/12/3 17:22:37
日志内容为:找不到存储过程 'up_SelProQulity'。
=====================================
=====================================
添加日期为:2020/12/3 17:23:37
日志内容为:找不到存储过程 'up_SelProQulity'。
=====================================
=====================================
添加日期为:2020/12/3 17:24:37
日志内容为:找不到存储过程 'up_SelProQulity'。
=====================================
=====================================
添加日期为:2020/12/3 17:25:38
日志内容为:找不到存储过程 'up_SelProQulity'。
=====================================
=====================================
添加日期为:2020/12/3 17:26:38
日志内容为:找不到存储过程 'up_SelProQulity'。
=====================================
=====================================
添加日期为:2020/12/3 17:27:38
日志内容为:找不到存储过程 'up_SelProQulity'。
=====================================
=====================================
添加日期为:2020/12/3 17:28:38
日志内容为:找不到存储过程 'up_SelProQulity'。
=====================================
=====================================
添加日期为:2020/12/3 17:29:38
日志内容为:找不到存储过程 'up_SelProQulity'。
=====================================
=====================================
添加日期为:2020/12/3 17:30:38
日志内容为:找不到存储过程 'up_SelProQulity'。
=====================================
=====================================
添加日期为:2020/12/3 17:31:38
日志内容为:找不到存储过程 'up_SelProQulity'。
=====================================
=====================================
添加日期为:2020/12/3 17:32:38
日志内容为:找不到存储过程 'up_SelProQulity'。
=====================================
=====================================
添加日期为:2020/12/3 17:33:38
日志内容为:找不到存储过程 'up_SelProQulity'。
=====================================
=====================================
添加日期为:2020/12/3 17:34:38
日志内容为:找不到存储过程 'up_SelProQulity'。
=====================================
=====================================
添加日期为:2020/12/3 17:35:38
日志内容为:找不到存储过程 'up_SelProQulity'。
=====================================
=====================================
添加日期为:2020/12/3 17:36:38
日志内容为:找不到存储过程 'up_SelProQulity'。
=====================================
=====================================
添加日期为:2020/12/3 17:37:38
日志内容为:找不到存储过程 'up_SelProQulity'。
=====================================
=====================================
添加日期为:2020/12/3 17:38:38
日志内容为:找不到存储过程 'up_SelProQulity'。
=====================================
=====================================
添加日期为:2020/12/3 17:39:38
日志内容为:找不到存储过程 'up_SelProQulity'。
=====================================
=====================================
添加日期为:2020/12/3 17:40:38
日志内容为:找不到存储过程 'up_SelProQulity'。
=====================================
=====================================
添加日期为:2020/12/3 17:41:38
日志内容为:找不到存储过程 'up_SelProQulity'。
=====================================
=====================================
添加日期为:2020/12/3 17:42:38
日志内容为:找不到存储过程 'up_SelProQulity'。
=====================================
=====================================
添加日期为:2020/12/3 17:43:38
日志内容为:找不到存储过程 'up_SelProQulity'。
=====================================
=====================================
添加日期为:2020/12/3 17:44:38
日志内容为:找不到存储过程 'up_SelProQulity'。
=====================================
=====================================
添加日期为:2020/12/3 17:45:38
日志内容为:找不到存储过程 'up_SelProQulity'。
=====================================
=====================================
添加日期为:2020/12/3 17:46:38
日志内容为:找不到存储过程 'up_SelProQulity'。
=====================================
=====================================
添加日期为:2020/12/3 17:47:38
日志内容为:找不到存储过程 'up_SelProQulity'。
=====================================
=====================================
添加日期为:2020/12/3 17:48:38
日志内容为:找不到存储过程 'up_SelProQulity'。
=====================================
=====================================
添加日期为:2020/12/3 17:49:38
日志内容为:找不到存储过程 'up_SelProQulity'。
=====================================
=====================================
添加日期为:2020/12/3 17:50:38
日志内容为:找不到存储过程 'up_SelProQulity'。
=====================================
=====================================
添加日期为:2020/12/3 17:51:38
日志内容为:找不到存储过程 'up_SelProQulity'。
=====================================
=====================================
添加日期为:2020/12/3 17:52:38
日志内容为:找不到存储过程 'up_SelProQulity'。
=====================================
=====================================
添加日期为:2020/12/3 17:53:38
日志内容为:找不到存储过程 'up_SelProQulity'。
=====================================
=====================================
添加日期为:2020/12/3 17:54:38
日志内容为:找不到存储过程 'up_SelProQulity'。
=====================================
=====================================
添加日期为:2020/12/3 17:55:38
日志内容为:找不到存储过程 'up_SelProQulity'。
=====================================
=====================================
添加日期为:2020/12/3 17:56:38
日志内容为:找不到存储过程 'up_SelProQulity'。
=====================================
=====================================
添加日期为:2020/12/3 17:57:38
日志内容为:找不到存储过程 'up_SelProQulity'。
=====================================
=====================================
添加日期为:2020/12/3 17:58:38
日志内容为:找不到存储过程 'up_SelProQulity'。
=====================================
=====================================
添加日期为:2020/12/3 17:59:38
日志内容为:找不到存储过程 'up_SelProQulity'。
=====================================
=====================================
添加日期为:2020/12/3 18:00:38
日志内容为:找不到存储过程 'up_SelProQulity'。
=====================================
=====================================
添加日期为:2020/12/3 18:01:38
日志内容为:找不到存储过程 'up_SelProQulity'。
=====================================
=====================================
添加日期为:2020/12/3 18:02:38
日志内容为:找不到存储过程 'up_SelProQulity'。
=====================================
=====================================
添加日期为:2020/12/3 18:03:38
日志内容为:找不到存储过程 'up_SelProQulity'。
=====================================
=====================================
添加日期为:2020/12/3 18:04:38
日志内容为:找不到存储过程 'up_SelProQulity'。
=====================================
=====================================
添加日期为:2020/12/3 18:05:38
日志内容为:找不到存储过程 'up_SelProQulity'。
=====================================
=====================================
添加日期为:2020/12/3 18:06:38
日志内容为:找不到存储过程 'up_SelProQulity'。
=====================================
=====================================
添加日期为:2020/12/3 18:07:38
日志内容为:找不到存储过程 'up_SelProQulity'。
=====================================
=====================================
添加日期为:2020/12/3 18:08:38
日志内容为:找不到存储过程 'up_SelProQulity'。
=====================================
=====================================
添加日期为:2020/12/3 18:09:38
日志内容为:找不到存储过程 'up_SelProQulity'。
=====================================
=====================================
添加日期为:2020/12/3 18:10:38
日志内容为:找不到存储过程 'up_SelProQulity'。
=====================================
=====================================
添加日期为:2020/12/3 18:11:38
日志内容为:找不到存储过程 'up_SelProQulity'。
=====================================
=====================================
添加日期为:2020/12/3 18:12:38
日志内容为:找不到存储过程 'up_SelProQulity'。
=====================================
=====================================
添加日期为:2020/12/3 18:13:38
日志内容为:找不到存储过程 'up_SelProQulity'。
=====================================
=====================================
添加日期为:2020/12/3 18:14:38
日志内容为:找不到存储过程 'up_SelProQulity'。
=====================================
=====================================
添加日期为:2020/12/3 18:15:38
日志内容为:找不到存储过程 'up_SelProQulity'。
=====================================
=====================================
添加日期为:2020/12/3 18:16:38
日志内容为:找不到存储过程 'up_SelProQulity'。
=====================================
=====================================
添加日期为:2020/12/3 18:17:38
日志内容为:找不到存储过程 'up_SelProQulity'。
=====================================
=====================================
添加日期为:2020/12/3 18:18:38
日志内容为:找不到存储过程 'up_SelProQulity'。
=====================================
=====================================
添加日期为:2020/12/3 18:19:38
日志内容为:找不到存储过程 'up_SelProQulity'。
=====================================
=====================================
添加日期为:2020/12/3 18:20:38
日志内容为:找不到存储过程 'up_SelProQulity'。
=====================================
