=====================================
添加日期为:2020/12/10 8:56:31
日志内容为:找不到存储过程 'up_SelProQulity'。
=====================================
=====================================
添加日期为:2020/12/10 8:57:31
日志内容为:找不到存储过程 'up_SelProQulity'。
=====================================
=====================================
添加日期为:2020/12/10 8:58:31
日志内容为:找不到存储过程 'up_SelProQulity'。
=====================================
=====================================
添加日期为:2020/12/10 8:59:31
日志内容为:找不到存储过程 'up_SelProQulity'。
=====================================
=====================================
添加日期为:2020/12/10 9:00:31
日志内容为:找不到存储过程 'up_SelProQulity'。
=====================================
=====================================
添加日期为:2020/12/10 9:01:31
日志内容为:找不到存储过程 'up_SelProQulity'。
=====================================
=====================================
添加日期为:2020/12/10 9:02:31
日志内容为:找不到存储过程 'up_SelProQulity'。
=====================================
=====================================
添加日期为:2020/12/10 9:03:31
日志内容为:找不到存储过程 'up_SelProQulity'。
=====================================
=====================================
添加日期为:2020/12/10 9:04:31
日志内容为:找不到存储过程 'up_SelProQulity'。
=====================================
=====================================
添加日期为:2020/12/10 9:05:31
日志内容为:找不到存储过程 'up_SelProQulity'。
=====================================
=====================================
添加日期为:2020/12/10 9:06:31
日志内容为:找不到存储过程 'up_SelProQulity'。
=====================================
=====================================
添加日期为:2020/12/10 9:07:31
日志内容为:找不到存储过程 'up_SelProQulity'。
=====================================
=====================================
添加日期为:2020/12/10 9:08:31
日志内容为:找不到存储过程 'up_SelProQulity'。
=====================================
=====================================
添加日期为:2020/12/10 9:09:31
日志内容为:找不到存储过程 'up_SelProQulity'。
=====================================
=====================================
添加日期为:2020/12/10 9:10:31
日志内容为:找不到存储过程 'up_SelProQulity'。
=====================================
=====================================
添加日期为:2020/12/10 9:11:31
日志内容为:找不到存储过程 'up_SelProQulity'。
=====================================
=====================================
添加日期为:2020/12/10 9:12:31
日志内容为:找不到存储过程 'up_SelProQulity'。
=====================================
=====================================
添加日期为:2020/12/10 9:13:31
日志内容为:找不到存储过程 'up_SelProQulity'。
=====================================
=====================================
添加日期为:2020/12/10 9:14:31
日志内容为:找不到存储过程 'up_SelProQulity'。
=====================================
=====================================
添加日期为:2020/12/10 9:15:31
日志内容为:找不到存储过程 'up_SelProQulity'。
=====================================
=====================================
添加日期为:2020/12/10 9:16:31
日志内容为:找不到存储过程 'up_SelProQulity'。
=====================================
=====================================
添加日期为:2020/12/10 9:17:31
日志内容为:找不到存储过程 'up_SelProQulity'。
=====================================
=====================================
添加日期为:2020/12/10 9:18:31
日志内容为:找不到存储过程 'up_SelProQulity'。
=====================================
=====================================
添加日期为:2020/12/10 9:19:31
日志内容为:找不到存储过程 'up_SelProQulity'。
=====================================
=====================================
添加日期为:2020/12/10 9:20:31
日志内容为:找不到存储过程 'up_SelProQulity'。
=====================================
=====================================
添加日期为:2020/12/10 9:21:31
日志内容为:找不到存储过程 'up_SelProQulity'。
=====================================
=====================================
添加日期为:2020/12/10 9:22:31
日志内容为:找不到存储过程 'up_SelProQulity'。
=====================================
=====================================
添加日期为:2020/12/10 9:23:31
日志内容为:找不到存储过程 'up_SelProQulity'。
=====================================
=====================================
添加日期为:2020/12/10 9:24:31
日志内容为:找不到存储过程 'up_SelProQulity'。
=====================================
=====================================
添加日期为:2020/12/10 9:25:31
日志内容为:找不到存储过程 'up_SelProQulity'。
=====================================
=====================================
添加日期为:2020/12/10 9:26:31
日志内容为:找不到存储过程 'up_SelProQulity'。
=====================================
=====================================
添加日期为:2020/12/10 9:27:31
日志内容为:找不到存储过程 'up_SelProQulity'。
=====================================
=====================================
添加日期为:2020/12/10 9:28:31
日志内容为:找不到存储过程 'up_SelProQulity'。
=====================================
=====================================
添加日期为:2020/12/10 9:29:31
日志内容为:找不到存储过程 'up_SelProQulity'。
=====================================
=====================================
添加日期为:2020/12/10 9:30:31
日志内容为:找不到存储过程 'up_SelProQulity'。
=====================================
=====================================
添加日期为:2020/12/10 9:31:31
日志内容为:找不到存储过程 'up_SelProQulity'。
=====================================
=====================================
添加日期为:2020/12/10 9:32:31
日志内容为:找不到存储过程 'up_SelProQulity'。
=====================================
=====================================
添加日期为:2020/12/10 9:33:31
日志内容为:找不到存储过程 'up_SelProQulity'。
=====================================
=====================================
添加日期为:2020/12/10 9:34:31
日志内容为:找不到存储过程 'up_SelProQulity'。
=====================================
=====================================
添加日期为:2020/12/10 9:35:31
日志内容为:找不到存储过程 'up_SelProQulity'。
=====================================
=====================================
添加日期为:2020/12/10 9:36:31
日志内容为:找不到存储过程 'up_SelProQulity'。
=====================================
=====================================
添加日期为:2020/12/10 9:37:31
日志内容为:找不到存储过程 'up_SelProQulity'。
=====================================
=====================================
添加日期为:2020/12/10 9:38:31
日志内容为:找不到存储过程 'up_SelProQulity'。
=====================================
=====================================
添加日期为:2020/12/10 9:39:31
日志内容为:找不到存储过程 'up_SelProQulity'。
=====================================
=====================================
添加日期为:2020/12/10 9:40:31
日志内容为:找不到存储过程 'up_SelProQulity'。
=====================================
=====================================
添加日期为:2020/12/10 9:41:31
日志内容为:找不到存储过程 'up_SelProQulity'。
=====================================
=====================================
添加日期为:2020/12/10 9:42:31
日志内容为:找不到存储过程 'up_SelProQulity'。
=====================================
=====================================
添加日期为:2020/12/10 9:43:31
日志内容为:找不到存储过程 'up_SelProQulity'。
=====================================
=====================================
添加日期为:2020/12/10 9:44:31
日志内容为:找不到存储过程 'up_SelProQulity'。
=====================================
=====================================
添加日期为:2020/12/10 9:45:31
日志内容为:找不到存储过程 'up_SelProQulity'。
=====================================
=====================================
添加日期为:2020/12/10 9:46:31
日志内容为:找不到存储过程 'up_SelProQulity'。
=====================================
=====================================
添加日期为:2020/12/10 9:47:32
日志内容为:找不到存储过程 'up_SelProQulity'。
=====================================
=====================================
添加日期为:2020/12/10 9:48:31
日志内容为:找不到存储过程 'up_SelProQulity'。
=====================================
=====================================
添加日期为:2020/12/10 9:49:31
日志内容为:找不到存储过程 'up_SelProQulity'。
=====================================
=====================================
添加日期为:2020/12/10 9:50:31
日志内容为:找不到存储过程 'up_SelProQulity'。
=====================================
=====================================
添加日期为:2020/12/10 9:51:31
日志内容为:找不到存储过程 'up_SelProQulity'。
=====================================
=====================================
添加日期为:2020/12/10 9:52:31
日志内容为:找不到存储过程 'up_SelProQulity'。
=====================================
=====================================
添加日期为:2020/12/10 9:53:31
日志内容为:找不到存储过程 'up_SelProQulity'。
=====================================
=====================================
添加日期为:2020/12/10 9:54:31
日志内容为:找不到存储过程 'up_SelProQulity'。
=====================================
=====================================
添加日期为:2020/12/10 9:55:31
日志内容为:找不到存储过程 'up_SelProQulity'。
=====================================
=====================================
添加日期为:2020/12/10 9:56:31
日志内容为:找不到存储过程 'up_SelProQulity'。
=====================================
=====================================
添加日期为:2020/12/10 9:57:31
日志内容为:找不到存储过程 'up_SelProQulity'。
=====================================
=====================================
添加日期为:2020/12/10 9:58:31
日志内容为:找不到存储过程 'up_SelProQulity'。
=====================================
=====================================
添加日期为:2020/12/10 9:59:31
日志内容为:找不到存储过程 'up_SelProQulity'。
=====================================
=====================================
添加日期为:2020/12/10 10:00:31
日志内容为:找不到存储过程 'up_SelProQulity'。
=====================================
=====================================
添加日期为:2020/12/10 10:01:31
日志内容为:找不到存储过程 'up_SelProQulity'。
=====================================
=====================================
添加日期为:2020/12/10 10:02:31
日志内容为:找不到存储过程 'up_SelProQulity'。
=====================================
=====================================
添加日期为:2020/12/10 10:03:31
日志内容为:找不到存储过程 'up_SelProQulity'。
=====================================
=====================================
添加日期为:2020/12/10 10:04:31
日志内容为:找不到存储过程 'up_SelProQulity'。
=====================================
=====================================
添加日期为:2020/12/10 10:05:31
日志内容为:找不到存储过程 'up_SelProQulity'。
=====================================
=====================================
添加日期为:2020/12/10 10:06:31
日志内容为:找不到存储过程 'up_SelProQulity'。
=====================================
=====================================
添加日期为:2020/12/10 10:07:31
日志内容为:找不到存储过程 'up_SelProQulity'。
=====================================
=====================================
添加日期为:2020/12/10 10:08:31
日志内容为:找不到存储过程 'up_SelProQulity'。
=====================================
=====================================
添加日期为:2020/12/10 10:09:31
日志内容为:找不到存储过程 'up_SelProQulity'。
=====================================
=====================================
添加日期为:2020/12/10 10:10:31
日志内容为:找不到存储过程 'up_SelProQulity'。
=====================================
=====================================
添加日期为:2020/12/10 10:11:31
日志内容为:找不到存储过程 'up_SelProQulity'。
=====================================
=====================================
添加日期为:2020/12/10 10:12:31
日志内容为:找不到存储过程 'up_SelProQulity'。
=====================================
=====================================
添加日期为:2020/12/10 10:13:31
日志内容为:找不到存储过程 'up_SelProQulity'。
=====================================
=====================================
添加日期为:2020/12/10 10:14:31
日志内容为:找不到存储过程 'up_SelProQulity'。
=====================================
=====================================
添加日期为:2020/12/10 10:15:31
日志内容为:找不到存储过程 'up_SelProQulity'。
=====================================
=====================================
添加日期为:2020/12/10 10:16:31
日志内容为:找不到存储过程 'up_SelProQulity'。
=====================================
=====================================
添加日期为:2020/12/10 10:17:31
日志内容为:找不到存储过程 'up_SelProQulity'。
=====================================
=====================================
添加日期为:2020/12/10 10:18:31
日志内容为:找不到存储过程 'up_SelProQulity'。
=====================================
=====================================
添加日期为:2020/12/10 10:19:31
日志内容为:找不到存储过程 'up_SelProQulity'。
=====================================
=====================================
添加日期为:2020/12/10 10:20:31
日志内容为:找不到存储过程 'up_SelProQulity'。
=====================================
=====================================
添加日期为:2020/12/10 10:21:31
日志内容为:找不到存储过程 'up_SelProQulity'。
=====================================
=====================================
添加日期为:2020/12/10 10:22:31
日志内容为:找不到存储过程 'up_SelProQulity'。
=====================================
=====================================
添加日期为:2020/12/10 10:23:31
日志内容为:找不到存储过程 'up_SelProQulity'。
=====================================
=====================================
添加日期为:2020/12/10 10:24:31
日志内容为:找不到存储过程 'up_SelProQulity'。
=====================================
=====================================
添加日期为:2020/12/10 10:25:31
日志内容为:找不到存储过程 'up_SelProQulity'。
=====================================
=====================================
添加日期为:2020/12/10 10:26:31
日志内容为:找不到存储过程 'up_SelProQulity'。
=====================================
=====================================
添加日期为:2020/12/10 10:27:31
日志内容为:找不到存储过程 'up_SelProQulity'。
=====================================
=====================================
添加日期为:2020/12/10 10:28:31
日志内容为:找不到存储过程 'up_SelProQulity'。
=====================================
=====================================
添加日期为:2020/12/10 10:29:31
日志内容为:找不到存储过程 'up_SelProQulity'。
=====================================
=====================================
添加日期为:2020/12/10 10:30:31
日志内容为:找不到存储过程 'up_SelProQulity'。
=====================================
=====================================
添加日期为:2020/12/10 10:31:31
日志内容为:找不到存储过程 'up_SelProQulity'。
=====================================
=====================================
添加日期为:2020/12/10 10:32:31
日志内容为:找不到存储过程 'up_SelProQulity'。
=====================================
=====================================
添加日期为:2020/12/10 10:33:31
日志内容为:找不到存储过程 'up_SelProQulity'。
=====================================
=====================================
添加日期为:2020/12/10 10:34:31
日志内容为:找不到存储过程 'up_SelProQulity'。
=====================================
=====================================
添加日期为:2020/12/10 10:35:31
日志内容为:找不到存储过程 'up_SelProQulity'。
=====================================
=====================================
添加日期为:2020/12/10 10:36:31
日志内容为:找不到存储过程 'up_SelProQulity'。
=====================================
=====================================
添加日期为:2020/12/10 10:37:31
日志内容为:找不到存储过程 'up_SelProQulity'。
=====================================
=====================================
添加日期为:2020/12/10 10:38:31
日志内容为:找不到存储过程 'up_SelProQulity'。
=====================================
=====================================
添加日期为:2020/12/10 10:39:31
日志内容为:找不到存储过程 'up_SelProQulity'。
=====================================
=====================================
添加日期为:2020/12/10 10:40:31
日志内容为:找不到存储过程 'up_SelProQulity'。
=====================================
=====================================
添加日期为:2020/12/10 10:41:31
日志内容为:找不到存储过程 'up_SelProQulity'。
=====================================
=====================================
添加日期为:2020/12/10 10:42:31
日志内容为:找不到存储过程 'up_SelProQulity'。
=====================================
=====================================
添加日期为:2020/12/10 10:43:31
日志内容为:找不到存储过程 'up_SelProQulity'。
=====================================
=====================================
添加日期为:2020/12/10 10:44:31
日志内容为:找不到存储过程 'up_SelProQulity'。
=====================================
=====================================
添加日期为:2020/12/10 10:45:31
日志内容为:找不到存储过程 'up_SelProQulity'。
=====================================
=====================================
添加日期为:2020/12/10 10:46:31
日志内容为:找不到存储过程 'up_SelProQulity'。
=====================================
=====================================
添加日期为:2020/12/10 10:47:31
日志内容为:找不到存储过程 'up_SelProQulity'。
=====================================
=====================================
添加日期为:2020/12/10 10:48:31
日志内容为:找不到存储过程 'up_SelProQulity'。
=====================================
=====================================
添加日期为:2020/12/10 10:49:31
日志内容为:找不到存储过程 'up_SelProQulity'。
=====================================
=====================================
添加日期为:2020/12/10 10:50:31
日志内容为:找不到存储过程 'up_SelProQulity'。
=====================================
=====================================
添加日期为:2020/12/10 10:51:31
日志内容为:找不到存储过程 'up_SelProQulity'。
=====================================
=====================================
添加日期为:2020/12/10 10:52:31
日志内容为:找不到存储过程 'up_SelProQulity'。
=====================================
=====================================
添加日期为:2020/12/10 10:53:31
日志内容为:找不到存储过程 'up_SelProQulity'。
=====================================
=====================================
添加日期为:2020/12/10 10:54:31
日志内容为:找不到存储过程 'up_SelProQulity'。
=====================================
=====================================
添加日期为:2020/12/10 10:55:31
日志内容为:找不到存储过程 'up_SelProQulity'。
=====================================
=====================================
添加日期为:2020/12/10 10:56:31
日志内容为:找不到存储过程 'up_SelProQulity'。
=====================================
=====================================
添加日期为:2020/12/10 10:57:31
日志内容为:找不到存储过程 'up_SelProQulity'。
=====================================
=====================================
添加日期为:2020/12/10 10:58:31
日志内容为:找不到存储过程 'up_SelProQulity'。
=====================================
=====================================
添加日期为:2020/12/10 10:59:31
日志内容为:找不到存储过程 'up_SelProQulity'。
=====================================
=====================================
添加日期为:2020/12/10 11:00:31
日志内容为:找不到存储过程 'up_SelProQulity'。
=====================================
=====================================
添加日期为:2020/12/10 11:01:31
日志内容为:找不到存储过程 'up_SelProQulity'。
=====================================
=====================================
添加日期为:2020/12/10 11:02:31
日志内容为:找不到存储过程 'up_SelProQulity'。
=====================================
=====================================
添加日期为:2020/12/10 11:03:31
日志内容为:找不到存储过程 'up_SelProQulity'。
=====================================
=====================================
添加日期为:2020/12/10 11:05:51
日志内容为:找不到存储过程 'up_SelProQulity'。
=====================================
=====================================
添加日期为:2020/12/10 11:06:51
日志内容为:找不到存储过程 'up_SelProQulity'。
=====================================
=====================================
添加日期为:2020/12/10 11:07:51
日志内容为:找不到存储过程 'up_SelProQulity'。
=====================================
=====================================
添加日期为:2020/12/10 11:08:51
日志内容为:找不到存储过程 'up_SelProQulity'。
=====================================
=====================================
添加日期为:2020/12/10 11:09:51
日志内容为:找不到存储过程 'up_SelProQulity'。
=====================================
=====================================
添加日期为:2020/12/10 11:10:51
日志内容为:找不到存储过程 'up_SelProQulity'。
=====================================
=====================================
添加日期为:2020/12/10 11:11:51
日志内容为:找不到存储过程 'up_SelProQulity'。
=====================================
=====================================
添加日期为:2020/12/10 11:12:51
日志内容为:找不到存储过程 'up_SelProQulity'。
=====================================
=====================================
添加日期为:2020/12/10 11:13:51
日志内容为:找不到存储过程 'up_SelProQulity'。
=====================================
=====================================
添加日期为:2020/12/10 11:14:51
日志内容为:找不到存储过程 'up_SelProQulity'。
=====================================
=====================================
添加日期为:2020/12/10 11:15:51
日志内容为:找不到存储过程 'up_SelProQulity'。
=====================================
=====================================
添加日期为:2020/12/10 11:16:51
日志内容为:找不到存储过程 'up_SelProQulity'。
=====================================
=====================================
添加日期为:2020/12/10 11:17:51
日志内容为:找不到存储过程 'up_SelProQulity'。
=====================================
=====================================
添加日期为:2020/12/10 11:18:51
日志内容为:找不到存储过程 'up_SelProQulity'。
=====================================
=====================================
添加日期为:2020/12/10 11:19:51
日志内容为:找不到存储过程 'up_SelProQulity'。
=====================================
=====================================
添加日期为:2020/12/10 11:20:51
日志内容为:找不到存储过程 'up_SelProQulity'。
=====================================
=====================================
添加日期为:2020/12/10 11:21:51
日志内容为:找不到存储过程 'up_SelProQulity'。
=====================================
=====================================
添加日期为:2020/12/10 11:22:51
日志内容为:找不到存储过程 'up_SelProQulity'。
=====================================
=====================================
添加日期为:2020/12/10 11:23:51
日志内容为:找不到存储过程 'up_SelProQulity'。
=====================================
=====================================
添加日期为:2020/12/10 11:24:51
日志内容为:找不到存储过程 'up_SelProQulity'。
=====================================
=====================================
添加日期为:2020/12/10 11:25:51
日志内容为:找不到存储过程 'up_SelProQulity'。
=====================================
=====================================
添加日期为:2020/12/10 11:26:51
日志内容为:找不到存储过程 'up_SelProQulity'。
=====================================
=====================================
添加日期为:2020/12/10 11:27:51
日志内容为:找不到存储过程 'up_SelProQulity'。
=====================================
=====================================
添加日期为:2020/12/10 11:28:51
日志内容为:找不到存储过程 'up_SelProQulity'。
=====================================
=====================================
添加日期为:2020/12/10 11:29:51
日志内容为:找不到存储过程 'up_SelProQulity'。
=====================================
=====================================
添加日期为:2020/12/10 11:30:51
日志内容为:找不到存储过程 'up_SelProQulity'。
=====================================
=====================================
添加日期为:2020/12/10 11:31:51
日志内容为:找不到存储过程 'up_SelProQulity'。
=====================================
=====================================
添加日期为:2020/12/10 11:32:51
日志内容为:找不到存储过程 'up_SelProQulity'。
=====================================
=====================================
添加日期为:2020/12/10 11:33:51
日志内容为:找不到存储过程 'up_SelProQulity'。
=====================================
=====================================
添加日期为:2020/12/10 11:34:51
日志内容为:找不到存储过程 'up_SelProQulity'。
=====================================
=====================================
添加日期为:2020/12/10 11:35:51
日志内容为:找不到存储过程 'up_SelProQulity'。
=====================================
=====================================
添加日期为:2020/12/10 11:36:51
日志内容为:找不到存储过程 'up_SelProQulity'。
=====================================
=====================================
添加日期为:2020/12/10 11:37:51
日志内容为:找不到存储过程 'up_SelProQulity'。
=====================================
=====================================
添加日期为:2020/12/10 11:38:51
日志内容为:找不到存储过程 'up_SelProQulity'。
=====================================
=====================================
添加日期为:2020/12/10 11:39:51
日志内容为:找不到存储过程 'up_SelProQulity'。
=====================================
=====================================
添加日期为:2020/12/10 11:40:53
日志内容为:找不到存储过程 'up_SelProQulity'。
=====================================
=====================================
添加日期为:2020/12/10 11:42:24
日志内容为:在与 SQL Server 建立连接时出现与网络相关的或特定于实例的错误。未找到或无法访问服务器。请验证实例名称是否正确并且 SQL Server 已配置为允许远程连接。 (provider: Named Pipes Provider, error: 40 - 无法打开到 SQL Server 的连接)
=====================================
=====================================
添加日期为:2020/12/10 11:43:14
日志内容为:在与 SQL Server 建立连接时出现与网络相关的或特定于实例的错误。未找到或无法访问服务器。请验证实例名称是否正确并且 SQL Server 已配置为允许远程连接。 (provider: Named Pipes Provider, error: 40 - 无法打开到 SQL Server 的连接)
=====================================
=====================================
添加日期为:2020/12/10 11:44:24
日志内容为:在与 SQL Server 建立连接时出现与网络相关的或特定于实例的错误。未找到或无法访问服务器。请验证实例名称是否正确并且 SQL Server 已配置为允许远程连接。 (provider: Named Pipes Provider, error: 40 - 无法打开到 SQL Server 的连接)
=====================================
=====================================
添加日期为:2020/12/10 11:45:21
日志内容为:超时时间已到。超时时间已到，但是尚未从池中获取连接。出现这种情况可能是因为所有池连接均在使用，并且达到了最大池大小。
=====================================
=====================================
添加日期为:2020/12/10 11:46:27
日志内容为:在与 SQL Server 建立连接时出现与网络相关的或特定于实例的错误。未找到或无法访问服务器。请验证实例名称是否正确并且 SQL Server 已配置为允许远程连接。 (provider: Named Pipes Provider, error: 40 - 无法打开到 SQL Server 的连接)
=====================================
=====================================
添加日期为:2020/12/10 11:47:14
日志内容为:在与 SQL Server 建立连接时出现与网络相关的或特定于实例的错误。未找到或无法访问服务器。请验证实例名称是否正确并且 SQL Server 已配置为允许远程连接。 (provider: Named Pipes Provider, error: 40 - 无法打开到 SQL Server 的连接)
=====================================
=====================================
添加日期为:2020/12/10 11:48:05
日志内容为:在与 SQL Server 建立连接时出现与网络相关的或特定于实例的错误。未找到或无法访问服务器。请验证实例名称是否正确并且 SQL Server 已配置为允许远程连接。 (provider: Named Pipes Provider, error: 40 - 无法打开到 SQL Server 的连接)
=====================================
=====================================
添加日期为:2020/12/10 11:49:05
日志内容为:在与 SQL Server 建立连接时出现与网络相关的或特定于实例的错误。未找到或无法访问服务器。请验证实例名称是否正确并且 SQL Server 已配置为允许远程连接。 (provider: Named Pipes Provider, error: 40 - 无法打开到 SQL Server 的连接)
=====================================
=====================================
添加日期为:2020/12/10 11:50:05
日志内容为:在与 SQL Server 建立连接时出现与网络相关的或特定于实例的错误。未找到或无法访问服务器。请验证实例名称是否正确并且 SQL Server 已配置为允许远程连接。 (provider: Named Pipes Provider, error: 40 - 无法打开到 SQL Server 的连接)
=====================================
=====================================
添加日期为:2020/12/10 11:51:24
日志内容为:在与 SQL Server 建立连接时出现与网络相关的或特定于实例的错误。未找到或无法访问服务器。请验证实例名称是否正确并且 SQL Server 已配置为允许远程连接。 (provider: Named Pipes Provider, error: 40 - 无法打开到 SQL Server 的连接)
=====================================
=====================================
添加日期为:2020/12/10 11:52:05
日志内容为:在与 SQL Server 建立连接时出现与网络相关的或特定于实例的错误。未找到或无法访问服务器。请验证实例名称是否正确并且 SQL Server 已配置为允许远程连接。 (provider: Named Pipes Provider, error: 40 - 无法打开到 SQL Server 的连接)
=====================================
=====================================
添加日期为:2020/12/10 11:53:05
日志内容为:在与 SQL Server 建立连接时出现与网络相关的或特定于实例的错误。未找到或无法访问服务器。请验证实例名称是否正确并且 SQL Server 已配置为允许远程连接。 (provider: Named Pipes Provider, error: 40 - 无法打开到 SQL Server 的连接)
=====================================
=====================================
添加日期为:2020/12/10 11:54:06
日志内容为:在与 SQL Server 建立连接时出现与网络相关的或特定于实例的错误。未找到或无法访问服务器。请验证实例名称是否正确并且 SQL Server 已配置为允许远程连接。 (provider: Named Pipes Provider, error: 40 - 无法打开到 SQL Server 的连接)
=====================================
=====================================
添加日期为:2020/12/10 11:55:05
日志内容为:在与 SQL Server 建立连接时出现与网络相关的或特定于实例的错误。未找到或无法访问服务器。请验证实例名称是否正确并且 SQL Server 已配置为允许远程连接。 (provider: Named Pipes Provider, error: 40 - 无法打开到 SQL Server 的连接)
=====================================
=====================================
添加日期为:2020/12/10 11:56:05
日志内容为:在与 SQL Server 建立连接时出现与网络相关的或特定于实例的错误。未找到或无法访问服务器。请验证实例名称是否正确并且 SQL Server 已配置为允许远程连接。 (provider: Named Pipes Provider, error: 40 - 无法打开到 SQL Server 的连接)
=====================================
=====================================
添加日期为:2020/12/10 11:57:06
日志内容为:已成功与服务器建立连接，但是在登录前的握手期间发生错误。 (provider: SSL Provider, error: 0 - 等待的操作过时。)
=====================================
=====================================
添加日期为:2020/12/10 11:58:24
日志内容为:在与 SQL Server 建立连接时出现与网络相关的或特定于实例的错误。未找到或无法访问服务器。请验证实例名称是否正确并且 SQL Server 已配置为允许远程连接。 (provider: Named Pipes Provider, error: 40 - 无法打开到 SQL Server 的连接)
=====================================
=====================================
添加日期为:2020/12/10 11:59:35
日志内容为:在与 SQL Server 建立连接时出现与网络相关的或特定于实例的错误。未找到或无法访问服务器。请验证实例名称是否正确并且 SQL Server 已配置为允许远程连接。 (provider: Named Pipes Provider, error: 40 - 无法打开到 SQL Server 的连接)
=====================================
=====================================
添加日期为:2020/12/10 11:59:53
日志内容为:找不到存储过程 'up_SelProQulity'。
=====================================
=====================================
添加日期为:2020/12/10 12:00:51
日志内容为:找不到存储过程 'up_SelProQulity'。
=====================================
=====================================
添加日期为:2020/12/10 12:01:51
日志内容为:找不到存储过程 'up_SelProQulity'。
=====================================
=====================================
添加日期为:2020/12/10 12:02:51
日志内容为:找不到存储过程 'up_SelProQulity'。
=====================================
=====================================
添加日期为:2020/12/10 12:03:51
日志内容为:找不到存储过程 'up_SelProQulity'。
=====================================
=====================================
添加日期为:2020/12/10 12:04:51
日志内容为:找不到存储过程 'up_SelProQulity'。
=====================================
=====================================
添加日期为:2020/12/10 12:05:51
日志内容为:找不到存储过程 'up_SelProQulity'。
=====================================
=====================================
添加日期为:2020/12/10 12:06:51
日志内容为:找不到存储过程 'up_SelProQulity'。
=====================================
=====================================
添加日期为:2020/12/10 12:07:52
日志内容为:找不到存储过程 'up_SelProQulity'。
=====================================
=====================================
添加日期为:2020/12/10 12:08:51
日志内容为:找不到存储过程 'up_SelProQulity'。
=====================================
=====================================
添加日期为:2020/12/10 12:09:51
日志内容为:找不到存储过程 'up_SelProQulity'。
=====================================
=====================================
添加日期为:2020/12/10 12:10:51
日志内容为:找不到存储过程 'up_SelProQulity'。
=====================================
=====================================
添加日期为:2020/12/10 12:11:54
日志内容为:在从服务器接收结果时发生传输级错误。 (provider: TCP Provider, error: 0 - 指定的网络名不再可用。)
=====================================
=====================================
添加日期为:2020/12/10 12:13:16
日志内容为:在与 SQL Server 建立连接时出现与网络相关的或特定于实例的错误。未找到或无法访问服务器。请验证实例名称是否正确并且 SQL Server 已配置为允许远程连接。 (provider: Named Pipes Provider, error: 40 - 无法打开到 SQL Server 的连接)
=====================================
=====================================
添加日期为:2020/12/10 12:14:28
日志内容为:在与 SQL Server 建立连接时出现与网络相关的或特定于实例的错误。未找到或无法访问服务器。请验证实例名称是否正确并且 SQL Server 已配置为允许远程连接。 (provider: Named Pipes Provider, error: 40 - 无法打开到 SQL Server 的连接)
=====================================
=====================================
添加日期为:2020/12/10 12:14:59
日志内容为:在与 SQL Server 建立连接时出现与网络相关的或特定于实例的错误。未找到或无法访问服务器。请验证实例名称是否正确并且 SQL Server 已配置为允许远程连接。 (provider: Named Pipes Provider, error: 40 - 无法打开到 SQL Server 的连接)
=====================================
=====================================
添加日期为:2020/12/10 12:15:59
日志内容为:在与 SQL Server 建立连接时出现与网络相关的或特定于实例的错误。未找到或无法访问服务器。请验证实例名称是否正确并且 SQL Server 已配置为允许远程连接。 (provider: Named Pipes Provider, error: 40 - 无法打开到 SQL Server 的连接)
=====================================
=====================================
添加日期为:2020/12/10 12:17:06
日志内容为:在与 SQL Server 建立连接时出现与网络相关的或特定于实例的错误。未找到或无法访问服务器。请验证实例名称是否正确并且 SQL Server 已配置为允许远程连接。 (provider: Named Pipes Provider, error: 40 - 无法打开到 SQL Server 的连接)
=====================================
=====================================
添加日期为:2020/12/10 12:17:44
日志内容为:找不到存储过程 'up_SelProQulity'。
=====================================
=====================================
添加日期为:2020/12/10 12:18:44
日志内容为:找不到存储过程 'up_SelProQulity'。
=====================================
=====================================
添加日期为:2020/12/10 12:19:44
日志内容为:找不到存储过程 'up_SelProQulity'。
=====================================
=====================================
添加日期为:2020/12/10 12:20:44
日志内容为:找不到存储过程 'up_SelProQulity'。
=====================================
=====================================
添加日期为:2020/12/10 12:21:44
日志内容为:找不到存储过程 'up_SelProQulity'。
=====================================
=====================================
添加日期为:2020/12/10 12:22:50
日志内容为:找不到存储过程 'up_SelProQulity'。
=====================================
=====================================
添加日期为:2020/12/10 12:23:45
日志内容为:找不到存储过程 'up_SelProQulity'。
=====================================
=====================================
添加日期为:2020/12/10 12:24:44
日志内容为:找不到存储过程 'up_SelProQulity'。
=====================================
=====================================
添加日期为:2020/12/10 12:25:44
日志内容为:找不到存储过程 'up_SelProQulity'。
=====================================
=====================================
添加日期为:2020/12/10 12:26:44
日志内容为:找不到存储过程 'up_SelProQulity'。
=====================================
=====================================
添加日期为:2020/12/10 12:27:44
日志内容为:找不到存储过程 'up_SelProQulity'。
=====================================
=====================================
添加日期为:2020/12/10 12:28:44
日志内容为:找不到存储过程 'up_SelProQulity'。
=====================================
=====================================
添加日期为:2020/12/10 12:29:44
日志内容为:找不到存储过程 'up_SelProQulity'。
=====================================
=====================================
添加日期为:2020/12/10 12:30:45
日志内容为:找不到存储过程 'up_SelProQulity'。
=====================================
=====================================
添加日期为:2020/12/10 12:31:44
日志内容为:找不到存储过程 'up_SelProQulity'。
=====================================
=====================================
添加日期为:2020/12/10 12:32:44
日志内容为:找不到存储过程 'up_SelProQulity'。
=====================================
=====================================
添加日期为:2020/12/10 12:33:44
日志内容为:找不到存储过程 'up_SelProQulity'。
=====================================
=====================================
添加日期为:2020/12/10 12:34:44
日志内容为:找不到存储过程 'up_SelProQulity'。
=====================================
=====================================
添加日期为:2020/12/10 12:35:44
日志内容为:找不到存储过程 'up_SelProQulity'。
=====================================
=====================================
添加日期为:2020/12/10 12:36:44
日志内容为:找不到存储过程 'up_SelProQulity'。
=====================================
=====================================
添加日期为:2020/12/10 12:37:45
日志内容为:找不到存储过程 'up_SelProQulity'。
=====================================
=====================================
添加日期为:2020/12/10 12:38:53
日志内容为:找不到存储过程 'up_SelProQulity'。
=====================================
=====================================
添加日期为:2020/12/10 12:39:55
日志内容为:找不到存储过程 'up_SelProQulity'。
=====================================
=====================================
添加日期为:2020/12/10 12:40:44
日志内容为:找不到存储过程 'up_SelProQulity'。
=====================================
=====================================
添加日期为:2020/12/10 12:41:44
日志内容为:找不到存储过程 'up_SelProQulity'。
=====================================
=====================================
添加日期为:2020/12/10 12:42:44
日志内容为:找不到存储过程 'up_SelProQulity'。
=====================================
=====================================
添加日期为:2020/12/10 12:43:44
日志内容为:找不到存储过程 'up_SelProQulity'。
=====================================
=====================================
添加日期为:2020/12/10 12:44:44
日志内容为:找不到存储过程 'up_SelProQulity'。
=====================================
=====================================
添加日期为:2020/12/10 12:45:44
日志内容为:找不到存储过程 'up_SelProQulity'。
=====================================
=====================================
添加日期为:2020/12/10 12:46:44
日志内容为:找不到存储过程 'up_SelProQulity'。
=====================================
=====================================
添加日期为:2020/12/10 12:47:44
日志内容为:找不到存储过程 'up_SelProQulity'。
=====================================
=====================================
添加日期为:2020/12/10 12:48:44
日志内容为:找不到存储过程 'up_SelProQulity'。
=====================================
=====================================
添加日期为:2020/12/10 12:49:44
日志内容为:找不到存储过程 'up_SelProQulity'。
=====================================
=====================================
添加日期为:2020/12/10 12:50:44
日志内容为:找不到存储过程 'up_SelProQulity'。
=====================================
=====================================
添加日期为:2020/12/10 12:51:44
日志内容为:找不到存储过程 'up_SelProQulity'。
=====================================
=====================================
添加日期为:2020/12/10 12:52:44
日志内容为:找不到存储过程 'up_SelProQulity'。
=====================================
=====================================
添加日期为:2020/12/10 12:53:44
日志内容为:找不到存储过程 'up_SelProQulity'。
=====================================
=====================================
添加日期为:2020/12/10 12:54:44
日志内容为:找不到存储过程 'up_SelProQulity'。
=====================================
=====================================
添加日期为:2020/12/10 12:55:44
日志内容为:找不到存储过程 'up_SelProQulity'。
=====================================
=====================================
添加日期为:2020/12/10 12:56:44
日志内容为:找不到存储过程 'up_SelProQulity'。
=====================================
=====================================
添加日期为:2020/12/10 12:57:44
日志内容为:找不到存储过程 'up_SelProQulity'。
=====================================
=====================================
添加日期为:2020/12/10 12:58:44
日志内容为:找不到存储过程 'up_SelProQulity'。
=====================================
=====================================
添加日期为:2020/12/10 12:59:44
日志内容为:找不到存储过程 'up_SelProQulity'。
=====================================
=====================================
添加日期为:2020/12/10 13:00:44
日志内容为:找不到存储过程 'up_SelProQulity'。
=====================================
=====================================
添加日期为:2020/12/10 13:01:44
日志内容为:找不到存储过程 'up_SelProQulity'。
=====================================
=====================================
添加日期为:2020/12/10 13:02:44
日志内容为:找不到存储过程 'up_SelProQulity'。
=====================================
=====================================
添加日期为:2020/12/10 13:03:44
日志内容为:找不到存储过程 'up_SelProQulity'。
=====================================
=====================================
添加日期为:2020/12/10 13:04:44
日志内容为:找不到存储过程 'up_SelProQulity'。
=====================================
=====================================
添加日期为:2020/12/10 13:05:44
日志内容为:找不到存储过程 'up_SelProQulity'。
=====================================
=====================================
添加日期为:2020/12/10 13:06:44
日志内容为:找不到存储过程 'up_SelProQulity'。
=====================================
=====================================
添加日期为:2020/12/10 13:07:44
日志内容为:找不到存储过程 'up_SelProQulity'。
=====================================
=====================================
添加日期为:2020/12/10 13:08:44
日志内容为:找不到存储过程 'up_SelProQulity'。
=====================================
=====================================
添加日期为:2020/12/10 13:09:44
日志内容为:找不到存储过程 'up_SelProQulity'。
=====================================
=====================================
添加日期为:2020/12/10 13:10:44
日志内容为:找不到存储过程 'up_SelProQulity'。
=====================================
=====================================
添加日期为:2020/12/10 13:11:44
日志内容为:找不到存储过程 'up_SelProQulity'。
=====================================
=====================================
添加日期为:2020/12/10 13:12:44
日志内容为:找不到存储过程 'up_SelProQulity'。
=====================================
=====================================
添加日期为:2020/12/10 13:13:44
日志内容为:找不到存储过程 'up_SelProQulity'。
=====================================
=====================================
添加日期为:2020/12/10 13:14:44
日志内容为:找不到存储过程 'up_SelProQulity'。
=====================================
=====================================
添加日期为:2020/12/10 13:15:44
日志内容为:找不到存储过程 'up_SelProQulity'。
=====================================
=====================================
添加日期为:2020/12/10 13:16:44
日志内容为:找不到存储过程 'up_SelProQulity'。
=====================================
=====================================
添加日期为:2020/12/10 13:17:44
日志内容为:找不到存储过程 'up_SelProQulity'。
=====================================
=====================================
添加日期为:2020/12/10 13:18:44
日志内容为:找不到存储过程 'up_SelProQulity'。
=====================================
=====================================
添加日期为:2020/12/10 13:19:44
日志内容为:找不到存储过程 'up_SelProQulity'。
=====================================
=====================================
添加日期为:2020/12/10 13:20:44
日志内容为:找不到存储过程 'up_SelProQulity'。
=====================================
=====================================
添加日期为:2020/12/10 13:21:44
日志内容为:找不到存储过程 'up_SelProQulity'。
=====================================
=====================================
添加日期为:2020/12/10 13:22:44
日志内容为:找不到存储过程 'up_SelProQulity'。
=====================================
=====================================
添加日期为:2020/12/10 13:23:44
日志内容为:找不到存储过程 'up_SelProQulity'。
=====================================
=====================================
添加日期为:2020/12/10 13:24:44
日志内容为:找不到存储过程 'up_SelProQulity'。
=====================================
=====================================
添加日期为:2020/12/10 13:25:44
日志内容为:找不到存储过程 'up_SelProQulity'。
=====================================
=====================================
添加日期为:2020/12/10 13:26:44
日志内容为:找不到存储过程 'up_SelProQulity'。
=====================================
=====================================
添加日期为:2020/12/10 13:27:44
日志内容为:找不到存储过程 'up_SelProQulity'。
=====================================
=====================================
添加日期为:2020/12/10 13:28:44
日志内容为:找不到存储过程 'up_SelProQulity'。
=====================================
=====================================
添加日期为:2020/12/10 13:29:44
日志内容为:找不到存储过程 'up_SelProQulity'。
=====================================
=====================================
添加日期为:2020/12/10 13:30:44
日志内容为:找不到存储过程 'up_SelProQulity'。
=====================================
=====================================
添加日期为:2020/12/10 13:31:44
日志内容为:找不到存储过程 'up_SelProQulity'。
=====================================
=====================================
添加日期为:2020/12/10 13:32:44
日志内容为:找不到存储过程 'up_SelProQulity'。
=====================================
=====================================
添加日期为:2020/12/10 13:33:44
日志内容为:找不到存储过程 'up_SelProQulity'。
=====================================
=====================================
添加日期为:2020/12/10 13:34:44
日志内容为:找不到存储过程 'up_SelProQulity'。
=====================================
=====================================
添加日期为:2020/12/10 13:35:44
日志内容为:找不到存储过程 'up_SelProQulity'。
=====================================
=====================================
添加日期为:2020/12/10 13:36:44
日志内容为:找不到存储过程 'up_SelProQulity'。
=====================================
=====================================
添加日期为:2020/12/10 13:37:44
日志内容为:找不到存储过程 'up_SelProQulity'。
=====================================
=====================================
添加日期为:2020/12/10 13:38:44
日志内容为:找不到存储过程 'up_SelProQulity'。
=====================================
=====================================
添加日期为:2020/12/10 13:39:44
日志内容为:找不到存储过程 'up_SelProQulity'。
=====================================
=====================================
添加日期为:2020/12/10 13:40:44
日志内容为:找不到存储过程 'up_SelProQulity'。
=====================================
=====================================
添加日期为:2020/12/10 13:41:44
日志内容为:找不到存储过程 'up_SelProQulity'。
=====================================
=====================================
添加日期为:2020/12/10 13:42:44
日志内容为:找不到存储过程 'up_SelProQulity'。
=====================================
=====================================
添加日期为:2020/12/10 13:43:44
日志内容为:找不到存储过程 'up_SelProQulity'。
=====================================
=====================================
添加日期为:2020/12/10 13:44:44
日志内容为:找不到存储过程 'up_SelProQulity'。
=====================================
=====================================
添加日期为:2020/12/10 13:45:44
日志内容为:找不到存储过程 'up_SelProQulity'。
=====================================
=====================================
添加日期为:2020/12/10 13:46:44
日志内容为:找不到存储过程 'up_SelProQulity'。
=====================================
=====================================
添加日期为:2020/12/10 13:47:44
日志内容为:找不到存储过程 'up_SelProQulity'。
=====================================
=====================================
添加日期为:2020/12/10 13:48:44
日志内容为:找不到存储过程 'up_SelProQulity'。
=====================================
=====================================
添加日期为:2020/12/10 13:49:44
日志内容为:找不到存储过程 'up_SelProQulity'。
=====================================
=====================================
添加日期为:2020/12/10 13:50:44
日志内容为:找不到存储过程 'up_SelProQulity'。
=====================================
=====================================
添加日期为:2020/12/10 13:51:44
日志内容为:找不到存储过程 'up_SelProQulity'。
=====================================
=====================================
添加日期为:2020/12/10 13:52:44
日志内容为:找不到存储过程 'up_SelProQulity'。
=====================================
=====================================
添加日期为:2020/12/10 13:53:44
日志内容为:找不到存储过程 'up_SelProQulity'。
=====================================
=====================================
添加日期为:2020/12/10 13:54:44
日志内容为:找不到存储过程 'up_SelProQulity'。
=====================================
=====================================
添加日期为:2020/12/10 13:58:53
日志内容为:找不到存储过程 'up_SelProQulity'。
=====================================
=====================================
添加日期为:2020/12/10 13:59:52
日志内容为:找不到存储过程 'up_SelProQulity'。
=====================================
=====================================
添加日期为:2020/12/10 14:00:52
日志内容为:找不到存储过程 'up_SelProQulity'。
=====================================
=====================================
添加日期为:2020/12/10 14:01:52
日志内容为:找不到存储过程 'up_SelProQulity'。
=====================================
=====================================
添加日期为:2020/12/10 14:02:52
日志内容为:找不到存储过程 'up_SelProQulity'。
=====================================
=====================================
添加日期为:2020/12/10 14:03:52
日志内容为:找不到存储过程 'up_SelProQulity'。
=====================================
=====================================
添加日期为:2020/12/10 14:04:52
日志内容为:找不到存储过程 'up_SelProQulity'。
=====================================
=====================================
添加日期为:2020/12/10 14:05:52
日志内容为:找不到存储过程 'up_SelProQulity'。
=====================================
=====================================
添加日期为:2020/12/10 14:06:53
日志内容为:找不到存储过程 'up_SelProQulity'。
=====================================
=====================================
添加日期为:2020/12/10 14:07:52
日志内容为:找不到存储过程 'up_SelProQulity'。
=====================================
=====================================
添加日期为:2020/12/10 14:08:52
日志内容为:找不到存储过程 'up_SelProQulity'。
=====================================
=====================================
添加日期为:2020/12/10 14:09:53
日志内容为:找不到存储过程 'up_SelProQulity'。
=====================================
=====================================
添加日期为:2020/12/10 14:10:53
日志内容为:找不到存储过程 'up_SelProQulity'。
=====================================
=====================================
添加日期为:2020/12/10 14:11:53
日志内容为:找不到存储过程 'up_SelProQulity'。
=====================================
=====================================
添加日期为:2020/12/10 14:12:53
日志内容为:找不到存储过程 'up_SelProQulity'。
=====================================
=====================================
添加日期为:2020/12/10 14:13:53
日志内容为:找不到存储过程 'up_SelProQulity'。
=====================================
=====================================
添加日期为:2020/12/10 14:29:42
日志内容为:找不到存储过程 'up_SelProQulity'。
=====================================
=====================================
添加日期为:2020/12/10 14:30:42
日志内容为:找不到存储过程 'up_SelProQulity'。
=====================================
=====================================
添加日期为:2020/12/10 14:31:42
日志内容为:找不到存储过程 'up_SelProQulity'。
=====================================
=====================================
添加日期为:2020/12/10 14:32:42
日志内容为:找不到存储过程 'up_SelProQulity'。
=====================================
=====================================
添加日期为:2020/12/10 14:33:42
日志内容为:找不到存储过程 'up_SelProQulity'。
=====================================
=====================================
添加日期为:2020/12/10 14:34:42
日志内容为:找不到存储过程 'up_SelProQulity'。
=====================================
=====================================
添加日期为:2020/12/10 14:35:42
日志内容为:找不到存储过程 'up_SelProQulity'。
=====================================
=====================================
添加日期为:2020/12/10 14:36:42
日志内容为:找不到存储过程 'up_SelProQulity'。
=====================================
=====================================
添加日期为:2020/12/10 14:37:42
日志内容为:找不到存储过程 'up_SelProQulity'。
=====================================
=====================================
添加日期为:2020/12/10 14:38:42
日志内容为:找不到存储过程 'up_SelProQulity'。
=====================================
=====================================
添加日期为:2020/12/10 14:39:42
日志内容为:找不到存储过程 'up_SelProQulity'。
=====================================
=====================================
添加日期为:2020/12/10 14:40:42
日志内容为:找不到存储过程 'up_SelProQulity'。
=====================================
=====================================
添加日期为:2020/12/10 14:41:42
日志内容为:找不到存储过程 'up_SelProQulity'。
=====================================
=====================================
添加日期为:2020/12/10 14:42:42
日志内容为:找不到存储过程 'up_SelProQulity'。
=====================================
=====================================
添加日期为:2020/12/10 14:43:42
日志内容为:找不到存储过程 'up_SelProQulity'。
=====================================
=====================================
添加日期为:2020/12/10 14:44:42
日志内容为:找不到存储过程 'up_SelProQulity'。
=====================================
=====================================
添加日期为:2020/12/10 14:45:42
日志内容为:找不到存储过程 'up_SelProQulity'。
=====================================
=====================================
添加日期为:2020/12/10 14:46:42
日志内容为:找不到存储过程 'up_SelProQulity'。
=====================================
=====================================
添加日期为:2020/12/10 14:47:42
日志内容为:找不到存储过程 'up_SelProQulity'。
=====================================
=====================================
添加日期为:2020/12/10 14:48:42
日志内容为:找不到存储过程 'up_SelProQulity'。
=====================================
=====================================
添加日期为:2020/12/10 14:49:42
日志内容为:找不到存储过程 'up_SelProQulity'。
=====================================
=====================================
添加日期为:2020/12/10 14:51:10
日志内容为:找不到存储过程 'up_SelProQulity'。
=====================================
=====================================
添加日期为:2020/12/10 14:52:10
日志内容为:找不到存储过程 'up_SelProQulity'。
=====================================
=====================================
添加日期为:2020/12/10 14:53:10
日志内容为:找不到存储过程 'up_SelProQulity'。
=====================================
=====================================
添加日期为:2020/12/10 14:54:10
日志内容为:找不到存储过程 'up_SelProQulity'。
=====================================
=====================================
添加日期为:2020/12/10 14:55:10
日志内容为:找不到存储过程 'up_SelProQulity'。
=====================================
=====================================
添加日期为:2020/12/10 14:56:10
日志内容为:找不到存储过程 'up_SelProQulity'。
=====================================
=====================================
添加日期为:2020/12/10 14:57:10
日志内容为:找不到存储过程 'up_SelProQulity'。
=====================================
=====================================
添加日期为:2020/12/10 14:58:10
日志内容为:找不到存储过程 'up_SelProQulity'。
=====================================
=====================================
添加日期为:2020/12/10 14:59:10
日志内容为:找不到存储过程 'up_SelProQulity'。
=====================================
=====================================
添加日期为:2020/12/10 15:00:10
日志内容为:找不到存储过程 'up_SelProQulity'。
=====================================
=====================================
添加日期为:2020/12/10 15:01:10
日志内容为:找不到存储过程 'up_SelProQulity'。
=====================================
=====================================
添加日期为:2020/12/10 15:02:10
日志内容为:找不到存储过程 'up_SelProQulity'。
=====================================
=====================================
添加日期为:2020/12/10 15:03:10
日志内容为:找不到存储过程 'up_SelProQulity'。
=====================================
=====================================
添加日期为:2020/12/10 15:04:10
日志内容为:找不到存储过程 'up_SelProQulity'。
=====================================
=====================================
添加日期为:2020/12/10 15:05:10
日志内容为:找不到存储过程 'up_SelProQulity'。
=====================================
=====================================
添加日期为:2020/12/10 15:06:10
日志内容为:找不到存储过程 'up_SelProQulity'。
=====================================
=====================================
添加日期为:2020/12/10 15:07:10
日志内容为:找不到存储过程 'up_SelProQulity'。
=====================================
=====================================
添加日期为:2020/12/10 15:08:10
日志内容为:找不到存储过程 'up_SelProQulity'。
=====================================
=====================================
添加日期为:2020/12/10 15:09:10
日志内容为:找不到存储过程 'up_SelProQulity'。
=====================================
=====================================
添加日期为:2020/12/10 15:10:10
日志内容为:找不到存储过程 'up_SelProQulity'。
=====================================
=====================================
添加日期为:2020/12/10 15:11:10
日志内容为:找不到存储过程 'up_SelProQulity'。
=====================================
=====================================
添加日期为:2020/12/10 15:12:10
日志内容为:找不到存储过程 'up_SelProQulity'。
=====================================
=====================================
添加日期为:2020/12/10 15:13:10
日志内容为:找不到存储过程 'up_SelProQulity'。
=====================================
=====================================
添加日期为:2020/12/10 15:14:10
日志内容为:找不到存储过程 'up_SelProQulity'。
=====================================
=====================================
添加日期为:2020/12/10 15:15:34
日志内容为:找不到存储过程 'up_SelProQulity'。
=====================================
=====================================
添加日期为:2020/12/10 15:16:34
日志内容为:找不到存储过程 'up_SelProQulity'。
=====================================
=====================================
添加日期为:2020/12/10 15:17:34
日志内容为:找不到存储过程 'up_SelProQulity'。
=====================================
=====================================
添加日期为:2020/12/10 15:18:34
日志内容为:找不到存储过程 'up_SelProQulity'。
=====================================
=====================================
添加日期为:2020/12/10 15:19:34
日志内容为:找不到存储过程 'up_SelProQulity'。
=====================================
=====================================
添加日期为:2020/12/10 15:20:34
日志内容为:找不到存储过程 'up_SelProQulity'。
=====================================
=====================================
添加日期为:2020/12/10 15:21:34
日志内容为:找不到存储过程 'up_SelProQulity'。
=====================================
=====================================
添加日期为:2020/12/10 15:22:34
日志内容为:找不到存储过程 'up_SelProQulity'。
=====================================
=====================================
添加日期为:2020/12/10 15:23:34
日志内容为:找不到存储过程 'up_SelProQulity'。
=====================================
=====================================
添加日期为:2020/12/10 15:24:34
日志内容为:找不到存储过程 'up_SelProQulity'。
=====================================
=====================================
添加日期为:2020/12/10 15:25:34
日志内容为:找不到存储过程 'up_SelProQulity'。
=====================================
=====================================
添加日期为:2020/12/10 15:26:34
日志内容为:找不到存储过程 'up_SelProQulity'。
=====================================
=====================================
添加日期为:2020/12/10 15:27:34
日志内容为:找不到存储过程 'up_SelProQulity'。
=====================================
=====================================
添加日期为:2020/12/10 15:28:34
日志内容为:找不到存储过程 'up_SelProQulity'。
=====================================
=====================================
添加日期为:2020/12/10 15:29:34
日志内容为:找不到存储过程 'up_SelProQulity'。
=====================================
=====================================
添加日期为:2020/12/10 15:30:34
日志内容为:找不到存储过程 'up_SelProQulity'。
=====================================
=====================================
添加日期为:2020/12/10 15:31:34
日志内容为:找不到存储过程 'up_SelProQulity'。
=====================================
=====================================
添加日期为:2020/12/10 15:32:34
日志内容为:找不到存储过程 'up_SelProQulity'。
=====================================
=====================================
添加日期为:2020/12/10 15:33:34
日志内容为:找不到存储过程 'up_SelProQulity'。
=====================================
=====================================
添加日期为:2020/12/10 15:34:34
日志内容为:找不到存储过程 'up_SelProQulity'。
=====================================
=====================================
添加日期为:2020/12/10 15:35:34
日志内容为:找不到存储过程 'up_SelProQulity'。
=====================================
=====================================
添加日期为:2020/12/10 15:36:34
日志内容为:找不到存储过程 'up_SelProQulity'。
=====================================
=====================================
添加日期为:2020/12/10 15:37:34
日志内容为:找不到存储过程 'up_SelProQulity'。
=====================================
=====================================
添加日期为:2020/12/10 15:38:34
日志内容为:找不到存储过程 'up_SelProQulity'。
=====================================
=====================================
添加日期为:2020/12/10 15:39:34
日志内容为:找不到存储过程 'up_SelProQulity'。
=====================================
=====================================
添加日期为:2020/12/10 15:40:34
日志内容为:找不到存储过程 'up_SelProQulity'。
=====================================
=====================================
添加日期为:2020/12/10 15:41:34
日志内容为:找不到存储过程 'up_SelProQulity'。
=====================================
=====================================
添加日期为:2020/12/10 15:42:34
日志内容为:找不到存储过程 'up_SelProQulity'。
=====================================
=====================================
添加日期为:2020/12/10 15:44:07
日志内容为:在与 SQL Server 建立连接时出现与网络相关的或特定于实例的错误。未找到或无法访问服务器。请验证实例名称是否正确并且 SQL Server 已配置为允许远程连接。 (provider: Named Pipes Provider, error: 40 - 无法打开到 SQL Server 的连接)
=====================================
=====================================
添加日期为:2020/12/10 15:44:34
日志内容为:找不到存储过程 'up_SelProQulity'。
=====================================
=====================================
添加日期为:2020/12/10 15:45:34
日志内容为:找不到存储过程 'up_SelProQulity'。
=====================================
=====================================
添加日期为:2020/12/10 15:46:34
日志内容为:找不到存储过程 'up_SelProQulity'。
=====================================
=====================================
添加日期为:2020/12/10 15:47:34
日志内容为:找不到存储过程 'up_SelProQulity'。
=====================================
=====================================
添加日期为:2020/12/10 15:48:34
日志内容为:找不到存储过程 'up_SelProQulity'。
=====================================
=====================================
添加日期为:2020/12/10 15:49:34
日志内容为:找不到存储过程 'up_SelProQulity'。
=====================================
=====================================
添加日期为:2020/12/10 15:50:34
日志内容为:找不到存储过程 'up_SelProQulity'。
=====================================
=====================================
添加日期为:2020/12/10 15:51:34
日志内容为:找不到存储过程 'up_SelProQulity'。
=====================================
=====================================
添加日期为:2020/12/10 15:52:34
日志内容为:找不到存储过程 'up_SelProQulity'。
=====================================
=====================================
添加日期为:2020/12/10 15:53:34
日志内容为:找不到存储过程 'up_SelProQulity'。
=====================================
=====================================
添加日期为:2020/12/10 15:54:34
日志内容为:找不到存储过程 'up_SelProQulity'。
=====================================
=====================================
添加日期为:2020/12/10 15:55:34
日志内容为:找不到存储过程 'up_SelProQulity'。
=====================================
=====================================
添加日期为:2020/12/10 15:56:34
日志内容为:找不到存储过程 'up_SelProQulity'。
=====================================
=====================================
添加日期为:2020/12/10 15:57:34
日志内容为:找不到存储过程 'up_SelProQulity'。
=====================================
=====================================
添加日期为:2020/12/10 15:58:34
日志内容为:找不到存储过程 'up_SelProQulity'。
=====================================
=====================================
添加日期为:2020/12/10 15:59:34
日志内容为:找不到存储过程 'up_SelProQulity'。
=====================================
=====================================
添加日期为:2020/12/10 16:01:03
日志内容为:找不到存储过程 'up_SelProQulity'。
=====================================
=====================================
添加日期为:2020/12/10 16:02:03
日志内容为:找不到存储过程 'up_SelProQulity'。
=====================================
=====================================
添加日期为:2020/12/10 16:03:03
日志内容为:找不到存储过程 'up_SelProQulity'。
=====================================
=====================================
添加日期为:2020/12/10 16:04:03
日志内容为:找不到存储过程 'up_SelProQulity'。
=====================================
=====================================
添加日期为:2020/12/10 16:05:03
日志内容为:找不到存储过程 'up_SelProQulity'。
=====================================
=====================================
添加日期为:2020/12/10 16:06:03
日志内容为:找不到存储过程 'up_SelProQulity'。
=====================================
=====================================
添加日期为:2020/12/10 16:07:03
日志内容为:找不到存储过程 'up_SelProQulity'。
=====================================
=====================================
添加日期为:2020/12/10 16:08:03
日志内容为:找不到存储过程 'up_SelProQulity'。
=====================================
=====================================
添加日期为:2020/12/10 16:09:03
日志内容为:找不到存储过程 'up_SelProQulity'。
=====================================
=====================================
添加日期为:2020/12/10 16:10:03
日志内容为:找不到存储过程 'up_SelProQulity'。
=====================================
=====================================
添加日期为:2020/12/10 16:11:03
日志内容为:找不到存储过程 'up_SelProQulity'。
=====================================
=====================================
添加日期为:2020/12/10 16:12:03
日志内容为:找不到存储过程 'up_SelProQulity'。
=====================================
=====================================
添加日期为:2020/12/10 16:13:03
日志内容为:找不到存储过程 'up_SelProQulity'。
=====================================
=====================================
添加日期为:2020/12/10 16:14:03
日志内容为:找不到存储过程 'up_SelProQulity'。
=====================================
=====================================
添加日期为:2020/12/10 16:15:03
日志内容为:找不到存储过程 'up_SelProQulity'。
=====================================
=====================================
添加日期为:2020/12/10 16:16:03
日志内容为:找不到存储过程 'up_SelProQulity'。
=====================================
=====================================
添加日期为:2020/12/10 16:17:03
日志内容为:找不到存储过程 'up_SelProQulity'。
=====================================
=====================================
添加日期为:2020/12/10 16:18:03
日志内容为:找不到存储过程 'up_SelProQulity'。
=====================================
=====================================
添加日期为:2020/12/10 16:19:03
日志内容为:找不到存储过程 'up_SelProQulity'。
=====================================
=====================================
添加日期为:2020/12/10 16:20:03
日志内容为:找不到存储过程 'up_SelProQulity'。
=====================================
=====================================
添加日期为:2020/12/10 16:21:03
日志内容为:找不到存储过程 'up_SelProQulity'。
=====================================
=====================================
添加日期为:2020/12/10 16:22:03
日志内容为:找不到存储过程 'up_SelProQulity'。
=====================================
=====================================
添加日期为:2020/12/10 16:23:03
日志内容为:找不到存储过程 'up_SelProQulity'。
=====================================
=====================================
添加日期为:2020/12/10 16:24:03
日志内容为:找不到存储过程 'up_SelProQulity'。
=====================================
=====================================
添加日期为:2020/12/10 16:25:03
日志内容为:找不到存储过程 'up_SelProQulity'。
=====================================
=====================================
添加日期为:2020/12/10 16:26:03
日志内容为:找不到存储过程 'up_SelProQulity'。
=====================================
=====================================
添加日期为:2020/12/10 16:27:03
日志内容为:找不到存储过程 'up_SelProQulity'。
=====================================
=====================================
添加日期为:2020/12/10 16:28:03
日志内容为:找不到存储过程 'up_SelProQulity'。
=====================================
=====================================
添加日期为:2020/12/10 16:29:03
日志内容为:找不到存储过程 'up_SelProQulity'。
=====================================
=====================================
添加日期为:2020/12/10 16:30:03
日志内容为:找不到存储过程 'up_SelProQulity'。
=====================================
=====================================
添加日期为:2020/12/10 16:31:03
日志内容为:找不到存储过程 'up_SelProQulity'。
=====================================
=====================================
添加日期为:2020/12/10 16:32:03
日志内容为:找不到存储过程 'up_SelProQulity'。
=====================================
=====================================
添加日期为:2020/12/10 16:33:04
日志内容为:找不到存储过程 'up_SelProQulity'。
=====================================
=====================================
添加日期为:2020/12/10 16:34:03
日志内容为:找不到存储过程 'up_SelProQulity'。
=====================================
=====================================
添加日期为:2020/12/10 16:35:03
日志内容为:找不到存储过程 'up_SelProQulity'。
=====================================
=====================================
添加日期为:2020/12/10 16:36:03
日志内容为:找不到存储过程 'up_SelProQulity'。
=====================================
=====================================
添加日期为:2020/12/10 16:37:04
日志内容为:找不到存储过程 'up_SelProQulity'。
=====================================
=====================================
添加日期为:2020/12/10 16:38:03
日志内容为:找不到存储过程 'up_SelProQulity'。
=====================================
=====================================
添加日期为:2020/12/10 16:39:03
日志内容为:找不到存储过程 'up_SelProQulity'。
=====================================
=====================================
添加日期为:2020/12/10 16:40:04
日志内容为:找不到存储过程 'up_SelProQulity'。
=====================================
=====================================
添加日期为:2020/12/10 16:41:03
日志内容为:找不到存储过程 'up_SelProQulity'。
=====================================
=====================================
添加日期为:2020/12/10 16:42:03
日志内容为:找不到存储过程 'up_SelProQulity'。
=====================================
=====================================
添加日期为:2020/12/10 16:43:03
日志内容为:找不到存储过程 'up_SelProQulity'。
=====================================
=====================================
添加日期为:2020/12/10 16:44:03
日志内容为:找不到存储过程 'up_SelProQulity'。
=====================================
=====================================
添加日期为:2020/12/10 16:45:03
日志内容为:找不到存储过程 'up_SelProQulity'。
=====================================
=====================================
添加日期为:2020/12/10 16:46:03
日志内容为:找不到存储过程 'up_SelProQulity'。
=====================================
=====================================
添加日期为:2020/12/10 16:47:03
日志内容为:找不到存储过程 'up_SelProQulity'。
=====================================
=====================================
添加日期为:2020/12/10 16:48:03
日志内容为:找不到存储过程 'up_SelProQulity'。
=====================================
=====================================
添加日期为:2020/12/10 16:49:03
日志内容为:找不到存储过程 'up_SelProQulity'。
=====================================
=====================================
添加日期为:2020/12/10 16:50:03
日志内容为:找不到存储过程 'up_SelProQulity'。
=====================================
=====================================
添加日期为:2020/12/10 16:51:03
日志内容为:找不到存储过程 'up_SelProQulity'。
=====================================
=====================================
添加日期为:2020/12/10 16:52:03
日志内容为:找不到存储过程 'up_SelProQulity'。
=====================================
=====================================
添加日期为:2020/12/10 16:53:03
日志内容为:找不到存储过程 'up_SelProQulity'。
=====================================
=====================================
添加日期为:2020/12/10 16:54:03
日志内容为:找不到存储过程 'up_SelProQulity'。
=====================================
=====================================
添加日期为:2020/12/10 16:55:03
日志内容为:找不到存储过程 'up_SelProQulity'。
=====================================
=====================================
添加日期为:2020/12/10 16:56:03
日志内容为:找不到存储过程 'up_SelProQulity'。
=====================================
=====================================
添加日期为:2020/12/10 16:57:03
日志内容为:找不到存储过程 'up_SelProQulity'。
=====================================
=====================================
添加日期为:2020/12/10 16:58:03
日志内容为:找不到存储过程 'up_SelProQulity'。
=====================================
=====================================
添加日期为:2020/12/10 16:59:03
日志内容为:找不到存储过程 'up_SelProQulity'。
=====================================
=====================================
添加日期为:2020/12/10 17:00:04
日志内容为:找不到存储过程 'up_SelProQulity'。
=====================================
=====================================
添加日期为:2020/12/10 17:01:04
日志内容为:找不到存储过程 'up_SelProQulity'。
=====================================
=====================================
添加日期为:2020/12/10 17:02:04
日志内容为:找不到存储过程 'up_SelProQulity'。
=====================================
=====================================
添加日期为:2020/12/10 17:03:04
日志内容为:找不到存储过程 'up_SelProQulity'。
=====================================
=====================================
添加日期为:2020/12/10 17:04:04
日志内容为:找不到存储过程 'up_SelProQulity'。
=====================================
=====================================
添加日期为:2020/12/10 17:05:04
日志内容为:找不到存储过程 'up_SelProQulity'。
=====================================
=====================================
添加日期为:2020/12/10 17:06:04
日志内容为:找不到存储过程 'up_SelProQulity'。
=====================================
=====================================
添加日期为:2020/12/10 17:07:04
日志内容为:找不到存储过程 'up_SelProQulity'。
=====================================
=====================================
添加日期为:2020/12/10 17:08:04
日志内容为:找不到存储过程 'up_SelProQulity'。
=====================================
=====================================
添加日期为:2020/12/10 17:09:04
日志内容为:找不到存储过程 'up_SelProQulity'。
=====================================
=====================================
添加日期为:2020/12/10 17:10:04
日志内容为:找不到存储过程 'up_SelProQulity'。
=====================================
=====================================
添加日期为:2020/12/10 17:11:04
日志内容为:找不到存储过程 'up_SelProQulity'。
=====================================
=====================================
添加日期为:2020/12/10 17:12:04
日志内容为:找不到存储过程 'up_SelProQulity'。
=====================================
=====================================
添加日期为:2020/12/10 17:13:04
日志内容为:找不到存储过程 'up_SelProQulity'。
=====================================
=====================================
添加日期为:2020/12/10 17:14:04
日志内容为:找不到存储过程 'up_SelProQulity'。
=====================================
=====================================
添加日期为:2020/12/10 17:15:04
日志内容为:找不到存储过程 'up_SelProQulity'。
=====================================
=====================================
添加日期为:2020/12/10 17:16:04
日志内容为:找不到存储过程 'up_SelProQulity'。
=====================================
=====================================
添加日期为:2020/12/10 17:17:04
日志内容为:找不到存储过程 'up_SelProQulity'。
=====================================
=====================================
添加日期为:2020/12/10 17:18:04
日志内容为:找不到存储过程 'up_SelProQulity'。
=====================================
=====================================
添加日期为:2020/12/10 17:19:04
日志内容为:找不到存储过程 'up_SelProQulity'。
=====================================
=====================================
添加日期为:2020/12/10 17:20:04
日志内容为:找不到存储过程 'up_SelProQulity'。
=====================================
=====================================
添加日期为:2020/12/10 17:21:04
日志内容为:找不到存储过程 'up_SelProQulity'。
=====================================
=====================================
添加日期为:2020/12/10 17:22:04
日志内容为:找不到存储过程 'up_SelProQulity'。
=====================================
=====================================
添加日期为:2020/12/10 17:23:04
日志内容为:找不到存储过程 'up_SelProQulity'。
=====================================
=====================================
添加日期为:2020/12/10 17:24:04
日志内容为:找不到存储过程 'up_SelProQulity'。
=====================================
=====================================
添加日期为:2020/12/10 17:25:04
日志内容为:找不到存储过程 'up_SelProQulity'。
=====================================
=====================================
添加日期为:2020/12/10 17:26:04
日志内容为:找不到存储过程 'up_SelProQulity'。
=====================================
=====================================
添加日期为:2020/12/10 17:27:04
日志内容为:找不到存储过程 'up_SelProQulity'。
=====================================
=====================================
添加日期为:2020/12/10 17:28:04
日志内容为:找不到存储过程 'up_SelProQulity'。
=====================================
=====================================
添加日期为:2020/12/10 17:29:04
日志内容为:找不到存储过程 'up_SelProQulity'。
=====================================
=====================================
添加日期为:2020/12/10 17:30:04
日志内容为:找不到存储过程 'up_SelProQulity'。
=====================================
=====================================
添加日期为:2020/12/10 17:31:04
日志内容为:找不到存储过程 'up_SelProQulity'。
=====================================
=====================================
添加日期为:2020/12/10 17:32:04
日志内容为:找不到存储过程 'up_SelProQulity'。
=====================================
=====================================
添加日期为:2020/12/10 17:33:04
日志内容为:找不到存储过程 'up_SelProQulity'。
=====================================
=====================================
添加日期为:2020/12/10 17:34:04
日志内容为:找不到存储过程 'up_SelProQulity'。
=====================================
=====================================
添加日期为:2020/12/10 17:35:04
日志内容为:找不到存储过程 'up_SelProQulity'。
=====================================
=====================================
添加日期为:2020/12/10 17:36:04
日志内容为:找不到存储过程 'up_SelProQulity'。
=====================================
=====================================
添加日期为:2020/12/10 17:37:04
日志内容为:找不到存储过程 'up_SelProQulity'。
=====================================
=====================================
添加日期为:2020/12/10 17:38:04
日志内容为:找不到存储过程 'up_SelProQulity'。
=====================================
