=====================================
添加日期为:2020/12/16 9:26:34
日志内容为:找不到存储过程 'up_SelProQulity'。
=====================================
=====================================
添加日期为:2020/12/16 9:27:34
日志内容为:找不到存储过程 'up_SelProQulity'。
=====================================
=====================================
添加日期为:2020/12/16 9:28:35
日志内容为:找不到存储过程 'up_SelProQulity'。
=====================================
=====================================
添加日期为:2020/12/16 9:29:34
日志内容为:找不到存储过程 'up_SelProQulity'。
=====================================
=====================================
添加日期为:2020/12/16 9:30:34
日志内容为:找不到存储过程 'up_SelProQulity'。
=====================================
=====================================
添加日期为:2020/12/16 9:31:34
日志内容为:找不到存储过程 'up_SelProQulity'。
=====================================
=====================================
添加日期为:2020/12/16 9:32:34
日志内容为:找不到存储过程 'up_SelProQulity'。
=====================================
=====================================
添加日期为:2020/12/16 9:33:34
日志内容为:找不到存储过程 'up_SelProQulity'。
=====================================
=====================================
添加日期为:2020/12/16 9:34:34
日志内容为:找不到存储过程 'up_SelProQulity'。
=====================================
=====================================
添加日期为:2020/12/16 9:35:34
日志内容为:找不到存储过程 'up_SelProQulity'。
=====================================
=====================================
添加日期为:2020/12/16 9:36:34
日志内容为:找不到存储过程 'up_SelProQulity'。
=====================================
=====================================
添加日期为:2020/12/16 9:37:34
日志内容为:找不到存储过程 'up_SelProQulity'。
=====================================
=====================================
添加日期为:2020/12/16 9:38:34
日志内容为:找不到存储过程 'up_SelProQulity'。
=====================================
=====================================
添加日期为:2020/12/16 9:39:34
日志内容为:找不到存储过程 'up_SelProQulity'。
=====================================
=====================================
添加日期为:2020/12/16 9:40:34
日志内容为:找不到存储过程 'up_SelProQulity'。
=====================================
=====================================
添加日期为:2020/12/16 9:41:34
日志内容为:找不到存储过程 'up_SelProQulity'。
=====================================
=====================================
添加日期为:2020/12/16 9:42:34
日志内容为:找不到存储过程 'up_SelProQulity'。
=====================================
=====================================
添加日期为:2020/12/16 9:43:34
日志内容为:找不到存储过程 'up_SelProQulity'。
=====================================
=====================================
添加日期为:2020/12/16 9:44:34
日志内容为:找不到存储过程 'up_SelProQulity'。
=====================================
=====================================
添加日期为:2020/12/16 9:45:34
日志内容为:找不到存储过程 'up_SelProQulity'。
=====================================
=====================================
添加日期为:2020/12/16 9:46:34
日志内容为:找不到存储过程 'up_SelProQulity'。
=====================================
=====================================
添加日期为:2020/12/16 9:47:34
日志内容为:找不到存储过程 'up_SelProQulity'。
=====================================
=====================================
添加日期为:2020/12/16 9:48:34
日志内容为:找不到存储过程 'up_SelProQulity'。
=====================================
=====================================
添加日期为:2020/12/16 9:49:34
日志内容为:找不到存储过程 'up_SelProQulity'。
=====================================
=====================================
添加日期为:2020/12/16 9:50:34
日志内容为:找不到存储过程 'up_SelProQulity'。
=====================================
=====================================
添加日期为:2020/12/16 9:51:34
日志内容为:找不到存储过程 'up_SelProQulity'。
=====================================
=====================================
添加日期为:2020/12/16 9:52:34
日志内容为:找不到存储过程 'up_SelProQulity'。
=====================================
=====================================
添加日期为:2020/12/16 9:53:34
日志内容为:找不到存储过程 'up_SelProQulity'。
=====================================
=====================================
添加日期为:2020/12/16 9:54:34
日志内容为:找不到存储过程 'up_SelProQulity'。
=====================================
=====================================
添加日期为:2020/12/16 9:55:34
日志内容为:找不到存储过程 'up_SelProQulity'。
=====================================
=====================================
添加日期为:2020/12/16 9:56:34
日志内容为:找不到存储过程 'up_SelProQulity'。
=====================================
=====================================
添加日期为:2020/12/16 9:57:34
日志内容为:找不到存储过程 'up_SelProQulity'。
=====================================
=====================================
添加日期为:2020/12/16 9:58:34
日志内容为:找不到存储过程 'up_SelProQulity'。
=====================================
=====================================
添加日期为:2020/12/16 9:59:34
日志内容为:找不到存储过程 'up_SelProQulity'。
=====================================
=====================================
添加日期为:2020/12/16 10:00:34
日志内容为:找不到存储过程 'up_SelProQulity'。
=====================================
=====================================
添加日期为:2020/12/16 10:01:34
日志内容为:找不到存储过程 'up_SelProQulity'。
=====================================
=====================================
添加日期为:2020/12/16 10:02:34
日志内容为:找不到存储过程 'up_SelProQulity'。
=====================================
=====================================
添加日期为:2020/12/16 10:03:35
日志内容为:找不到存储过程 'up_SelProQulity'。
=====================================
=====================================
添加日期为:2020/12/16 10:04:34
日志内容为:找不到存储过程 'up_SelProQulity'。
=====================================
=====================================
添加日期为:2020/12/16 10:05:34
日志内容为:找不到存储过程 'up_SelProQulity'。
=====================================
=====================================
添加日期为:2020/12/16 10:06:34
日志内容为:找不到存储过程 'up_SelProQulity'。
=====================================
=====================================
添加日期为:2020/12/16 10:07:34
日志内容为:找不到存储过程 'up_SelProQulity'。
=====================================
=====================================
添加日期为:2020/12/16 10:08:34
日志内容为:找不到存储过程 'up_SelProQulity'。
=====================================
=====================================
添加日期为:2020/12/16 10:09:34
日志内容为:找不到存储过程 'up_SelProQulity'。
=====================================
=====================================
添加日期为:2020/12/16 10:10:34
日志内容为:找不到存储过程 'up_SelProQulity'。
=====================================
=====================================
添加日期为:2020/12/16 10:11:34
日志内容为:找不到存储过程 'up_SelProQulity'。
=====================================
=====================================
添加日期为:2020/12/16 10:12:34
日志内容为:找不到存储过程 'up_SelProQulity'。
=====================================
=====================================
添加日期为:2020/12/16 10:13:34
日志内容为:找不到存储过程 'up_SelProQulity'。
=====================================
=====================================
添加日期为:2020/12/16 10:14:34
日志内容为:找不到存储过程 'up_SelProQulity'。
=====================================
=====================================
添加日期为:2020/12/16 10:15:35
日志内容为:找不到存储过程 'up_SelProQulity'。
=====================================
=====================================
添加日期为:2020/12/16 10:16:35
日志内容为:找不到存储过程 'up_SelProQulity'。
=====================================
=====================================
添加日期为:2020/12/16 10:17:35
日志内容为:找不到存储过程 'up_SelProQulity'。
=====================================
=====================================
添加日期为:2020/12/16 10:18:35
日志内容为:找不到存储过程 'up_SelProQulity'。
=====================================
=====================================
添加日期为:2020/12/16 10:19:35
日志内容为:找不到存储过程 'up_SelProQulity'。
=====================================
=====================================
添加日期为:2020/12/16 10:20:35
日志内容为:找不到存储过程 'up_SelProQulity'。
=====================================
=====================================
添加日期为:2020/12/16 10:21:35
日志内容为:找不到存储过程 'up_SelProQulity'。
=====================================
=====================================
添加日期为:2020/12/16 10:22:35
日志内容为:找不到存储过程 'up_SelProQulity'。
=====================================
=====================================
添加日期为:2020/12/16 10:23:35
日志内容为:找不到存储过程 'up_SelProQulity'。
=====================================
=====================================
添加日期为:2020/12/16 10:24:35
日志内容为:找不到存储过程 'up_SelProQulity'。
=====================================
=====================================
添加日期为:2020/12/16 10:25:35
日志内容为:找不到存储过程 'up_SelProQulity'。
=====================================
=====================================
添加日期为:2020/12/16 10:26:35
日志内容为:找不到存储过程 'up_SelProQulity'。
=====================================
=====================================
添加日期为:2020/12/16 10:27:35
日志内容为:找不到存储过程 'up_SelProQulity'。
=====================================
=====================================
添加日期为:2020/12/16 10:28:35
日志内容为:找不到存储过程 'up_SelProQulity'。
=====================================
=====================================
添加日期为:2020/12/16 10:29:35
日志内容为:找不到存储过程 'up_SelProQulity'。
=====================================
=====================================
添加日期为:2020/12/16 10:30:35
日志内容为:找不到存储过程 'up_SelProQulity'。
=====================================
=====================================
添加日期为:2020/12/16 10:31:35
日志内容为:找不到存储过程 'up_SelProQulity'。
=====================================
=====================================
添加日期为:2020/12/16 10:32:35
日志内容为:找不到存储过程 'up_SelProQulity'。
=====================================
=====================================
添加日期为:2020/12/16 10:33:35
日志内容为:找不到存储过程 'up_SelProQulity'。
=====================================
=====================================
添加日期为:2020/12/16 10:34:35
日志内容为:找不到存储过程 'up_SelProQulity'。
=====================================
=====================================
添加日期为:2020/12/16 10:35:35
日志内容为:找不到存储过程 'up_SelProQulity'。
=====================================
=====================================
添加日期为:2020/12/16 10:36:35
日志内容为:找不到存储过程 'up_SelProQulity'。
=====================================
=====================================
添加日期为:2020/12/16 10:37:35
日志内容为:找不到存储过程 'up_SelProQulity'。
=====================================
=====================================
添加日期为:2020/12/16 10:38:35
日志内容为:找不到存储过程 'up_SelProQulity'。
=====================================
=====================================
添加日期为:2020/12/16 10:39:35
日志内容为:找不到存储过程 'up_SelProQulity'。
=====================================
=====================================
添加日期为:2020/12/16 10:40:35
日志内容为:找不到存储过程 'up_SelProQulity'。
=====================================
=====================================
添加日期为:2020/12/16 10:41:35
日志内容为:找不到存储过程 'up_SelProQulity'。
=====================================
=====================================
添加日期为:2020/12/16 10:42:35
日志内容为:找不到存储过程 'up_SelProQulity'。
=====================================
=====================================
添加日期为:2020/12/16 10:43:35
日志内容为:找不到存储过程 'up_SelProQulity'。
=====================================
=====================================
添加日期为:2020/12/16 10:44:35
日志内容为:找不到存储过程 'up_SelProQulity'。
=====================================
=====================================
添加日期为:2020/12/16 10:45:35
日志内容为:找不到存储过程 'up_SelProQulity'。
=====================================
=====================================
添加日期为:2020/12/16 10:46:35
日志内容为:找不到存储过程 'up_SelProQulity'。
=====================================
=====================================
添加日期为:2020/12/16 10:47:35
日志内容为:找不到存储过程 'up_SelProQulity'。
=====================================
=====================================
添加日期为:2020/12/16 10:48:35
日志内容为:找不到存储过程 'up_SelProQulity'。
=====================================
=====================================
添加日期为:2020/12/16 10:49:35
日志内容为:找不到存储过程 'up_SelProQulity'。
=====================================
=====================================
添加日期为:2020/12/16 10:50:35
日志内容为:找不到存储过程 'up_SelProQulity'。
=====================================
=====================================
添加日期为:2020/12/16 10:51:35
日志内容为:找不到存储过程 'up_SelProQulity'。
=====================================
=====================================
添加日期为:2020/12/16 10:52:35
日志内容为:找不到存储过程 'up_SelProQulity'。
=====================================
=====================================
添加日期为:2020/12/16 10:53:35
日志内容为:找不到存储过程 'up_SelProQulity'。
=====================================
=====================================
添加日期为:2020/12/16 10:54:35
日志内容为:找不到存储过程 'up_SelProQulity'。
=====================================
=====================================
添加日期为:2020/12/16 10:55:35
日志内容为:找不到存储过程 'up_SelProQulity'。
=====================================
=====================================
添加日期为:2020/12/16 10:56:35
日志内容为:找不到存储过程 'up_SelProQulity'。
=====================================
=====================================
添加日期为:2020/12/16 10:57:35
日志内容为:找不到存储过程 'up_SelProQulity'。
=====================================
=====================================
添加日期为:2020/12/16 10:58:35
日志内容为:找不到存储过程 'up_SelProQulity'。
=====================================
=====================================
添加日期为:2020/12/16 10:59:35
日志内容为:找不到存储过程 'up_SelProQulity'。
=====================================
=====================================
添加日期为:2020/12/16 11:00:35
日志内容为:找不到存储过程 'up_SelProQulity'。
=====================================
=====================================
添加日期为:2020/12/16 11:01:35
日志内容为:找不到存储过程 'up_SelProQulity'。
=====================================
=====================================
添加日期为:2020/12/16 11:02:35
日志内容为:找不到存储过程 'up_SelProQulity'。
=====================================
=====================================
添加日期为:2020/12/16 11:03:35
日志内容为:找不到存储过程 'up_SelProQulity'。
=====================================
=====================================
添加日期为:2020/12/16 11:04:35
日志内容为:找不到存储过程 'up_SelProQulity'。
=====================================
=====================================
添加日期为:2020/12/16 11:05:35
日志内容为:找不到存储过程 'up_SelProQulity'。
=====================================
=====================================
添加日期为:2020/12/16 11:06:35
日志内容为:找不到存储过程 'up_SelProQulity'。
=====================================
=====================================
添加日期为:2020/12/16 11:07:35
日志内容为:找不到存储过程 'up_SelProQulity'。
=====================================
=====================================
添加日期为:2020/12/16 11:08:35
日志内容为:找不到存储过程 'up_SelProQulity'。
=====================================
=====================================
添加日期为:2020/12/16 11:09:35
日志内容为:找不到存储过程 'up_SelProQulity'。
=====================================
=====================================
添加日期为:2020/12/16 11:10:35
日志内容为:找不到存储过程 'up_SelProQulity'。
=====================================
=====================================
添加日期为:2020/12/16 11:11:35
日志内容为:找不到存储过程 'up_SelProQulity'。
=====================================
=====================================
添加日期为:2020/12/16 11:12:35
日志内容为:找不到存储过程 'up_SelProQulity'。
=====================================
=====================================
添加日期为:2020/12/16 11:13:35
日志内容为:找不到存储过程 'up_SelProQulity'。
=====================================
=====================================
添加日期为:2020/12/16 11:14:35
日志内容为:找不到存储过程 'up_SelProQulity'。
=====================================
=====================================
添加日期为:2020/12/16 11:15:35
日志内容为:找不到存储过程 'up_SelProQulity'。
=====================================
=====================================
添加日期为:2020/12/16 11:16:35
日志内容为:找不到存储过程 'up_SelProQulity'。
=====================================
=====================================
添加日期为:2020/12/16 11:17:35
日志内容为:找不到存储过程 'up_SelProQulity'。
=====================================
=====================================
添加日期为:2020/12/16 11:18:35
日志内容为:找不到存储过程 'up_SelProQulity'。
=====================================
=====================================
添加日期为:2020/12/16 11:19:35
日志内容为:找不到存储过程 'up_SelProQulity'。
=====================================
=====================================
添加日期为:2020/12/16 11:20:35
日志内容为:找不到存储过程 'up_SelProQulity'。
=====================================
=====================================
添加日期为:2020/12/16 11:21:35
日志内容为:找不到存储过程 'up_SelProQulity'。
=====================================
=====================================
添加日期为:2020/12/16 11:22:35
日志内容为:找不到存储过程 'up_SelProQulity'。
=====================================
=====================================
添加日期为:2020/12/16 11:23:35
日志内容为:找不到存储过程 'up_SelProQulity'。
=====================================
=====================================
添加日期为:2020/12/16 11:24:35
日志内容为:找不到存储过程 'up_SelProQulity'。
=====================================
=====================================
添加日期为:2020/12/16 11:25:35
日志内容为:找不到存储过程 'up_SelProQulity'。
=====================================
=====================================
添加日期为:2020/12/16 11:26:35
日志内容为:找不到存储过程 'up_SelProQulity'。
=====================================
=====================================
添加日期为:2020/12/16 11:27:35
日志内容为:找不到存储过程 'up_SelProQulity'。
=====================================
=====================================
添加日期为:2020/12/16 11:28:35
日志内容为:找不到存储过程 'up_SelProQulity'。
=====================================
=====================================
添加日期为:2020/12/16 11:29:35
日志内容为:找不到存储过程 'up_SelProQulity'。
=====================================
=====================================
添加日期为:2020/12/16 11:30:35
日志内容为:找不到存储过程 'up_SelProQulity'。
=====================================
=====================================
添加日期为:2020/12/16 11:31:35
日志内容为:找不到存储过程 'up_SelProQulity'。
=====================================
=====================================
添加日期为:2020/12/16 11:32:35
日志内容为:找不到存储过程 'up_SelProQulity'。
=====================================
=====================================
添加日期为:2020/12/16 11:33:35
日志内容为:找不到存储过程 'up_SelProQulity'。
=====================================
=====================================
添加日期为:2020/12/16 11:34:35
日志内容为:找不到存储过程 'up_SelProQulity'。
=====================================
=====================================
添加日期为:2020/12/16 11:36:05
日志内容为:超时时间已到。超时时间已到，但是尚未从池中获取连接。出现这种情况可能是因为所有池连接均在使用，并且达到了最大池大小。
=====================================
=====================================
添加日期为:2020/12/16 11:36:49
日志内容为:在与 SQL Server 建立连接时出现与网络相关的或特定于实例的错误。未找到或无法访问服务器。请验证实例名称是否正确并且 SQL Server 已配置为允许远程连接。 (provider: Named Pipes Provider, error: 40 - 无法打开到 SQL Server 的连接)
=====================================
=====================================
添加日期为:2020/12/16 11:37:49
日志内容为:在与 SQL Server 建立连接时出现与网络相关的或特定于实例的错误。未找到或无法访问服务器。请验证实例名称是否正确并且 SQL Server 已配置为允许远程连接。 (provider: Named Pipes Provider, error: 40 - 无法打开到 SQL Server 的连接)
=====================================
=====================================
添加日期为:2020/12/16 11:38:50
日志内容为:在与 SQL Server 建立连接时出现与网络相关的或特定于实例的错误。未找到或无法访问服务器。请验证实例名称是否正确并且 SQL Server 已配置为允许远程连接。 (provider: Named Pipes Provider, error: 40 - 无法打开到 SQL Server 的连接)
=====================================
=====================================
添加日期为:2020/12/16 11:39:49
日志内容为:在与 SQL Server 建立连接时出现与网络相关的或特定于实例的错误。未找到或无法访问服务器。请验证实例名称是否正确并且 SQL Server 已配置为允许远程连接。 (provider: Named Pipes Provider, error: 40 - 无法打开到 SQL Server 的连接)
=====================================
=====================================
添加日期为:2020/12/16 11:40:50
日志内容为:在与 SQL Server 建立连接时出现与网络相关的或特定于实例的错误。未找到或无法访问服务器。请验证实例名称是否正确并且 SQL Server 已配置为允许远程连接。 (provider: Named Pipes Provider, error: 40 - 无法打开到 SQL Server 的连接)
=====================================
=====================================
添加日期为:2020/12/16 11:41:50
日志内容为:在与 SQL Server 建立连接时出现与网络相关的或特定于实例的错误。未找到或无法访问服务器。请验证实例名称是否正确并且 SQL Server 已配置为允许远程连接。 (provider: Named Pipes Provider, error: 40 - 无法打开到 SQL Server 的连接)
=====================================
=====================================
添加日期为:2020/12/16 11:43:08
日志内容为:在与 SQL Server 建立连接时出现与网络相关的或特定于实例的错误。未找到或无法访问服务器。请验证实例名称是否正确并且 SQL Server 已配置为允许远程连接。 (provider: Named Pipes Provider, error: 40 - 无法打开到 SQL Server 的连接)
=====================================
=====================================
添加日期为:2020/12/16 11:44:12
日志内容为:在与 SQL Server 建立连接时出现与网络相关的或特定于实例的错误。未找到或无法访问服务器。请验证实例名称是否正确并且 SQL Server 已配置为允许远程连接。 (provider: Named Pipes Provider, error: 40 - 无法打开到 SQL Server 的连接)
=====================================
=====================================
添加日期为:2020/12/16 11:44:50
日志内容为:已成功与服务器建立连接，但是在登录前的握手期间发生错误。 (provider: SSL Provider, error: 0 - 等待的操作过时。)
=====================================
=====================================
添加日期为:2020/12/16 11:45:49
日志内容为:已成功与服务器建立连接，但是在登录前的握手期间发生错误。 (provider: SSL Provider, error: 0 - 等待的操作过时。)
=====================================
=====================================
添加日期为:2020/12/16 11:46:38
日志内容为:找不到存储过程 'up_SelProQulity'。
=====================================
=====================================
添加日期为:2020/12/16 11:47:35
日志内容为:找不到存储过程 'up_SelProQulity'。
=====================================
=====================================
添加日期为:2020/12/16 11:48:43
日志内容为:找不到存储过程 'up_SelProQulity'。
=====================================
=====================================
添加日期为:2020/12/16 11:49:48
日志内容为:找不到存储过程 'up_SelProQulity'。
=====================================
=====================================
添加日期为:2020/12/16 11:51:10
日志内容为:执行超时已过期。完成操作之前已超时或服务器未响应。 
=====================================
=====================================
添加日期为:2020/12/16 11:51:43
日志内容为:找不到存储过程 'up_SelProQulity'。
=====================================
=====================================
添加日期为:2020/12/16 11:53:19
日志内容为:在与 SQL Server 建立连接时出现与网络相关的或特定于实例的错误。未找到或无法访问服务器。请验证实例名称是否正确并且 SQL Server 已配置为允许远程连接。 (provider: Named Pipes Provider, error: 40 - 无法打开到 SQL Server 的连接)
=====================================
=====================================
添加日期为:2020/12/16 11:54:21
日志内容为:在与 SQL Server 建立连接时出现与网络相关的或特定于实例的错误。未找到或无法访问服务器。请验证实例名称是否正确并且 SQL Server 已配置为允许远程连接。 (provider: Named Pipes Provider, error: 40 - 无法打开到 SQL Server 的连接)
=====================================
=====================================
添加日期为:2020/12/16 11:54:50
日志内容为:在与 SQL Server 建立连接时出现与网络相关的或特定于实例的错误。未找到或无法访问服务器。请验证实例名称是否正确并且 SQL Server 已配置为允许远程连接。 (provider: Named Pipes Provider, error: 40 - 无法打开到 SQL Server 的连接)
=====================================
=====================================
添加日期为:2020/12/16 11:56:05
日志内容为:超时时间已到。超时时间已到，但是尚未从池中获取连接。出现这种情况可能是因为所有池连接均在使用，并且达到了最大池大小。
=====================================
=====================================
添加日期为:2020/12/16 11:57:19
日志内容为:在与 SQL Server 建立连接时出现与网络相关的或特定于实例的错误。未找到或无法访问服务器。请验证实例名称是否正确并且 SQL Server 已配置为允许远程连接。 (provider: Named Pipes Provider, error: 40 - 无法打开到 SQL Server 的连接)
=====================================
=====================================
添加日期为:2020/12/16 11:57:50
日志内容为:在与 SQL Server 建立连接时出现与网络相关的或特定于实例的错误。未找到或无法访问服务器。请验证实例名称是否正确并且 SQL Server 已配置为允许远程连接。 (provider: Named Pipes Provider, error: 40 - 无法打开到 SQL Server 的连接)
=====================================
=====================================
添加日期为:2020/12/16 11:59:08
日志内容为:在与 SQL Server 建立连接时出现与网络相关的或特定于实例的错误。未找到或无法访问服务器。请验证实例名称是否正确并且 SQL Server 已配置为允许远程连接。 (provider: Named Pipes Provider, error: 40 - 无法打开到 SQL Server 的连接)
=====================================
=====================================
添加日期为:2020/12/16 12:00:21
日志内容为:在与 SQL Server 建立连接时出现与网络相关的或特定于实例的错误。未找到或无法访问服务器。请验证实例名称是否正确并且 SQL Server 已配置为允许远程连接。 (provider: Named Pipes Provider, error: 40 - 无法打开到 SQL Server 的连接)
=====================================
=====================================
添加日期为:2020/12/16 12:00:50
日志内容为:在与 SQL Server 建立连接时出现与网络相关的或特定于实例的错误。未找到或无法访问服务器。请验证实例名称是否正确并且 SQL Server 已配置为允许远程连接。 (provider: Named Pipes Provider, error: 40 - 无法打开到 SQL Server 的连接)
=====================================
=====================================
添加日期为:2020/12/16 12:01:58
日志内容为:在与 SQL Server 建立连接时出现与网络相关的或特定于实例的错误。未找到或无法访问服务器。请验证实例名称是否正确并且 SQL Server 已配置为允许远程连接。 (provider: Named Pipes Provider, error: 40 - 无法打开到 SQL Server 的连接)
=====================================
=====================================
添加日期为:2020/12/16 12:02:50
日志内容为:在与 SQL Server 建立连接时出现与网络相关的或特定于实例的错误。未找到或无法访问服务器。请验证实例名称是否正确并且 SQL Server 已配置为允许远程连接。 (provider: Named Pipes Provider, error: 40 - 无法打开到 SQL Server 的连接)
=====================================
=====================================
添加日期为:2020/12/16 12:03:50
日志内容为:在与 SQL Server 建立连接时出现与网络相关的或特定于实例的错误。未找到或无法访问服务器。请验证实例名称是否正确并且 SQL Server 已配置为允许远程连接。 (provider: Named Pipes Provider, error: 40 - 无法打开到 SQL Server 的连接)
=====================================
=====================================
添加日期为:2020/12/16 12:04:50
日志内容为:在与 SQL Server 建立连接时出现与网络相关的或特定于实例的错误。未找到或无法访问服务器。请验证实例名称是否正确并且 SQL Server 已配置为允许远程连接。 (provider: Named Pipes Provider, error: 40 - 无法打开到 SQL Server 的连接)
=====================================
=====================================
添加日期为:2020/12/16 12:06:05
日志内容为:超时时间已到。超时时间已到，但是尚未从池中获取连接。出现这种情况可能是因为所有池连接均在使用，并且达到了最大池大小。
=====================================
=====================================
添加日期为:2020/12/16 12:06:50
日志内容为:在与 SQL Server 建立连接时出现与网络相关的或特定于实例的错误。未找到或无法访问服务器。请验证实例名称是否正确并且 SQL Server 已配置为允许远程连接。 (provider: Named Pipes Provider, error: 40 - 无法打开到 SQL Server 的连接)
=====================================
=====================================
添加日期为:2020/12/16 12:08:08
日志内容为:在与 SQL Server 建立连接时出现与网络相关的或特定于实例的错误。未找到或无法访问服务器。请验证实例名称是否正确并且 SQL Server 已配置为允许远程连接。 (provider: Named Pipes Provider, error: 40 - 无法打开到 SQL Server 的连接)
=====================================
=====================================
添加日期为:2020/12/16 12:08:41
日志内容为:找不到存储过程 'up_SelProQulity'。
=====================================
=====================================
添加日期为:2020/12/16 12:10:21
日志内容为:在与 SQL Server 建立连接时出现与网络相关的或特定于实例的错误。未找到或无法访问服务器。请验证实例名称是否正确并且 SQL Server 已配置为允许远程连接。 (provider: Named Pipes Provider, error: 40 - 无法打开到 SQL Server 的连接)
=====================================
=====================================
添加日期为:2020/12/16 12:10:50
日志内容为:在与 SQL Server 建立连接时出现与网络相关的或特定于实例的错误。未找到或无法访问服务器。请验证实例名称是否正确并且 SQL Server 已配置为允许远程连接。 (provider: Named Pipes Provider, error: 40 - 无法打开到 SQL Server 的连接)
=====================================
=====================================
添加日期为:2020/12/16 12:12:08
日志内容为:在与 SQL Server 建立连接时出现与网络相关的或特定于实例的错误。未找到或无法访问服务器。请验证实例名称是否正确并且 SQL Server 已配置为允许远程连接。 (provider: Named Pipes Provider, error: 40 - 无法打开到 SQL Server 的连接)
=====================================
=====================================
添加日期为:2020/12/16 12:12:36
日志内容为:找不到存储过程 'up_SelProQulity'。
=====================================
=====================================
添加日期为:2020/12/16 12:13:35
日志内容为:找不到存储过程 'up_SelProQulity'。
=====================================
=====================================
添加日期为:2020/12/16 12:14:35
日志内容为:找不到存储过程 'up_SelProQulity'。
=====================================
=====================================
添加日期为:2020/12/16 12:15:36
日志内容为:找不到存储过程 'up_SelProQulity'。
=====================================
=====================================
添加日期为:2020/12/16 12:16:35
日志内容为:找不到存储过程 'up_SelProQulity'。
=====================================
=====================================
添加日期为:2020/12/16 12:17:35
日志内容为:找不到存储过程 'up_SelProQulity'。
=====================================
=====================================
添加日期为:2020/12/16 12:18:36
日志内容为:找不到存储过程 'up_SelProQulity'。
=====================================
=====================================
添加日期为:2020/12/16 12:19:50
日志内容为:在与 SQL Server 建立连接时出现与网络相关的或特定于实例的错误。未找到或无法访问服务器。请验证实例名称是否正确并且 SQL Server 已配置为允许远程连接。 (provider: Named Pipes Provider, error: 40 - 无法打开到 SQL Server 的连接)
=====================================
=====================================
添加日期为:2020/12/16 12:21:08
日志内容为:在与 SQL Server 建立连接时出现与网络相关的或特定于实例的错误。未找到或无法访问服务器。请验证实例名称是否正确并且 SQL Server 已配置为允许远程连接。 (provider: Named Pipes Provider, error: 40 - 无法打开到 SQL Server 的连接)
=====================================
=====================================
添加日期为:2020/12/16 12:21:58
日志内容为:在与 SQL Server 建立连接时出现与网络相关的或特定于实例的错误。未找到或无法访问服务器。请验证实例名称是否正确并且 SQL Server 已配置为允许远程连接。 (provider: Named Pipes Provider, error: 40 - 无法打开到 SQL Server 的连接)
=====================================
=====================================
添加日期为:2020/12/16 12:22:50
日志内容为:在与 SQL Server 建立连接时出现与网络相关的或特定于实例的错误。未找到或无法访问服务器。请验证实例名称是否正确并且 SQL Server 已配置为允许远程连接。 (provider: Named Pipes Provider, error: 40 - 无法打开到 SQL Server 的连接)
=====================================
=====================================
添加日期为:2020/12/16 12:23:50
日志内容为:在与 SQL Server 建立连接时出现与网络相关的或特定于实例的错误。未找到或无法访问服务器。请验证实例名称是否正确并且 SQL Server 已配置为允许远程连接。 (provider: Named Pipes Provider, error: 40 - 无法打开到 SQL Server 的连接)
=====================================
=====================================
添加日期为:2020/12/16 12:25:08
日志内容为:在与 SQL Server 建立连接时出现与网络相关的或特定于实例的错误。未找到或无法访问服务器。请验证实例名称是否正确并且 SQL Server 已配置为允许远程连接。 (provider: Named Pipes Provider, error: 40 - 无法打开到 SQL Server 的连接)
=====================================
=====================================
添加日期为:2020/12/16 12:25:49
日志内容为:已成功与服务器建立连接，但是在登录前的握手期间发生错误。 (provider: SSL Provider, error: 0 - 等待的操作过时。)
=====================================
=====================================
添加日期为:2020/12/16 12:26:50
日志内容为:连接超时时间已到。在尝试使用预登录握手确认时超过了此超时时间。这可能是因为预登录握手失败或服务器未能及时响应。  尝试连接到此服务器时花费的持续时间是 - [Pre-Login] initialization=3287；handshake=14906；
=====================================
=====================================
添加日期为:2020/12/16 12:28:20
日志内容为:在与 SQL Server 建立连接时出现与网络相关的或特定于实例的错误。未找到或无法访问服务器。请验证实例名称是否正确并且 SQL Server 已配置为允许远程连接。 (provider: Named Pipes Provider, error: 40 - 无法打开到 SQL Server 的连接)
=====================================
=====================================
添加日期为:2020/12/16 12:28:51
日志内容为:在与 SQL Server 建立连接时出现与网络相关的或特定于实例的错误。未找到或无法访问服务器。请验证实例名称是否正确并且 SQL Server 已配置为允许远程连接。 (provider: Named Pipes Provider, error: 40 - 无法打开到 SQL Server 的连接)
=====================================
=====================================
添加日期为:2020/12/16 12:30:08
日志内容为:在与 SQL Server 建立连接时出现与网络相关的或特定于实例的错误。未找到或无法访问服务器。请验证实例名称是否正确并且 SQL Server 已配置为允许远程连接。 (provider: Named Pipes Provider, error: 40 - 无法打开到 SQL Server 的连接)
=====================================
=====================================
添加日期为:2020/12/16 12:31:20
日志内容为:在与 SQL Server 建立连接时出现与网络相关的或特定于实例的错误。未找到或无法访问服务器。请验证实例名称是否正确并且 SQL Server 已配置为允许远程连接。 (provider: Named Pipes Provider, error: 40 - 无法打开到 SQL Server 的连接)
=====================================
=====================================
添加日期为:2020/12/16 12:31:50
日志内容为:已成功与服务器建立连接，但是在登录前的握手期间发生错误。 (provider: SSL Provider, error: 0 - 等待的操作过时。)
=====================================
=====================================
添加日期为:2020/12/16 12:32:36
日志内容为:找不到存储过程 'up_SelProQulity'。
=====================================
=====================================
添加日期为:2020/12/16 12:33:36
日志内容为:找不到存储过程 'up_SelProQulity'。
=====================================
=====================================
添加日期为:2020/12/16 12:34:36
日志内容为:找不到存储过程 'up_SelProQulity'。
=====================================
=====================================
添加日期为:2020/12/16 12:35:36
日志内容为:找不到存储过程 'up_SelProQulity'。
=====================================
=====================================
添加日期为:2020/12/16 12:37:10
日志内容为:执行超时已过期。完成操作之前已超时或服务器未响应。 
=====================================
=====================================
添加日期为:2020/12/16 12:38:22
日志内容为:在与 SQL Server 建立连接时出现与网络相关的或特定于实例的错误。未找到或无法访问服务器。请验证实例名称是否正确并且 SQL Server 已配置为允许远程连接。 (provider: Named Pipes Provider, error: 40 - 无法打开到 SQL Server 的连接)
=====================================
=====================================
添加日期为:2020/12/16 12:38:50
日志内容为:连接超时时间已到。在尝试使用预登录握手确认时超过了此超时时间。这可能是因为预登录握手失败或服务器未能及时响应。  尝试连接到此服务器时花费的持续时间是 - [Pre-Login] initialization=5892；handshake=11283；
=====================================
=====================================
添加日期为:2020/12/16 12:40:08
日志内容为:在与 SQL Server 建立连接时出现与网络相关的或特定于实例的错误。未找到或无法访问服务器。请验证实例名称是否正确并且 SQL Server 已配置为允许远程连接。 (provider: Named Pipes Provider, error: 40 - 无法打开到 SQL Server 的连接)
=====================================
=====================================
添加日期为:2020/12/16 12:41:22
日志内容为:在与 SQL Server 建立连接时出现与网络相关的或特定于实例的错误。未找到或无法访问服务器。请验证实例名称是否正确并且 SQL Server 已配置为允许远程连接。 (provider: Named Pipes Provider, error: 40 - 无法打开到 SQL Server 的连接)
=====================================
=====================================
添加日期为:2020/12/16 12:41:50
日志内容为:找不到存储过程 'up_SelProQulity'。
=====================================
=====================================
添加日期为:2020/12/16 12:43:08
日志内容为:在与 SQL Server 建立连接时出现与网络相关的或特定于实例的错误。未找到或无法访问服务器。请验证实例名称是否正确并且 SQL Server 已配置为允许远程连接。 (provider: Named Pipes Provider, error: 40 - 无法打开到 SQL Server 的连接)
=====================================
=====================================
添加日期为:2020/12/16 12:43:39
日志内容为:找不到存储过程 'up_SelProQulity'。
=====================================
=====================================
添加日期为:2020/12/16 12:45:12
日志内容为:在与 SQL Server 建立连接时出现与网络相关的或特定于实例的错误。未找到或无法访问服务器。请验证实例名称是否正确并且 SQL Server 已配置为允许远程连接。 (provider: Named Pipes Provider, error: 40 - 无法打开到 SQL Server 的连接)
=====================================
=====================================
添加日期为:2020/12/16 12:46:05
日志内容为:超时时间已到。超时时间已到，但是尚未从池中获取连接。出现这种情况可能是因为所有池连接均在使用，并且达到了最大池大小。
=====================================
=====================================
添加日期为:2020/12/16 12:47:22
日志内容为:在与 SQL Server 建立连接时出现与网络相关的或特定于实例的错误。未找到或无法访问服务器。请验证实例名称是否正确并且 SQL Server 已配置为允许远程连接。 (provider: Named Pipes Provider, error: 40 - 无法打开到 SQL Server 的连接)
=====================================
=====================================
添加日期为:2020/12/16 12:47:51
日志内容为:在与 SQL Server 建立连接时出现与网络相关的或特定于实例的错误。未找到或无法访问服务器。请验证实例名称是否正确并且 SQL Server 已配置为允许远程连接。 (provider: Named Pipes Provider, error: 40 - 无法打开到 SQL Server 的连接)
=====================================
=====================================
添加日期为:2020/12/16 12:48:46
日志内容为:找不到存储过程 'up_SelProQulity'。
=====================================
=====================================
添加日期为:2020/12/16 12:50:08
日志内容为:在与 SQL Server 建立连接时出现与网络相关的或特定于实例的错误。未找到或无法访问服务器。请验证实例名称是否正确并且 SQL Server 已配置为允许远程连接。 (provider: Named Pipes Provider, error: 40 - 无法打开到 SQL Server 的连接)
=====================================
=====================================
添加日期为:2020/12/16 12:51:20
日志内容为:在与 SQL Server 建立连接时出现与网络相关的或特定于实例的错误。未找到或无法访问服务器。请验证实例名称是否正确并且 SQL Server 已配置为允许远程连接。 (provider: Named Pipes Provider, error: 40 - 无法打开到 SQL Server 的连接)
=====================================
=====================================
添加日期为:2020/12/16 12:51:50
日志内容为:连接超时时间已到。在尝试使用预登录握手确认时超过了此超时时间。这可能是因为预登录握手失败或服务器未能及时响应。  尝试连接到此服务器时花费的持续时间是 - [Pre-Login] initialization=6466；handshake=13200；
=====================================
=====================================
添加日期为:2020/12/16 12:53:08
日志内容为:在与 SQL Server 建立连接时出现与网络相关的或特定于实例的错误。未找到或无法访问服务器。请验证实例名称是否正确并且 SQL Server 已配置为允许远程连接。 (provider: Named Pipes Provider, error: 40 - 无法打开到 SQL Server 的连接)
=====================================
=====================================
添加日期为:2020/12/16 12:53:50
日志内容为:连接超时时间已到。在尝试使用预登录握手确认时超过了此超时时间。这可能是因为预登录握手失败或服务器未能及时响应。  尝试连接到此服务器时花费的持续时间是 - [Pre-Login] initialization=3263；handshake=13726；
=====================================
=====================================
添加日期为:2020/12/16 12:55:22
日志内容为:在与 SQL Server 建立连接时出现与网络相关的或特定于实例的错误。未找到或无法访问服务器。请验证实例名称是否正确并且 SQL Server 已配置为允许远程连接。 (provider: Named Pipes Provider, error: 40 - 无法打开到 SQL Server 的连接)
=====================================
=====================================
添加日期为:2020/12/16 12:55:50
日志内容为:在与 SQL Server 建立连接时出现与网络相关的或特定于实例的错误。未找到或无法访问服务器。请验证实例名称是否正确并且 SQL Server 已配置为允许远程连接。 (provider: Named Pipes Provider, error: 40 - 无法打开到 SQL Server 的连接)
=====================================
=====================================
添加日期为:2020/12/16 12:56:50
日志内容为:连接超时时间已到。在尝试使用预登录握手确认时超过了此超时时间。这可能是因为预登录握手失败或服务器未能及时响应。  尝试连接到此服务器时花费的持续时间是 - [Pre-Login] initialization=15074；handshake=0；
=====================================
=====================================
添加日期为:2020/12/16 12:58:08
日志内容为:在与 SQL Server 建立连接时出现与网络相关的或特定于实例的错误。未找到或无法访问服务器。请验证实例名称是否正确并且 SQL Server 已配置为允许远程连接。 (provider: Named Pipes Provider, error: 40 - 无法打开到 SQL Server 的连接)
=====================================
=====================================
添加日期为:2020/12/16 12:59:22
日志内容为:在与 SQL Server 建立连接时出现与网络相关的或特定于实例的错误。未找到或无法访问服务器。请验证实例名称是否正确并且 SQL Server 已配置为允许远程连接。 (provider: Named Pipes Provider, error: 40 - 无法打开到 SQL Server 的连接)
=====================================
=====================================
添加日期为:2020/12/16 12:59:51
日志内容为:在与 SQL Server 建立连接时出现与网络相关的或特定于实例的错误。未找到或无法访问服务器。请验证实例名称是否正确并且 SQL Server 已配置为允许远程连接。 (provider: Named Pipes Provider, error: 40 - 无法打开到 SQL Server 的连接)
=====================================
=====================================
添加日期为:2020/12/16 13:00:38
日志内容为:找不到存储过程 'up_SelProQulity'。
=====================================
=====================================
添加日期为:2020/12/16 13:02:22
日志内容为:在与 SQL Server 建立连接时出现与网络相关的或特定于实例的错误。未找到或无法访问服务器。请验证实例名称是否正确并且 SQL Server 已配置为允许远程连接。 (provider: Named Pipes Provider, error: 40 - 无法打开到 SQL Server 的连接)
=====================================
=====================================
添加日期为:2020/12/16 13:02:38
日志内容为:已成功与服务器建立连接，但是在登录前的握手期间发生错误。 (provider: TCP Provider, error: 0 - 指定的网络名不再可用。)
=====================================
=====================================
添加日期为:2020/12/16 13:04:12
日志内容为:在与 SQL Server 建立连接时出现与网络相关的或特定于实例的错误。未找到或无法访问服务器。请验证实例名称是否正确并且 SQL Server 已配置为允许远程连接。 (provider: Named Pipes Provider, error: 40 - 无法打开到 SQL Server 的连接)
=====================================
=====================================
添加日期为:2020/12/16 13:04:45
日志内容为:找不到存储过程 'up_SelProQulity'。
=====================================
=====================================
添加日期为:2020/12/16 13:05:36
日志内容为:找不到存储过程 'up_SelProQulity'。
=====================================
=====================================
添加日期为:2020/12/16 13:06:36
日志内容为:找不到存储过程 'up_SelProQulity'。
=====================================
=====================================
添加日期为:2020/12/16 13:07:35
日志内容为:找不到存储过程 'up_SelProQulity'。
=====================================
=====================================
添加日期为:2020/12/16 13:08:35
日志内容为:找不到存储过程 'up_SelProQulity'。
=====================================
=====================================
添加日期为:2020/12/16 13:09:36
日志内容为:找不到存储过程 'up_SelProQulity'。
=====================================
=====================================
添加日期为:2020/12/16 13:10:35
日志内容为:找不到存储过程 'up_SelProQulity'。
=====================================
=====================================
添加日期为:2020/12/16 13:12:23
日志内容为:找不到存储过程 'up_SelProQulity'。
=====================================
=====================================
添加日期为:2020/12/16 13:13:23
日志内容为:找不到存储过程 'up_SelProQulity'。
=====================================
=====================================
添加日期为:2020/12/16 13:14:23
日志内容为:找不到存储过程 'up_SelProQulity'。
=====================================
=====================================
添加日期为:2020/12/16 13:15:23
日志内容为:找不到存储过程 'up_SelProQulity'。
=====================================
=====================================
添加日期为:2020/12/16 13:16:23
日志内容为:找不到存储过程 'up_SelProQulity'。
=====================================
=====================================
添加日期为:2020/12/16 13:17:23
日志内容为:找不到存储过程 'up_SelProQulity'。
=====================================
=====================================
添加日期为:2020/12/16 13:18:23
日志内容为:找不到存储过程 'up_SelProQulity'。
=====================================
=====================================
添加日期为:2020/12/16 13:19:23
日志内容为:找不到存储过程 'up_SelProQulity'。
=====================================
=====================================
添加日期为:2020/12/16 13:20:23
日志内容为:找不到存储过程 'up_SelProQulity'。
=====================================
=====================================
添加日期为:2020/12/16 13:21:23
日志内容为:找不到存储过程 'up_SelProQulity'。
=====================================
=====================================
添加日期为:2020/12/16 13:22:23
日志内容为:找不到存储过程 'up_SelProQulity'。
=====================================
=====================================
添加日期为:2020/12/16 13:23:23
日志内容为:找不到存储过程 'up_SelProQulity'。
=====================================
=====================================
添加日期为:2020/12/16 13:24:23
日志内容为:找不到存储过程 'up_SelProQulity'。
=====================================
=====================================
添加日期为:2020/12/16 13:25:23
日志内容为:找不到存储过程 'up_SelProQulity'。
=====================================
=====================================
添加日期为:2020/12/16 13:26:23
日志内容为:找不到存储过程 'up_SelProQulity'。
=====================================
=====================================
添加日期为:2020/12/16 13:27:23
日志内容为:找不到存储过程 'up_SelProQulity'。
=====================================
=====================================
添加日期为:2020/12/16 13:28:23
日志内容为:找不到存储过程 'up_SelProQulity'。
=====================================
=====================================
添加日期为:2020/12/16 13:29:23
日志内容为:找不到存储过程 'up_SelProQulity'。
=====================================
=====================================
添加日期为:2020/12/16 13:30:23
日志内容为:找不到存储过程 'up_SelProQulity'。
=====================================
=====================================
添加日期为:2020/12/16 13:31:23
日志内容为:找不到存储过程 'up_SelProQulity'。
=====================================
=====================================
添加日期为:2020/12/16 13:32:23
日志内容为:找不到存储过程 'up_SelProQulity'。
=====================================
=====================================
添加日期为:2020/12/16 13:33:23
日志内容为:找不到存储过程 'up_SelProQulity'。
=====================================
=====================================
添加日期为:2020/12/16 13:34:23
日志内容为:找不到存储过程 'up_SelProQulity'。
=====================================
=====================================
添加日期为:2020/12/16 13:35:23
日志内容为:找不到存储过程 'up_SelProQulity'。
=====================================
=====================================
添加日期为:2020/12/16 13:36:23
日志内容为:找不到存储过程 'up_SelProQulity'。
=====================================
=====================================
添加日期为:2020/12/16 13:37:23
日志内容为:找不到存储过程 'up_SelProQulity'。
=====================================
=====================================
添加日期为:2020/12/16 13:38:23
日志内容为:找不到存储过程 'up_SelProQulity'。
=====================================
=====================================
添加日期为:2020/12/16 13:39:23
日志内容为:找不到存储过程 'up_SelProQulity'。
=====================================
=====================================
添加日期为:2020/12/16 13:40:23
日志内容为:找不到存储过程 'up_SelProQulity'。
=====================================
=====================================
添加日期为:2020/12/16 13:41:23
日志内容为:找不到存储过程 'up_SelProQulity'。
=====================================
=====================================
添加日期为:2020/12/16 13:42:23
日志内容为:找不到存储过程 'up_SelProQulity'。
=====================================
=====================================
添加日期为:2020/12/16 13:43:23
日志内容为:找不到存储过程 'up_SelProQulity'。
=====================================
=====================================
添加日期为:2020/12/16 13:44:23
日志内容为:找不到存储过程 'up_SelProQulity'。
=====================================
=====================================
添加日期为:2020/12/16 13:45:23
日志内容为:找不到存储过程 'up_SelProQulity'。
=====================================
=====================================
添加日期为:2020/12/16 13:46:23
日志内容为:找不到存储过程 'up_SelProQulity'。
=====================================
=====================================
添加日期为:2020/12/16 13:47:23
日志内容为:找不到存储过程 'up_SelProQulity'。
=====================================
=====================================
添加日期为:2020/12/16 13:48:23
日志内容为:找不到存储过程 'up_SelProQulity'。
=====================================
=====================================
添加日期为:2020/12/16 13:49:23
日志内容为:找不到存储过程 'up_SelProQulity'。
=====================================
=====================================
添加日期为:2020/12/16 13:50:23
日志内容为:找不到存储过程 'up_SelProQulity'。
=====================================
=====================================
添加日期为:2020/12/16 13:51:23
日志内容为:找不到存储过程 'up_SelProQulity'。
=====================================
=====================================
添加日期为:2020/12/16 13:52:23
日志内容为:找不到存储过程 'up_SelProQulity'。
=====================================
=====================================
添加日期为:2020/12/16 13:53:23
日志内容为:找不到存储过程 'up_SelProQulity'。
=====================================
=====================================
添加日期为:2020/12/16 13:54:23
日志内容为:找不到存储过程 'up_SelProQulity'。
=====================================
=====================================
添加日期为:2020/12/16 13:55:23
日志内容为:找不到存储过程 'up_SelProQulity'。
=====================================
=====================================
添加日期为:2020/12/16 13:56:24
日志内容为:找不到存储过程 'up_SelProQulity'。
=====================================
=====================================
添加日期为:2020/12/16 13:57:24
日志内容为:找不到存储过程 'up_SelProQulity'。
=====================================
=====================================
添加日期为:2020/12/16 13:58:24
日志内容为:找不到存储过程 'up_SelProQulity'。
=====================================
=====================================
添加日期为:2020/12/16 13:59:24
日志内容为:找不到存储过程 'up_SelProQulity'。
=====================================
=====================================
添加日期为:2020/12/16 14:00:24
日志内容为:找不到存储过程 'up_SelProQulity'。
=====================================
=====================================
添加日期为:2020/12/16 14:01:24
日志内容为:找不到存储过程 'up_SelProQulity'。
=====================================
=====================================
添加日期为:2020/12/16 14:02:24
日志内容为:找不到存储过程 'up_SelProQulity'。
=====================================
=====================================
添加日期为:2020/12/16 14:03:24
日志内容为:找不到存储过程 'up_SelProQulity'。
=====================================
=====================================
添加日期为:2020/12/16 14:04:24
日志内容为:找不到存储过程 'up_SelProQulity'。
=====================================
=====================================
添加日期为:2020/12/16 14:05:24
日志内容为:找不到存储过程 'up_SelProQulity'。
=====================================
=====================================
添加日期为:2020/12/16 14:06:24
日志内容为:找不到存储过程 'up_SelProQulity'。
=====================================
=====================================
添加日期为:2020/12/16 14:07:24
日志内容为:找不到存储过程 'up_SelProQulity'。
=====================================
=====================================
添加日期为:2020/12/16 14:08:24
日志内容为:找不到存储过程 'up_SelProQulity'。
=====================================
=====================================
添加日期为:2020/12/16 14:09:24
日志内容为:找不到存储过程 'up_SelProQulity'。
=====================================
=====================================
添加日期为:2020/12/16 14:10:24
日志内容为:找不到存储过程 'up_SelProQulity'。
=====================================
=====================================
添加日期为:2020/12/16 14:11:24
日志内容为:找不到存储过程 'up_SelProQulity'。
=====================================
=====================================
添加日期为:2020/12/16 14:12:24
日志内容为:找不到存储过程 'up_SelProQulity'。
=====================================
=====================================
添加日期为:2020/12/16 14:13:24
日志内容为:找不到存储过程 'up_SelProQulity'。
=====================================
=====================================
添加日期为:2020/12/16 14:14:24
日志内容为:找不到存储过程 'up_SelProQulity'。
=====================================
=====================================
添加日期为:2020/12/16 14:15:24
日志内容为:找不到存储过程 'up_SelProQulity'。
=====================================
=====================================
添加日期为:2020/12/16 14:16:24
日志内容为:找不到存储过程 'up_SelProQulity'。
=====================================
=====================================
添加日期为:2020/12/16 14:17:24
日志内容为:找不到存储过程 'up_SelProQulity'。
=====================================
=====================================
添加日期为:2020/12/16 14:18:24
日志内容为:找不到存储过程 'up_SelProQulity'。
=====================================
=====================================
添加日期为:2020/12/16 14:19:24
日志内容为:找不到存储过程 'up_SelProQulity'。
=====================================
=====================================
添加日期为:2020/12/16 14:20:24
日志内容为:找不到存储过程 'up_SelProQulity'。
=====================================
=====================================
添加日期为:2020/12/16 14:21:24
日志内容为:找不到存储过程 'up_SelProQulity'。
=====================================
=====================================
添加日期为:2020/12/16 14:22:24
日志内容为:找不到存储过程 'up_SelProQulity'。
=====================================
=====================================
添加日期为:2020/12/16 14:23:24
日志内容为:找不到存储过程 'up_SelProQulity'。
=====================================
=====================================
添加日期为:2020/12/16 14:24:24
日志内容为:找不到存储过程 'up_SelProQulity'。
=====================================
=====================================
添加日期为:2020/12/16 14:25:24
日志内容为:找不到存储过程 'up_SelProQulity'。
=====================================
=====================================
添加日期为:2020/12/16 14:31:22
日志内容为:找不到存储过程 'up_SelProQulity'。
=====================================
=====================================
添加日期为:2020/12/16 14:32:22
日志内容为:找不到存储过程 'up_SelProQulity'。
=====================================
=====================================
添加日期为:2020/12/16 14:33:22
日志内容为:找不到存储过程 'up_SelProQulity'。
=====================================
=====================================
添加日期为:2020/12/16 14:34:22
日志内容为:找不到存储过程 'up_SelProQulity'。
=====================================
=====================================
添加日期为:2020/12/16 14:35:22
日志内容为:找不到存储过程 'up_SelProQulity'。
=====================================
=====================================
添加日期为:2020/12/16 14:36:22
日志内容为:找不到存储过程 'up_SelProQulity'。
=====================================
=====================================
添加日期为:2020/12/16 14:37:22
日志内容为:找不到存储过程 'up_SelProQulity'。
=====================================
=====================================
添加日期为:2020/12/16 14:38:22
日志内容为:找不到存储过程 'up_SelProQulity'。
=====================================
=====================================
添加日期为:2020/12/16 14:39:22
日志内容为:找不到存储过程 'up_SelProQulity'。
=====================================
=====================================
添加日期为:2020/12/16 14:40:22
日志内容为:找不到存储过程 'up_SelProQulity'。
=====================================
=====================================
添加日期为:2020/12/16 14:41:22
日志内容为:找不到存储过程 'up_SelProQulity'。
=====================================
=====================================
添加日期为:2020/12/16 14:42:22
日志内容为:找不到存储过程 'up_SelProQulity'。
=====================================
=====================================
添加日期为:2020/12/16 14:43:22
日志内容为:找不到存储过程 'up_SelProQulity'。
=====================================
=====================================
添加日期为:2020/12/16 14:44:22
日志内容为:找不到存储过程 'up_SelProQulity'。
=====================================
=====================================
添加日期为:2020/12/16 14:45:23
日志内容为:找不到存储过程 'up_SelProQulity'。
=====================================
=====================================
添加日期为:2020/12/16 14:46:22
日志内容为:找不到存储过程 'up_SelProQulity'。
=====================================
=====================================
添加日期为:2020/12/16 14:47:22
日志内容为:找不到存储过程 'up_SelProQulity'。
=====================================
=====================================
添加日期为:2020/12/16 14:48:22
日志内容为:找不到存储过程 'up_SelProQulity'。
=====================================
=====================================
添加日期为:2020/12/16 14:49:22
日志内容为:找不到存储过程 'up_SelProQulity'。
=====================================
=====================================
添加日期为:2020/12/16 14:50:22
日志内容为:找不到存储过程 'up_SelProQulity'。
=====================================
=====================================
添加日期为:2020/12/16 14:51:22
日志内容为:找不到存储过程 'up_SelProQulity'。
=====================================
=====================================
添加日期为:2020/12/16 14:52:22
日志内容为:找不到存储过程 'up_SelProQulity'。
=====================================
=====================================
添加日期为:2020/12/16 14:53:22
日志内容为:找不到存储过程 'up_SelProQulity'。
=====================================
=====================================
添加日期为:2020/12/16 14:54:22
日志内容为:找不到存储过程 'up_SelProQulity'。
=====================================
=====================================
添加日期为:2020/12/16 14:55:22
日志内容为:找不到存储过程 'up_SelProQulity'。
=====================================
=====================================
添加日期为:2020/12/16 14:56:22
日志内容为:找不到存储过程 'up_SelProQulity'。
=====================================
=====================================
添加日期为:2020/12/16 14:57:22
日志内容为:找不到存储过程 'up_SelProQulity'。
=====================================
=====================================
添加日期为:2020/12/16 14:58:22
日志内容为:找不到存储过程 'up_SelProQulity'。
=====================================
=====================================
添加日期为:2020/12/16 14:59:22
日志内容为:找不到存储过程 'up_SelProQulity'。
=====================================
=====================================
添加日期为:2020/12/16 15:00:22
日志内容为:找不到存储过程 'up_SelProQulity'。
=====================================
=====================================
添加日期为:2020/12/16 15:01:22
日志内容为:找不到存储过程 'up_SelProQulity'。
=====================================
=====================================
添加日期为:2020/12/16 15:02:22
日志内容为:找不到存储过程 'up_SelProQulity'。
=====================================
=====================================
添加日期为:2020/12/16 15:03:22
日志内容为:找不到存储过程 'up_SelProQulity'。
=====================================
=====================================
添加日期为:2020/12/16 15:04:22
日志内容为:找不到存储过程 'up_SelProQulity'。
=====================================
=====================================
添加日期为:2020/12/16 15:05:22
日志内容为:找不到存储过程 'up_SelProQulity'。
=====================================
=====================================
添加日期为:2020/12/16 15:06:22
日志内容为:找不到存储过程 'up_SelProQulity'。
=====================================
=====================================
添加日期为:2020/12/16 15:07:22
日志内容为:找不到存储过程 'up_SelProQulity'。
=====================================
=====================================
添加日期为:2020/12/16 15:08:22
日志内容为:找不到存储过程 'up_SelProQulity'。
=====================================
=====================================
添加日期为:2020/12/16 15:09:22
日志内容为:找不到存储过程 'up_SelProQulity'。
=====================================
=====================================
添加日期为:2020/12/16 15:10:22
日志内容为:找不到存储过程 'up_SelProQulity'。
=====================================
=====================================
添加日期为:2020/12/16 15:11:22
日志内容为:找不到存储过程 'up_SelProQulity'。
=====================================
=====================================
添加日期为:2020/12/16 15:12:22
日志内容为:找不到存储过程 'up_SelProQulity'。
=====================================
=====================================
添加日期为:2020/12/16 15:13:22
日志内容为:找不到存储过程 'up_SelProQulity'。
=====================================
=====================================
添加日期为:2020/12/16 15:14:22
日志内容为:找不到存储过程 'up_SelProQulity'。
=====================================
=====================================
添加日期为:2020/12/16 15:15:22
日志内容为:找不到存储过程 'up_SelProQulity'。
=====================================
=====================================
添加日期为:2020/12/16 15:16:23
日志内容为:找不到存储过程 'up_SelProQulity'。
=====================================
=====================================
添加日期为:2020/12/16 15:17:22
日志内容为:找不到存储过程 'up_SelProQulity'。
=====================================
=====================================
添加日期为:2020/12/16 15:18:22
日志内容为:找不到存储过程 'up_SelProQulity'。
=====================================
=====================================
添加日期为:2020/12/16 15:19:22
日志内容为:找不到存储过程 'up_SelProQulity'。
=====================================
=====================================
添加日期为:2020/12/16 15:20:22
日志内容为:找不到存储过程 'up_SelProQulity'。
=====================================
=====================================
添加日期为:2020/12/16 15:21:22
日志内容为:找不到存储过程 'up_SelProQulity'。
=====================================
=====================================
添加日期为:2020/12/16 15:22:22
日志内容为:找不到存储过程 'up_SelProQulity'。
=====================================
=====================================
添加日期为:2020/12/16 15:23:22
日志内容为:找不到存储过程 'up_SelProQulity'。
=====================================
=====================================
添加日期为:2020/12/16 15:24:22
日志内容为:找不到存储过程 'up_SelProQulity'。
=====================================
=====================================
添加日期为:2020/12/16 15:25:22
日志内容为:找不到存储过程 'up_SelProQulity'。
=====================================
=====================================
添加日期为:2020/12/16 15:26:22
日志内容为:找不到存储过程 'up_SelProQulity'。
=====================================
=====================================
添加日期为:2020/12/16 15:27:22
日志内容为:找不到存储过程 'up_SelProQulity'。
=====================================
=====================================
添加日期为:2020/12/16 15:28:23
日志内容为:找不到存储过程 'up_SelProQulity'。
=====================================
=====================================
添加日期为:2020/12/16 15:29:23
日志内容为:找不到存储过程 'up_SelProQulity'。
=====================================
=====================================
添加日期为:2020/12/16 15:30:23
日志内容为:找不到存储过程 'up_SelProQulity'。
=====================================
=====================================
添加日期为:2020/12/16 15:31:23
日志内容为:找不到存储过程 'up_SelProQulity'。
=====================================
=====================================
添加日期为:2020/12/16 15:32:23
日志内容为:找不到存储过程 'up_SelProQulity'。
=====================================
=====================================
添加日期为:2020/12/16 15:33:23
日志内容为:找不到存储过程 'up_SelProQulity'。
=====================================
=====================================
添加日期为:2020/12/16 15:34:23
日志内容为:找不到存储过程 'up_SelProQulity'。
=====================================
=====================================
添加日期为:2020/12/16 15:35:23
日志内容为:找不到存储过程 'up_SelProQulity'。
=====================================
=====================================
添加日期为:2020/12/16 15:36:23
日志内容为:找不到存储过程 'up_SelProQulity'。
=====================================
=====================================
添加日期为:2020/12/16 15:37:23
日志内容为:找不到存储过程 'up_SelProQulity'。
=====================================
=====================================
添加日期为:2020/12/16 15:38:23
日志内容为:找不到存储过程 'up_SelProQulity'。
=====================================
=====================================
添加日期为:2020/12/16 15:39:23
日志内容为:找不到存储过程 'up_SelProQulity'。
=====================================
=====================================
添加日期为:2020/12/16 15:40:23
日志内容为:找不到存储过程 'up_SelProQulity'。
=====================================
=====================================
添加日期为:2020/12/16 15:41:23
日志内容为:找不到存储过程 'up_SelProQulity'。
=====================================
=====================================
添加日期为:2020/12/16 15:42:23
日志内容为:找不到存储过程 'up_SelProQulity'。
=====================================
=====================================
添加日期为:2020/12/16 15:43:23
日志内容为:找不到存储过程 'up_SelProQulity'。
=====================================
=====================================
添加日期为:2020/12/16 15:44:23
日志内容为:找不到存储过程 'up_SelProQulity'。
=====================================
=====================================
添加日期为:2020/12/16 15:45:26
日志内容为:找不到存储过程 'up_SelProQulity'。
=====================================
=====================================
添加日期为:2020/12/16 15:46:23
日志内容为:找不到存储过程 'up_SelProQulity'。
=====================================
=====================================
添加日期为:2020/12/16 15:47:23
日志内容为:找不到存储过程 'up_SelProQulity'。
=====================================
=====================================
添加日期为:2020/12/16 15:48:23
日志内容为:找不到存储过程 'up_SelProQulity'。
=====================================
=====================================
添加日期为:2020/12/16 15:49:23
日志内容为:找不到存储过程 'up_SelProQulity'。
=====================================
=====================================
添加日期为:2020/12/16 15:50:23
日志内容为:找不到存储过程 'up_SelProQulity'。
=====================================
=====================================
添加日期为:2020/12/16 15:51:23
日志内容为:找不到存储过程 'up_SelProQulity'。
=====================================
=====================================
添加日期为:2020/12/16 15:52:23
日志内容为:找不到存储过程 'up_SelProQulity'。
=====================================
=====================================
添加日期为:2020/12/16 15:53:23
日志内容为:找不到存储过程 'up_SelProQulity'。
=====================================
=====================================
添加日期为:2020/12/16 15:54:23
日志内容为:找不到存储过程 'up_SelProQulity'。
=====================================
=====================================
添加日期为:2020/12/16 15:55:23
日志内容为:找不到存储过程 'up_SelProQulity'。
=====================================
=====================================
添加日期为:2020/12/16 15:56:23
日志内容为:找不到存储过程 'up_SelProQulity'。
=====================================
=====================================
添加日期为:2020/12/16 15:57:23
日志内容为:找不到存储过程 'up_SelProQulity'。
=====================================
=====================================
添加日期为:2020/12/16 15:58:23
日志内容为:找不到存储过程 'up_SelProQulity'。
=====================================
=====================================
添加日期为:2020/12/16 15:59:23
日志内容为:找不到存储过程 'up_SelProQulity'。
=====================================
=====================================
添加日期为:2020/12/16 16:00:23
日志内容为:找不到存储过程 'up_SelProQulity'。
=====================================
=====================================
添加日期为:2020/12/16 16:01:23
日志内容为:找不到存储过程 'up_SelProQulity'。
=====================================
=====================================
添加日期为:2020/12/16 16:02:23
日志内容为:找不到存储过程 'up_SelProQulity'。
=====================================
=====================================
添加日期为:2020/12/16 16:12:43
日志内容为:找不到存储过程 'up_SelProQulity'。
=====================================
=====================================
添加日期为:2020/12/16 16:13:43
日志内容为:找不到存储过程 'up_SelProQulity'。
=====================================
=====================================
添加日期为:2020/12/16 16:14:43
日志内容为:找不到存储过程 'up_SelProQulity'。
=====================================
=====================================
添加日期为:2020/12/16 16:15:43
日志内容为:找不到存储过程 'up_SelProQulity'。
=====================================
=====================================
添加日期为:2020/12/16 16:16:43
日志内容为:找不到存储过程 'up_SelProQulity'。
=====================================
=====================================
添加日期为:2020/12/16 16:17:43
日志内容为:找不到存储过程 'up_SelProQulity'。
=====================================
=====================================
添加日期为:2020/12/16 16:18:43
日志内容为:找不到存储过程 'up_SelProQulity'。
=====================================
=====================================
添加日期为:2020/12/16 16:19:43
日志内容为:找不到存储过程 'up_SelProQulity'。
=====================================
=====================================
添加日期为:2020/12/16 16:20:43
日志内容为:找不到存储过程 'up_SelProQulity'。
=====================================
=====================================
添加日期为:2020/12/16 16:21:43
日志内容为:找不到存储过程 'up_SelProQulity'。
=====================================
=====================================
添加日期为:2020/12/16 16:22:43
日志内容为:找不到存储过程 'up_SelProQulity'。
=====================================
=====================================
添加日期为:2020/12/16 16:23:43
日志内容为:找不到存储过程 'up_SelProQulity'。
=====================================
=====================================
添加日期为:2020/12/16 16:24:43
日志内容为:找不到存储过程 'up_SelProQulity'。
=====================================
=====================================
添加日期为:2020/12/16 16:25:43
日志内容为:找不到存储过程 'up_SelProQulity'。
=====================================
=====================================
添加日期为:2020/12/16 16:26:43
日志内容为:找不到存储过程 'up_SelProQulity'。
=====================================
=====================================
添加日期为:2020/12/16 16:27:43
日志内容为:找不到存储过程 'up_SelProQulity'。
=====================================
=====================================
添加日期为:2020/12/16 16:28:43
日志内容为:找不到存储过程 'up_SelProQulity'。
=====================================
=====================================
添加日期为:2020/12/16 16:29:43
日志内容为:找不到存储过程 'up_SelProQulity'。
=====================================
=====================================
添加日期为:2020/12/16 16:30:43
日志内容为:找不到存储过程 'up_SelProQulity'。
=====================================
=====================================
添加日期为:2020/12/16 16:31:43
日志内容为:找不到存储过程 'up_SelProQulity'。
=====================================
=====================================
添加日期为:2020/12/16 16:32:43
日志内容为:找不到存储过程 'up_SelProQulity'。
=====================================
=====================================
添加日期为:2020/12/16 16:33:43
日志内容为:找不到存储过程 'up_SelProQulity'。
=====================================
=====================================
添加日期为:2020/12/16 16:34:43
日志内容为:找不到存储过程 'up_SelProQulity'。
=====================================
=====================================
添加日期为:2020/12/16 16:35:43
日志内容为:找不到存储过程 'up_SelProQulity'。
=====================================
=====================================
添加日期为:2020/12/16 16:36:43
日志内容为:找不到存储过程 'up_SelProQulity'。
=====================================
=====================================
添加日期为:2020/12/16 16:37:43
日志内容为:找不到存储过程 'up_SelProQulity'。
=====================================
=====================================
添加日期为:2020/12/16 16:38:43
日志内容为:找不到存储过程 'up_SelProQulity'。
=====================================
=====================================
添加日期为:2020/12/16 16:39:43
日志内容为:找不到存储过程 'up_SelProQulity'。
=====================================
=====================================
添加日期为:2020/12/16 16:40:43
日志内容为:找不到存储过程 'up_SelProQulity'。
=====================================
=====================================
添加日期为:2020/12/16 16:41:43
日志内容为:找不到存储过程 'up_SelProQulity'。
=====================================
=====================================
添加日期为:2020/12/16 16:42:43
日志内容为:找不到存储过程 'up_SelProQulity'。
=====================================
=====================================
添加日期为:2020/12/16 16:43:43
日志内容为:找不到存储过程 'up_SelProQulity'。
=====================================
=====================================
添加日期为:2020/12/16 16:44:43
日志内容为:找不到存储过程 'up_SelProQulity'。
=====================================
=====================================
添加日期为:2020/12/16 16:45:43
日志内容为:找不到存储过程 'up_SelProQulity'。
=====================================
=====================================
添加日期为:2020/12/16 16:46:43
日志内容为:找不到存储过程 'up_SelProQulity'。
=====================================
=====================================
添加日期为:2020/12/16 16:47:43
日志内容为:找不到存储过程 'up_SelProQulity'。
=====================================
=====================================
添加日期为:2020/12/16 16:48:43
日志内容为:找不到存储过程 'up_SelProQulity'。
=====================================
=====================================
添加日期为:2020/12/16 16:49:43
日志内容为:找不到存储过程 'up_SelProQulity'。
=====================================
=====================================
添加日期为:2020/12/16 16:50:43
日志内容为:找不到存储过程 'up_SelProQulity'。
=====================================
=====================================
添加日期为:2020/12/16 16:51:44
日志内容为:找不到存储过程 'up_SelProQulity'。
=====================================
=====================================
添加日期为:2020/12/16 16:53:16
日志内容为:在与 SQL Server 建立连接时出现与网络相关的或特定于实例的错误。未找到或无法访问服务器。请验证实例名称是否正确并且 SQL Server 已配置为允许远程连接。 (provider: Named Pipes Provider, error: 40 - 无法打开到 SQL Server 的连接)
=====================================
=====================================
添加日期为:2020/12/16 16:54:28
日志内容为:在与 SQL Server 建立连接时出现与网络相关的或特定于实例的错误。未找到或无法访问服务器。请验证实例名称是否正确并且 SQL Server 已配置为允许远程连接。 (provider: Named Pipes Provider, error: 40 - 无法打开到 SQL Server 的连接)
=====================================
=====================================
添加日期为:2020/12/16 16:54:44
日志内容为:找不到存储过程 'up_SelProQulity'。
=====================================
=====================================
添加日期为:2020/12/16 16:55:43
日志内容为:找不到存储过程 'up_SelProQulity'。
=====================================
=====================================
添加日期为:2020/12/16 16:56:43
日志内容为:找不到存储过程 'up_SelProQulity'。
=====================================
=====================================
添加日期为:2020/12/16 16:57:43
日志内容为:找不到存储过程 'up_SelProQulity'。
=====================================
=====================================
添加日期为:2020/12/16 16:58:44
日志内容为:找不到存储过程 'up_SelProQulity'。
=====================================
=====================================
添加日期为:2020/12/16 16:59:43
日志内容为:找不到存储过程 'up_SelProQulity'。
=====================================
=====================================
添加日期为:2020/12/16 17:00:44
日志内容为:找不到存储过程 'up_SelProQulity'。
=====================================
=====================================
添加日期为:2020/12/16 17:01:44
日志内容为:找不到存储过程 'up_SelProQulity'。
=====================================
=====================================
添加日期为:2020/12/16 17:02:44
日志内容为:找不到存储过程 'up_SelProQulity'。
=====================================
=====================================
添加日期为:2020/12/16 17:03:44
日志内容为:找不到存储过程 'up_SelProQulity'。
=====================================
=====================================
添加日期为:2020/12/16 17:04:44
日志内容为:找不到存储过程 'up_SelProQulity'。
=====================================
=====================================
添加日期为:2020/12/16 17:05:44
日志内容为:找不到存储过程 'up_SelProQulity'。
=====================================
=====================================
添加日期为:2020/12/16 17:06:44
日志内容为:找不到存储过程 'up_SelProQulity'。
=====================================
=====================================
添加日期为:2020/12/16 17:07:44
日志内容为:找不到存储过程 'up_SelProQulity'。
=====================================
=====================================
添加日期为:2020/12/16 17:08:44
日志内容为:找不到存储过程 'up_SelProQulity'。
=====================================
=====================================
添加日期为:2020/12/16 17:09:44
日志内容为:找不到存储过程 'up_SelProQulity'。
=====================================
=====================================
添加日期为:2020/12/16 17:10:44
日志内容为:找不到存储过程 'up_SelProQulity'。
=====================================
=====================================
添加日期为:2020/12/16 17:11:44
日志内容为:找不到存储过程 'up_SelProQulity'。
=====================================
=====================================
添加日期为:2020/12/16 17:12:44
日志内容为:找不到存储过程 'up_SelProQulity'。
=====================================
=====================================
添加日期为:2020/12/16 17:13:44
日志内容为:找不到存储过程 'up_SelProQulity'。
=====================================
=====================================
添加日期为:2020/12/16 17:14:44
日志内容为:找不到存储过程 'up_SelProQulity'。
=====================================
=====================================
添加日期为:2020/12/16 17:15:44
日志内容为:找不到存储过程 'up_SelProQulity'。
=====================================
=====================================
添加日期为:2020/12/16 17:16:44
日志内容为:找不到存储过程 'up_SelProQulity'。
=====================================
=====================================
添加日期为:2020/12/16 17:17:44
日志内容为:找不到存储过程 'up_SelProQulity'。
=====================================
=====================================
添加日期为:2020/12/16 17:18:44
日志内容为:找不到存储过程 'up_SelProQulity'。
=====================================
=====================================
添加日期为:2020/12/16 17:19:44
日志内容为:找不到存储过程 'up_SelProQulity'。
=====================================
=====================================
添加日期为:2020/12/16 17:20:44
日志内容为:找不到存储过程 'up_SelProQulity'。
=====================================
=====================================
添加日期为:2020/12/16 17:21:44
日志内容为:找不到存储过程 'up_SelProQulity'。
=====================================
=====================================
添加日期为:2020/12/16 17:22:44
日志内容为:找不到存储过程 'up_SelProQulity'。
=====================================
=====================================
添加日期为:2020/12/16 17:23:44
日志内容为:找不到存储过程 'up_SelProQulity'。
=====================================
=====================================
添加日期为:2020/12/16 17:24:44
日志内容为:找不到存储过程 'up_SelProQulity'。
=====================================
=====================================
添加日期为:2020/12/16 17:25:44
日志内容为:找不到存储过程 'up_SelProQulity'。
=====================================
=====================================
添加日期为:2020/12/16 17:26:44
日志内容为:找不到存储过程 'up_SelProQulity'。
=====================================
=====================================
添加日期为:2020/12/16 17:27:44
日志内容为:找不到存储过程 'up_SelProQulity'。
=====================================
=====================================
添加日期为:2020/12/16 17:28:44
日志内容为:找不到存储过程 'up_SelProQulity'。
=====================================
=====================================
添加日期为:2020/12/16 17:29:44
日志内容为:找不到存储过程 'up_SelProQulity'。
=====================================
=====================================
添加日期为:2020/12/16 17:30:44
日志内容为:找不到存储过程 'up_SelProQulity'。
=====================================
=====================================
添加日期为:2020/12/16 17:31:44
日志内容为:找不到存储过程 'up_SelProQulity'。
=====================================
=====================================
添加日期为:2020/12/16 17:32:44
日志内容为:找不到存储过程 'up_SelProQulity'。
=====================================
=====================================
添加日期为:2020/12/16 17:33:44
日志内容为:找不到存储过程 'up_SelProQulity'。
=====================================
=====================================
添加日期为:2020/12/16 17:34:44
日志内容为:找不到存储过程 'up_SelProQulity'。
=====================================
=====================================
添加日期为:2020/12/16 17:37:27
日志内容为:找不到存储过程 'up_SelProQulity'。
=====================================
=====================================
添加日期为:2020/12/16 17:38:27
日志内容为:找不到存储过程 'up_SelProQulity'。
=====================================
=====================================
添加日期为:2020/12/16 17:39:27
日志内容为:找不到存储过程 'up_SelProQulity'。
=====================================
=====================================
添加日期为:2020/12/16 17:40:27
日志内容为:找不到存储过程 'up_SelProQulity'。
=====================================
=====================================
添加日期为:2020/12/16 17:41:27
日志内容为:找不到存储过程 'up_SelProQulity'。
=====================================
=====================================
添加日期为:2020/12/16 17:42:27
日志内容为:找不到存储过程 'up_SelProQulity'。
=====================================
=====================================
添加日期为:2020/12/16 17:43:27
日志内容为:找不到存储过程 'up_SelProQulity'。
=====================================
=====================================
添加日期为:2020/12/16 17:44:27
日志内容为:找不到存储过程 'up_SelProQulity'。
=====================================
=====================================
添加日期为:2020/12/16 17:45:27
日志内容为:找不到存储过程 'up_SelProQulity'。
=====================================
=====================================
添加日期为:2020/12/16 17:46:27
日志内容为:找不到存储过程 'up_SelProQulity'。
=====================================
=====================================
添加日期为:2020/12/16 17:47:27
日志内容为:找不到存储过程 'up_SelProQulity'。
=====================================
=====================================
添加日期为:2020/12/16 17:48:27
日志内容为:找不到存储过程 'up_SelProQulity'。
=====================================
=====================================
添加日期为:2020/12/16 17:49:27
日志内容为:找不到存储过程 'up_SelProQulity'。
=====================================
=====================================
添加日期为:2020/12/16 17:50:27
日志内容为:找不到存储过程 'up_SelProQulity'。
=====================================
=====================================
添加日期为:2020/12/16 17:51:27
日志内容为:找不到存储过程 'up_SelProQulity'。
=====================================
=====================================
添加日期为:2020/12/16 17:52:27
日志内容为:找不到存储过程 'up_SelProQulity'。
=====================================
=====================================
添加日期为:2020/12/16 17:53:27
日志内容为:找不到存储过程 'up_SelProQulity'。
=====================================
=====================================
添加日期为:2020/12/16 17:54:27
日志内容为:找不到存储过程 'up_SelProQulity'。
=====================================
=====================================
添加日期为:2020/12/16 17:55:27
日志内容为:找不到存储过程 'up_SelProQulity'。
=====================================
=====================================
添加日期为:2020/12/16 17:56:43
日志内容为:找不到存储过程 'up_SelProQulity'。
=====================================
=====================================
添加日期为:2020/12/16 17:57:43
日志内容为:找不到存储过程 'up_SelProQulity'。
=====================================
=====================================
添加日期为:2020/12/16 17:58:43
日志内容为:找不到存储过程 'up_SelProQulity'。
=====================================
=====================================
添加日期为:2020/12/16 17:59:43
日志内容为:找不到存储过程 'up_SelProQulity'。
=====================================
=====================================
添加日期为:2020/12/16 18:00:43
日志内容为:找不到存储过程 'up_SelProQulity'。
=====================================
=====================================
添加日期为:2020/12/16 18:01:43
日志内容为:找不到存储过程 'up_SelProQulity'。
=====================================
=====================================
添加日期为:2020/12/16 18:02:43
日志内容为:找不到存储过程 'up_SelProQulity'。
=====================================
=====================================
添加日期为:2020/12/16 18:03:43
日志内容为:找不到存储过程 'up_SelProQulity'。
=====================================
=====================================
添加日期为:2020/12/16 18:04:43
日志内容为:找不到存储过程 'up_SelProQulity'。
=====================================
=====================================
添加日期为:2020/12/16 18:05:43
日志内容为:找不到存储过程 'up_SelProQulity'。
=====================================
=====================================
添加日期为:2020/12/16 18:06:43
日志内容为:找不到存储过程 'up_SelProQulity'。
=====================================
=====================================
添加日期为:2020/12/16 18:07:43
日志内容为:找不到存储过程 'up_SelProQulity'。
=====================================
=====================================
添加日期为:2020/12/16 18:08:43
日志内容为:找不到存储过程 'up_SelProQulity'。
=====================================
=====================================
添加日期为:2020/12/16 18:10:16
日志内容为:在与 SQL Server 建立连接时出现与网络相关的或特定于实例的错误。未找到或无法访问服务器。请验证实例名称是否正确并且 SQL Server 已配置为允许远程连接。 (provider: Named Pipes Provider, error: 40 - 无法打开到 SQL Server 的连接)
=====================================
=====================================
添加日期为:2020/12/16 18:11:27
日志内容为:在与 SQL Server 建立连接时出现与网络相关的或特定于实例的错误。未找到或无法访问服务器。请验证实例名称是否正确并且 SQL Server 已配置为允许远程连接。 (provider: Named Pipes Provider, error: 40 - 无法打开到 SQL Server 的连接)
=====================================
=====================================
添加日期为:2020/12/16 18:11:48
日志内容为:找不到存储过程 'up_SelProQulity'。
=====================================
=====================================
添加日期为:2020/12/16 18:12:43
日志内容为:找不到存储过程 'up_SelProQulity'。
=====================================
=====================================
添加日期为:2020/12/16 18:13:43
日志内容为:找不到存储过程 'up_SelProQulity'。
=====================================
=====================================
添加日期为:2020/12/16 18:14:44
日志内容为:找不到存储过程 'up_SelProQulity'。
=====================================
=====================================
添加日期为:2020/12/16 18:15:45
日志内容为:找不到存储过程 'up_SelProQulity'。
=====================================
=====================================
添加日期为:2020/12/16 18:16:56
日志内容为:在与 SQL Server 建立连接时出现与网络相关的或特定于实例的错误。未找到或无法访问服务器。请验证实例名称是否正确并且 SQL Server 已配置为允许远程连接。 (provider: Named Pipes Provider, error: 40 - 无法打开到 SQL Server 的连接)
=====================================
=====================================
添加日期为:2020/12/16 18:17:43
日志内容为:找不到存储过程 'up_SelProQulity'。
=====================================
=====================================
添加日期为:2020/12/16 18:18:43
日志内容为:找不到存储过程 'up_SelProQulity'。
=====================================
=====================================
添加日期为:2020/12/16 18:22:08
日志内容为:找不到存储过程 'up_SelProQulity'。
=====================================
=====================================
添加日期为:2020/12/16 18:23:07
日志内容为:找不到存储过程 'up_SelProQulity'。
=====================================
=====================================
添加日期为:2020/12/16 18:24:07
日志内容为:找不到存储过程 'up_SelProQulity'。
=====================================
=====================================
添加日期为:2020/12/16 18:25:07
日志内容为:找不到存储过程 'up_SelProQulity'。
=====================================
=====================================
添加日期为:2020/12/16 18:26:07
日志内容为:找不到存储过程 'up_SelProQulity'。
=====================================
=====================================
添加日期为:2020/12/16 18:27:07
日志内容为:找不到存储过程 'up_SelProQulity'。
=====================================
=====================================
添加日期为:2020/12/16 18:28:07
日志内容为:找不到存储过程 'up_SelProQulity'。
=====================================
