
**************************************************************************************************************------>2022/4/19 11:10:53
类型：Business 业务对象：UserToolsLogin 
说明：执行业务检查：1.*.用户不存在
***************************************************************************************************************
SQL:
select 1 from [TopsWMS_FRM].[dbo].[FRM_Developer] where s_UserNO = @:UserNO and n_state = 1
^^^^^^^^^^^^^^^^^^^^^^^^^^^^^^^^^^^^^^^^^^^^^^^^^^^^^^^^^^^^^^^^^^^^^^^^^^^^^^^^^^^^^^^^^^^^^^^^^^^^^^^^^^^^^^^
参数：
（0）ParameterName:"@UserNO" DbType:"AnsiString" Value:"heweijian"
（1）ParameterName:"@Operator" DbType:"AnsiString" Value:"null"
（2）ParameterName:"@Password" DbType:"AnsiString" Value:"F7D46DABEE7173DB"
（3）ParameterName:"@UserName" DbType:"AnsiString" Value:"null"
^^^^^^^^^^^^^^^^^^^^^^^^^^^^^^^^^^^^^^^^^^^^^^^^^^^^^^^^^^^^^^^^^^^^^^^^^^^^^^^^^^^^^^^^^^^^^^^^^^^^^^^^^^^^^^^
**************************************************************************************************************------>2022/4/19 11:10:53
类型：Business 业务对象：UserToolsLogin 
说明：执行业务检查：2.*.用户密码错误
***************************************************************************************************************
SQL:
select 1 from [TopsWMS_FRM].[dbo].[FRM_Developer] where s_UserNO = @UserNO and s_EncryptionCipher = @:Password and n_state = 1
^^^^^^^^^^^^^^^^^^^^^^^^^^^^^^^^^^^^^^^^^^^^^^^^^^^^^^^^^^^^^^^^^^^^^^^^^^^^^^^^^^^^^^^^^^^^^^^^^^^^^^^^^^^^^^^
参数：
（0）ParameterName:"@UserNO" DbType:"AnsiString" Value:"heweijian"
（1）ParameterName:"@Operator" DbType:"AnsiString" Value:""
（2）ParameterName:"@Password" DbType:"AnsiString" Value:"F7D46DABEE7173DB"
（3）ParameterName:"@UserName" DbType:"AnsiString" Value:""
^^^^^^^^^^^^^^^^^^^^^^^^^^^^^^^^^^^^^^^^^^^^^^^^^^^^^^^^^^^^^^^^^^^^^^^^^^^^^^^^^^^^^^^^^^^^^^^^^^^^^^^^^^^^^^^
**************************************************************************************************************------>2022/4/19 11:10:53
类型：Business 业务对象：UserToolsLogin 
说明：执行业务过程[1]：0.查询用户名
***************************************************************************************************************
SQL:
select UserName = s_UserName from [TopsWMS_FRM].[dbo].[FRM_Developer] where s_UserNO = @UserNO and n_state = 1
^^^^^^^^^^^^^^^^^^^^^^^^^^^^^^^^^^^^^^^^^^^^^^^^^^^^^^^^^^^^^^^^^^^^^^^^^^^^^^^^^^^^^^^^^^^^^^^^^^^^^^^^^^^^^^^
参数：
（0）ParameterName:"@UserNO" DbType:"AnsiString" Value:"heweijian"
（1）ParameterName:"@Operator" DbType:"AnsiString" Value:""
（2）ParameterName:"@Password" DbType:"AnsiString" Value:"F7D46DABEE7173DB"
（3）ParameterName:"@UserName" DbType:"AnsiString" Value:"null"
^^^^^^^^^^^^^^^^^^^^^^^^^^^^^^^^^^^^^^^^^^^^^^^^^^^^^^^^^^^^^^^^^^^^^^^^^^^^^^^^^^^^^^^^^^^^^^^^^^^^^^^^^^^^^^^